#
# A fatal error has been detected by the Java Runtime Environment:
#
#  EXCEPTION_ACCESS_VIOLATION (0xc0000005) at pc=0x00007ffd76eca904, pid=24604, tid=8836
#
# JRE version: OpenJDK Runtime Environment AdoptOpenJDK (14.0.2+12) (build 14.0.2+12)
# Java VM: OpenJDK 64-Bit Server VM AdoptOpenJDK (14.0.2+12, mixed mode, sharing, tiered, compressed oops, g1 gc, windows-amd64)
# Problematic frame:
# C  [ntdll.dll+0x1a904]
#
# No core dump will be written. Minidumps are not enabled by default on client versions of Windows
#
# If you would like to submit a bug report, please visit:
#   https://github.com/AdoptOpenJDK/openjdk-support/issues
#

---------------  S U M M A R Y ------------

Command Line: --module-path=C:\JavaJDK\javafx-sdk-15\lib --add-modules=javafx.controls,javafx.fxml,javafx.media --add-exports=javafx.graphics/com.sun.javafx.sg.prism=ALL-UNNAMED --add-modules=javafx.base,javafx.graphics --add-reads=javafx.base=ALL-UNNAMED --add-reads=javafx.graphics=ALL-UNNAMED -javaagent:C:\Program Files\JetBrains\IntelliJ IDEA 2020.2.1\lib\idea_rt.jar=62859:C:\Program Files\JetBrains\IntelliJ IDEA 2020.2.1\bin -Dfile.encoding=UTF-8 sample.Main

Host: Intel(R) Core(TM) i5-3470 CPU @ 3.20GHz, 4 cores, 7G,  Windows 10 , 64 bit Build 19041 (10.0.19041.292)
Time: Tue Sep 29 08:23:49 2020 GMT Summer Time elapsed time: 9 seconds (0d 0h 0m 9s)

---------------  T H R E A D  ---------------

Current thread (0x000001eb47bca000):  JavaThread "C2 CompilerThread1" daemon [_thread_in_native, id=8836, stack(0x00000090cd970000,0x00000090cda70000)]


Current CompileTask:
C2:   9866 3484   !   4       javafx.scene.CssStyleHelper::transitionToState (1021 bytes)

Stack: [0x00000090cd970000,0x00000090cda70000],  sp=0x00000090cda6b520,  free space=1005k
Native frames: (J=compiled Java code, j=interpreted, Vv=VM code, C=native code)
C  [ntdll.dll+0x1a904]
C  [ntdll.dll+0x173d4]
C  [ucrtbase.dll+0xf706]
V  [jvm.dll+0x5f0a2b]
V  [jvm.dll+0xad1b6]
V  [jvm.dll+0xad53c]
V  [jvm.dll+0x323d9e]
V  [jvm.dll+0x31f03e]
V  [jvm.dll+0x2e9548]
V  [jvm.dll+0x2e894a]
V  [jvm.dll+0x1e7bd6]
V  [jvm.dll+0x1e6e78]
V  [jvm.dll+0x179d0c]
V  [jvm.dll+0x1f5f55]
V  [jvm.dll+0x1f413b]
V  [jvm.dll+0x75c3ad]
V  [jvm.dll+0x7551ba]
V  [jvm.dll+0x5fc4d6]
C  [ucrtbase.dll+0x214c2]
C  [KERNEL32.DLL+0x16fd4]
C  [ntdll.dll+0x4cec1]


siginfo: EXCEPTION_ACCESS_VIOLATION (0xc0000005), reading address 0xffffffffffffffff


Register to memory mapping:

RIP=0x00007ffd76eca904 ntdll.dll
RAX=0x000001eb4e898c20 points into unknown readable memory: 00 00 00 00 00 00 00 00
RBX=0x000001eb1bd70000 points into unknown readable memory: 00 00 00 00 00 00 00 00
RCX=0xc7fa94fac81cf871 is an unknown value
RDX=0x000000000000003b is an unknown value
RSP=0x00000090cda6b520 is pointing into the stack for thread: 0x000001eb47bca000
RBP=0x00000090cda6b829 is pointing into the stack for thread: 0x000001eb47bca000
RSI=0x000001eb4e898c10 points into unknown readable memory: 00 00 00 00 00 00 00 00
RDI=0x000000000000003d is an unknown value
R8 =0x000001eb1bd70324 points into unknown readable memory: ff 6b 00 e4
R9 =0x0000000000000003 is an unknown value
R10=0x0 is NULL
R11=0x00000090cda6b401 is pointing into the stack for thread: 0x000001eb47bca000
R12=0x000001eb47e863e0 points into unknown readable memory: 00 c0 95 c4 00 00 37 43
R13=0x000001eb1bd702e8 points into unknown readable memory: a0 47 d7 1b eb 01 00 00
R14=0x000000000000001b is an unknown value
R15=0x000001eb4e890c20 points into unknown readable memory: 00 00 00 00 00 00 00 00


Registers:
RAX=0x000001eb4e898c20, RBX=0x000001eb1bd70000, RCX=0xc7fa94fac81cf871, RDX=0x000000000000003b
RSP=0x00000090cda6b520, RBP=0x00000090cda6b829, RSI=0x000001eb4e898c10, RDI=0x000000000000003d
R8 =0x000001eb1bd70324, R9 =0x0000000000000003, R10=0x0000000000000000, R11=0x00000090cda6b401
R12=0x000001eb47e863e0, R13=0x000001eb1bd702e8, R14=0x000000000000001b, R15=0x000001eb4e890c20
RIP=0x00007ffd76eca904, EFLAGS=0x0000000000010293

Top of Stack: (sp=0x00000090cda6b520)
0x00000090cda6b520:   000001eb1bd70000 00000090cda6b829
0x00000090cda6b530:   000001eb3d8bfdd0 000001eb1bd70150
0x00000090cda6b540:   000001eb000003ff 000000000000083a
0x00000090cda6b550:   000001eb1bd70001 000000000000003b
0x00000090cda6b560:   000001eb1bd70000 0000000000000000
0x00000090cda6b570:   0000000000000000 0000000000000001
0x00000090cda6b580:   000001eb4e890c20 00000000000331f1
0x00000090cda6b590:   000000000000003b 000001eb0000003d
0x00000090cda6b5a0:   000001eb1bd70150 0000000000000001
0x00000090cda6b5b0:   0000000000000008 00000000000003ff
0x00000090cda6b5c0:   000001eb4e890c20 00000000c7008542
0x00000090cda6b5d0:   000000000000003b 000001eb1bd70150
0x00000090cda6b5e0:   0000000000000000 00000000000003ff
0x00000090cda6b5f0:   000001eb48769eb0 00000000000003ff
0x00000090cda6b600:   000001eb1bd70150 0000000000000038
0x00000090cda6b610:   000001eb47954498 000001eb1bd70150 

Instructions: (pc=0x00007ffd76eca904)
0x00007ffd76eca804:   84 d2 74 10 0f b6 c1 48 8d 0d de a4 10 00 0f b6
0x00007ffd76eca814:   0c 08 eb 48 48 c1 e9 08 0f b6 c1 48 8d 0d ca a4
0x00007ffd76eca824:   10 00 0f b6 0c 08 83 c1 08 eb 31 f7 c2 00 00 ff
0x00007ffd76eca834:   00 74 17 48 c1 e9 10 0f b6 c1 48 8d 0d ab a4 10
0x00007ffd76eca844:   00 0f b6 0c 08 83 c1 10 eb 12 48 c1 e9 18 48 8d
0x00007ffd76eca854:   05 97 a4 10 00 0f b6 0c 01 83 c1 18 c1 e7 05 03
0x00007ffd76eca864:   f9 89 7c 24 78 41 83 7d 0c 00 74 02 03 ff 49 8b
0x00007ffd76eca874:   45 30 4c 8b 24 f8 4d 85 e4 74 0e 48 8b 54 24 38
0x00007ffd76eca884:   48 8d 83 50 01 00 00 eb 23 4d 8b 6d 00 45 8b 75
0x00007ffd76eca894:   18 4c 89 b4 24 b0 00 00 00 45 33 d2 e9 30 fd ff
0x00007ffd76eca8a4:   ff 4c 8b e8 e9 f9 fc ff ff 4c 8b 20 49 3b c4 74
0x00007ffd76eca8b4:   46 83 7b 7c 00 74 25 41 8b 4c 24 f8 89 8c 24 80
0x00007ffd76eca8c4:   01 00 00 85 4b 7c 74 1a 8b 83 88 00 00 00 33 c1
0x00007ffd76eca8d4:   89 84 24 80 01 00 00 0f b7 c8 eb 06 41 0f b7 4c
0x00007ffd76eca8e4:   24 f8 0f b7 c1 48 3b d0 76 0d 4d 8b 24 24 48 8d
0x00007ffd76eca8f4:   83 50 01 00 00 eb b5 48 8d 46 10 49 8b 4c 24 08
0x00007ffd76eca904:   48 8b 11 49 3b d4 75 11 4c 89 20 48 89 48 08 48
0x00007ffd76eca914:   89 01 49 89 44 24 08 eb 1e 48 c7 44 24 28 00 00
0x00007ffd76eca924:   00 00 48 89 54 24 20 45 33 c9 4d 8b c4 33 d2 8d
0x00007ffd76eca934:   4a 0d e8 71 2e 0f 00 0f b7 46 08 48 01 83 c0 00
0x00007ffd76eca944:   00 00 48 8b bb 38 01 00 00 48 85 ff 0f 84 21 01
0x00007ffd76eca954:   00 00 44 0f b7 66 08 0f 1f 44 00 00 8b 4f 08 4c
0x00007ffd76eca964:   3b e1 73 0d 4c 89 a4 24 28 01 00 00 41 8b cc eb
0x00007ffd76eca974:   18 48 8b 07 48 85 c0 0f 85 1b 01 00 00 ff c9 8b
0x00007ffd76eca984:   c1 48 89 84 24 28 01 00 00 4c 89 a4 24 e8 00 00
0x00007ffd76eca994:   00 44 8b e9 44 2b 6f 18 ff 47 10 46 8d 0c 6d 00
0x00007ffd76eca9a4:   00 00 00 83 7f 0c 00 45 0f 44 cd 4c 89 8c 24 90
0x00007ffd76eca9b4:   00 00 00 48 8b 47 30 4a 8b 14 c8 48 89 54 24 70
0x00007ffd76eca9c4:   8b 47 08 ff c8 3b c8 75 03 ff 47 14 48 85 d2 74
0x00007ffd76eca9d4:   73 4c 8d 42 f0 45 8b 70 08 44 89 b4 24 08 02 00
0x00007ffd76eca9e4:   00 83 7b 7c 00 74 51 8b 83 88 00 00 00 41 33 c6
0x00007ffd76eca9f4:   44 8b f0 89 84 24 08 02 00 00 8b c8 c1 e9 10 c1 


Stack slot to memory mapping:
stack at sp + 0 slots: 0x000001eb1bd70000 points into unknown readable memory: 00 00 00 00 00 00 00 00
stack at sp + 1 slots: 0x00000090cda6b829 is pointing into the stack for thread: 0x000001eb47bca000
stack at sp + 2 slots: 0x000001eb3d8bfdd0 points into unknown readable memory: c0 0f 8a 4e eb 01 00 00
stack at sp + 3 slots: 0x000001eb1bd70150 points into unknown readable memory: 30 60 e8 47 eb 01 00 00
stack at sp + 4 slots: 0x000001eb000003ff is an unknown value
stack at sp + 5 slots: 0x000000000000083a is an unknown value
stack at sp + 6 slots: 0x000001eb1bd70001 points into unknown readable memory: 00 00 00 00 00 00 00
stack at sp + 7 slots: 0x000000000000003b is an unknown value


---------------  P R O C E S S  ---------------

Threads class SMR info:
_java_thread_list=0x000001eb3ee85f80, length=23, elements={
0x000001eb1de50800, 0x000001eb3c969000, 0x000001eb3c96a000, 0x000001eb3c981000,
0x000001eb3c984000, 0x000001eb3c986000, 0x000001eb3c98a800, 0x000001eb3c98d800,
0x000001eb3d2f8800, 0x000001eb3d385800, 0x000001eb3df54800, 0x000001eb3de2c800,
0x000001eb3de2e800, 0x000001eb3de2e000, 0x000001eb3de2a000, 0x000001eb3de2d000,
0x000001eb3de29000, 0x000001eb3de2f800, 0x000001eb3de2a800, 0x000001eb3de2b800,
0x000001eb3d4e3000, 0x000001eb3d4df000, 0x000001eb47bca000
}

Java Threads: ( => current thread )
  0x000001eb1de50800 JavaThread "main" [_thread_blocked, id=10252, stack(0x00000090ca000000,0x00000090ca100000)]
  0x000001eb3c969000 JavaThread "Reference Handler" daemon [_thread_blocked, id=5928, stack(0x00000090ca700000,0x00000090ca800000)]
  0x000001eb3c96a000 JavaThread "Finalizer" daemon [_thread_blocked, id=6116, stack(0x00000090ca800000,0x00000090ca900000)]
  0x000001eb3c981000 JavaThread "Signal Dispatcher" daemon [_thread_blocked, id=19572, stack(0x00000090ca900000,0x00000090caa00000)]
  0x000001eb3c984000 JavaThread "Attach Listener" daemon [_thread_blocked, id=20796, stack(0x00000090caa00000,0x00000090cab00000)]
  0x000001eb3c986000 JavaThread "Service Thread" daemon [_thread_blocked, id=23384, stack(0x00000090cab00000,0x00000090cac00000)]
  0x000001eb3c98a800 JavaThread "C2 CompilerThread0" daemon [_thread_in_native, id=3896, stack(0x00000090cac00000,0x00000090cad00000)]
  0x000001eb3c98d800 JavaThread "C1 CompilerThread0" daemon [_thread_in_native, id=24828, stack(0x00000090cad00000,0x00000090cae00000)]
  0x000001eb3d2f8800 JavaThread "Sweeper thread" daemon [_thread_blocked, id=2236, stack(0x00000090cae00000,0x00000090caf00000)]
  0x000001eb3d385800 JavaThread "Common-Cleaner" daemon [_thread_blocked, id=2380, stack(0x00000090caf00000,0x00000090cb000000)]
  0x000001eb3df54800 JavaThread "Monitor Ctrl-Break" daemon [_thread_in_native, id=18652, stack(0x00000090cb100000,0x00000090cb200000)]
  0x000001eb3de2c800 JavaThread "Notification Thread" daemon [_thread_blocked, id=24648, stack(0x00000090cb200000,0x00000090cb300000)]
  0x000001eb3de2e800 JavaThread "QuantumRenderer-0" daemon [_thread_blocked, id=13960, stack(0x00000090cb400000,0x00000090cb500000)]
  0x000001eb3de2e000 JavaThread "InvokeLaterDispatcher" daemon [_thread_blocked, id=716, stack(0x00000090cb600000,0x00000090cb700000)]
  0x000001eb3de2a000 JavaThread "JavaFX Application Thread" [_thread_in_vm, id=15288, stack(0x00000090cb700000,0x00000090cb800000)]
  0x000001eb3de2d000 JavaThread "JavaFX-Launcher" [_thread_blocked, id=14640, stack(0x00000090cbc00000,0x00000090cbd00000)]
  0x000001eb3de29000 JavaThread "Thread-2" daemon [_thread_in_native, id=20840, stack(0x00000090cb000000,0x00000090cb100000)]
  0x000001eb3de2f800 JavaThread "Prism Font Disposer" daemon [_thread_blocked, id=14928, stack(0x00000090cc000000,0x00000090cc100000)]
  0x000001eb3de2a800 JavaThread "Cleaner-0" daemon [_thread_blocked, id=14292, stack(0x00000090cc220000,0x00000090cc320000)]
  0x000001eb3de2b800 JavaThread "JFXMedia Player EventQueueThread" daemon [_thread_blocked, id=21900, stack(0x00000090cc100000,0x00000090cc200000)]
  0x000001eb3d4e3000 JavaThread "Media Resource Disposer" daemon [_thread_blocked, id=8724, stack(0x00000090cd430000,0x00000090cd530000)]
  0x000001eb3d4df000 JavaThread "Timer-0" daemon [_thread_blocked, id=19580, stack(0x00000090cd730000,0x00000090cd830000)]
=>0x000001eb47bca000 JavaThread "C2 CompilerThread1" daemon [_thread_in_native, id=8836, stack(0x00000090cd970000,0x00000090cda70000)]

Other Threads:
  0x000001eb3c961000 VMThread "VM Thread" [stack: 0x00000090ca600000,0x00000090ca700000] [id=15968]
  0x000001eb3e035000 WatcherThread [stack: 0x00000090cb300000,0x00000090cb400000] [id=3368]
  0x000001eb1de92000 GCTaskThread "GC Thread#0" [stack: 0x00000090ca100000,0x00000090ca200000] [id=15056]
  0x000001eb3e064000 GCTaskThread "GC Thread#1" [stack: 0x00000090cb800000,0x00000090cb900000] [id=11884]
  0x000001eb3e065000 GCTaskThread "GC Thread#2" [stack: 0x00000090cb900000,0x00000090cba00000] [id=22088]
  0x000001eb3dc17000 GCTaskThread "GC Thread#3" [stack: 0x00000090cba00000,0x00000090cbb00000] [id=14844]
  0x000001eb1dea3800 ConcurrentGCThread "G1 Main Marker" [stack: 0x00000090ca200000,0x00000090ca300000] [id=5772]
  0x000001eb1dea6000 ConcurrentGCThread "G1 Conc#0" [stack: 0x00000090ca300000,0x00000090ca400000] [id=3956]
  0x000001eb3c7e0800 ConcurrentGCThread "G1 Refine#0" [stack: 0x00000090ca400000,0x00000090ca500000] [id=12780]
  0x000001eb3c7e1800 ConcurrentGCThread "G1 Young RemSet Sampling" [stack: 0x00000090ca500000,0x00000090ca600000] [id=20336]

Threads with active compile tasks:
C2 CompilerThread0    10178 3909       4       javafx.collections.ListChangeBuilder::commit (516 bytes)
C1 CompilerThread0    10178 3913       3       javafx.scene.control.skin.LabeledSkinBase::layoutLabelInArea (1664 bytes)
C2 CompilerThread1    10178 3484   !   4       javafx.scene.CssStyleHelper::transitionToState (1021 bytes)

VM state:not at safepoint (normal execution)

VM Mutex/Monitor currently owned by a thread: None

Heap address: 0x0000000080a00000, size: 2038 MB, Compressed Oops mode: 32-bit
Narrow klass base: 0x0000000800000000, Narrow klass shift: 3
Compressed class space size: 1073741824 Address: 0x0000000800b30000

Heap:
 garbage-first heap   total 131072K, used 41086K [0x0000000080a00000, 0x0000000100000000)
  region size 1024K, 36 young (36864K), 8 survivors (8192K)
 Metaspace       used 20127K, capacity 21022K, committed 21248K, reserved 1067008K
  class space    used 2915K, capacity 3249K, committed 3328K, reserved 1048576K
Heap Regions: E=young(eden), S=young(survivor), O=old, HS=humongous(starts), HC=humongous(continues), CS=collection set, F=free, OA=open archive, CA=closed archive, TAMS=top-at-mark-start (previous, next)
|   0|0x0000000080a00000, 0x0000000080b00000, 0x0000000080b00000|100%| O|  |TAMS 0x0000000080a00000, 0x0000000080a00000| Untracked 
|   1|0x0000000080b00000, 0x0000000080c00000, 0x0000000080c00000|100%| O|  |TAMS 0x0000000080b00000, 0x0000000080b00000| Untracked 
|   2|0x0000000080c00000, 0x0000000080c5ea00, 0x0000000080d00000| 36%| O|  |TAMS 0x0000000080c00000, 0x0000000080c00000| Untracked 
|   3|0x0000000080d00000, 0x0000000080e00000, 0x0000000080e00000|100%|HS|  |TAMS 0x0000000080d00000, 0x0000000080d00000| Complete 
|   4|0x0000000080e00000, 0x0000000080f00000, 0x0000000080f00000|100%|HC|  |TAMS 0x0000000080e00000, 0x0000000080e00000| Complete 
|   5|0x0000000080f00000, 0x0000000081000000, 0x0000000081000000|100%|HS|  |TAMS 0x0000000080f00000, 0x0000000080f00000| Complete 
|   6|0x0000000081000000, 0x0000000081000000, 0x0000000081100000|  0%| F|  |TAMS 0x0000000081000000, 0x0000000081000000| Untracked 
|   7|0x0000000081100000, 0x0000000081100000, 0x0000000081200000|  0%| F|  |TAMS 0x0000000081100000, 0x0000000081100000| Untracked 
|   8|0x0000000081200000, 0x0000000081200000, 0x0000000081300000|  0%| F|  |TAMS 0x0000000081200000, 0x0000000081200000| Untracked 
|   9|0x0000000081300000, 0x0000000081300000, 0x0000000081400000|  0%| F|  |TAMS 0x0000000081300000, 0x0000000081300000| Untracked 
|  10|0x0000000081400000, 0x0000000081400000, 0x0000000081500000|  0%| F|  |TAMS 0x0000000081400000, 0x0000000081400000| Untracked 
|  11|0x0000000081500000, 0x0000000081500000, 0x0000000081600000|  0%| F|  |TAMS 0x0000000081500000, 0x0000000081500000| Untracked 
|  12|0x0000000081600000, 0x0000000081600000, 0x0000000081700000|  0%| F|  |TAMS 0x0000000081600000, 0x0000000081600000| Untracked 
|  13|0x0000000081700000, 0x0000000081700000, 0x0000000081800000|  0%| F|  |TAMS 0x0000000081700000, 0x0000000081700000| Untracked 
|  14|0x0000000081800000, 0x0000000081800000, 0x0000000081900000|  0%| F|  |TAMS 0x0000000081800000, 0x0000000081800000| Untracked 
|  15|0x0000000081900000, 0x0000000081900000, 0x0000000081a00000|  0%| F|  |TAMS 0x0000000081900000, 0x0000000081900000| Untracked 
|  16|0x0000000081a00000, 0x0000000081a00000, 0x0000000081b00000|  0%| F|  |TAMS 0x0000000081a00000, 0x0000000081a00000| Untracked 
|  17|0x0000000081b00000, 0x0000000081b00000, 0x0000000081c00000|  0%| F|  |TAMS 0x0000000081b00000, 0x0000000081b00000| Untracked 
|  18|0x0000000081c00000, 0x0000000081c00000, 0x0000000081d00000|  0%| F|  |TAMS 0x0000000081c00000, 0x0000000081c00000| Untracked 
|  19|0x0000000081d00000, 0x0000000081d00000, 0x0000000081e00000|  0%| F|  |TAMS 0x0000000081d00000, 0x0000000081d00000| Untracked 
|  20|0x0000000081e00000, 0x0000000081e00000, 0x0000000081f00000|  0%| F|  |TAMS 0x0000000081e00000, 0x0000000081e00000| Untracked 
|  21|0x0000000081f00000, 0x0000000081f00000, 0x0000000082000000|  0%| F|  |TAMS 0x0000000081f00000, 0x0000000081f00000| Untracked 
|  22|0x0000000082000000, 0x0000000082000000, 0x0000000082100000|  0%| F|  |TAMS 0x0000000082000000, 0x0000000082000000| Untracked 
|  23|0x0000000082100000, 0x0000000082100000, 0x0000000082200000|  0%| F|  |TAMS 0x0000000082100000, 0x0000000082100000| Untracked 
|  24|0x0000000082200000, 0x0000000082200000, 0x0000000082300000|  0%| F|  |TAMS 0x0000000082200000, 0x0000000082200000| Untracked 
|  25|0x0000000082300000, 0x0000000082300000, 0x0000000082400000|  0%| F|  |TAMS 0x0000000082300000, 0x0000000082300000| Untracked 
|  26|0x0000000082400000, 0x0000000082400000, 0x0000000082500000|  0%| F|  |TAMS 0x0000000082400000, 0x0000000082400000| Untracked 
|  27|0x0000000082500000, 0x0000000082500000, 0x0000000082600000|  0%| F|  |TAMS 0x0000000082500000, 0x0000000082500000| Untracked 
|  28|0x0000000082600000, 0x0000000082600000, 0x0000000082700000|  0%| F|  |TAMS 0x0000000082600000, 0x0000000082600000| Untracked 
|  29|0x0000000082700000, 0x0000000082700000, 0x0000000082800000|  0%| F|  |TAMS 0x0000000082700000, 0x0000000082700000| Untracked 
|  30|0x0000000082800000, 0x0000000082800000, 0x0000000082900000|  0%| F|  |TAMS 0x0000000082800000, 0x0000000082800000| Untracked 
|  31|0x0000000082900000, 0x0000000082900000, 0x0000000082a00000|  0%| F|  |TAMS 0x0000000082900000, 0x0000000082900000| Untracked 
|  32|0x0000000082a00000, 0x0000000082a00000, 0x0000000082b00000|  0%| F|  |TAMS 0x0000000082a00000, 0x0000000082a00000| Untracked 
|  33|0x0000000082b00000, 0x0000000082b00000, 0x0000000082c00000|  0%| F|  |TAMS 0x0000000082b00000, 0x0000000082b00000| Untracked 
|  34|0x0000000082c00000, 0x0000000082c00000, 0x0000000082d00000|  0%| F|  |TAMS 0x0000000082c00000, 0x0000000082c00000| Untracked 
|  35|0x0000000082d00000, 0x0000000082d00000, 0x0000000082e00000|  0%| F|  |TAMS 0x0000000082d00000, 0x0000000082d00000| Untracked 
|  36|0x0000000082e00000, 0x0000000082e00000, 0x0000000082f00000|  0%| F|  |TAMS 0x0000000082e00000, 0x0000000082e00000| Untracked 
|  37|0x0000000082f00000, 0x0000000082f00000, 0x0000000083000000|  0%| F|  |TAMS 0x0000000082f00000, 0x0000000082f00000| Untracked 
|  38|0x0000000083000000, 0x0000000083000000, 0x0000000083100000|  0%| F|  |TAMS 0x0000000083000000, 0x0000000083000000| Untracked 
|  39|0x0000000083100000, 0x0000000083100000, 0x0000000083200000|  0%| F|  |TAMS 0x0000000083100000, 0x0000000083100000| Untracked 
|  40|0x0000000083200000, 0x0000000083200000, 0x0000000083300000|  0%| F|  |TAMS 0x0000000083200000, 0x0000000083200000| Untracked 
|  41|0x0000000083300000, 0x0000000083300000, 0x0000000083400000|  0%| F|  |TAMS 0x0000000083300000, 0x0000000083300000| Untracked 
|  42|0x0000000083400000, 0x0000000083400000, 0x0000000083500000|  0%| F|  |TAMS 0x0000000083400000, 0x0000000083400000| Untracked 
|  43|0x0000000083500000, 0x0000000083500000, 0x0000000083600000|  0%| F|  |TAMS 0x0000000083500000, 0x0000000083500000| Untracked 
|  44|0x0000000083600000, 0x00000000836c1000, 0x0000000083700000| 75%| S|CS|TAMS 0x0000000083600000, 0x0000000083600000| Complete 
|  45|0x0000000083700000, 0x0000000083800000, 0x0000000083800000|100%| S|CS|TAMS 0x0000000083700000, 0x0000000083700000| Complete 
|  46|0x0000000083800000, 0x0000000083900000, 0x0000000083900000|100%| S|CS|TAMS 0x0000000083800000, 0x0000000083800000| Complete 
|  47|0x0000000083900000, 0x0000000083a00000, 0x0000000083a00000|100%| S|CS|TAMS 0x0000000083900000, 0x0000000083900000| Complete 
|  48|0x0000000083a00000, 0x0000000083b00000, 0x0000000083b00000|100%| S|CS|TAMS 0x0000000083a00000, 0x0000000083a00000| Complete 
|  49|0x0000000083b00000, 0x0000000083c00000, 0x0000000083c00000|100%| S|CS|TAMS 0x0000000083b00000, 0x0000000083b00000| Complete 
|  50|0x0000000083c00000, 0x0000000083d00000, 0x0000000083d00000|100%| S|CS|TAMS 0x0000000083c00000, 0x0000000083c00000| Complete 
|  51|0x0000000083d00000, 0x0000000083e00000, 0x0000000083e00000|100%| S|CS|TAMS 0x0000000083d00000, 0x0000000083d00000| Complete 
|  52|0x0000000083e00000, 0x0000000083e00000, 0x0000000083f00000|  0%| F|  |TAMS 0x0000000083e00000, 0x0000000083e00000| Untracked 
|  53|0x0000000083f00000, 0x0000000083f00000, 0x0000000084000000|  0%| F|  |TAMS 0x0000000083f00000, 0x0000000083f00000| Untracked 
|  54|0x0000000084000000, 0x0000000084000000, 0x0000000084100000|  0%| F|  |TAMS 0x0000000084000000, 0x0000000084000000| Untracked 
|  55|0x0000000084100000, 0x0000000084100000, 0x0000000084200000|  0%| F|  |TAMS 0x0000000084100000, 0x0000000084100000| Untracked 
|  56|0x0000000084200000, 0x0000000084200000, 0x0000000084300000|  0%| F|  |TAMS 0x0000000084200000, 0x0000000084200000| Untracked 
|  57|0x0000000084300000, 0x0000000084300000, 0x0000000084400000|  0%| F|  |TAMS 0x0000000084300000, 0x0000000084300000| Untracked 
|  58|0x0000000084400000, 0x0000000084400000, 0x0000000084500000|  0%| F|  |TAMS 0x0000000084400000, 0x0000000084400000| Untracked 
|  59|0x0000000084500000, 0x0000000084500000, 0x0000000084600000|  0%| F|  |TAMS 0x0000000084500000, 0x0000000084500000| Untracked 
|  60|0x0000000084600000, 0x0000000084600000, 0x0000000084700000|  0%| F|  |TAMS 0x0000000084600000, 0x0000000084600000| Untracked 
|  61|0x0000000084700000, 0x0000000084700000, 0x0000000084800000|  0%| F|  |TAMS 0x0000000084700000, 0x0000000084700000| Untracked 
|  62|0x0000000084800000, 0x0000000084800000, 0x0000000084900000|  0%| F|  |TAMS 0x0000000084800000, 0x0000000084800000| Untracked 
|  63|0x0000000084900000, 0x0000000084900000, 0x0000000084a00000|  0%| F|  |TAMS 0x0000000084900000, 0x0000000084900000| Untracked 
|  64|0x0000000084a00000, 0x0000000084a00000, 0x0000000084b00000|  0%| F|  |TAMS 0x0000000084a00000, 0x0000000084a00000| Untracked 
|  65|0x0000000084b00000, 0x0000000084b00000, 0x0000000084c00000|  0%| F|  |TAMS 0x0000000084b00000, 0x0000000084b00000| Untracked 
|  66|0x0000000084c00000, 0x0000000084c00000, 0x0000000084d00000|  0%| F|  |TAMS 0x0000000084c00000, 0x0000000084c00000| Untracked 
|  67|0x0000000084d00000, 0x0000000084d00000, 0x0000000084e00000|  0%| F|  |TAMS 0x0000000084d00000, 0x0000000084d00000| Untracked 
|  68|0x0000000084e00000, 0x0000000084e00000, 0x0000000084f00000|  0%| F|  |TAMS 0x0000000084e00000, 0x0000000084e00000| Untracked 
|  69|0x0000000084f00000, 0x0000000084f00000, 0x0000000085000000|  0%| F|  |TAMS 0x0000000084f00000, 0x0000000084f00000| Untracked 
|  70|0x0000000085000000, 0x0000000085000000, 0x0000000085100000|  0%| F|  |TAMS 0x0000000085000000, 0x0000000085000000| Untracked 
|  71|0x0000000085100000, 0x0000000085100000, 0x0000000085200000|  0%| F|  |TAMS 0x0000000085100000, 0x0000000085100000| Untracked 
|  72|0x0000000085200000, 0x0000000085200000, 0x0000000085300000|  0%| F|  |TAMS 0x0000000085200000, 0x0000000085200000| Untracked 
|  73|0x0000000085300000, 0x0000000085300000, 0x0000000085400000|  0%| F|  |TAMS 0x0000000085300000, 0x0000000085300000| Untracked 
|  74|0x0000000085400000, 0x0000000085400000, 0x0000000085500000|  0%| F|  |TAMS 0x0000000085400000, 0x0000000085400000| Untracked 
|  75|0x0000000085500000, 0x0000000085500000, 0x0000000085600000|  0%| F|  |TAMS 0x0000000085500000, 0x0000000085500000| Untracked 
|  76|0x0000000085600000, 0x0000000085600000, 0x0000000085700000|  0%| F|  |TAMS 0x0000000085600000, 0x0000000085600000| Untracked 
|  77|0x0000000085700000, 0x0000000085700000, 0x0000000085800000|  0%| F|  |TAMS 0x0000000085700000, 0x0000000085700000| Untracked 
|  78|0x0000000085800000, 0x0000000085800000, 0x0000000085900000|  0%| F|  |TAMS 0x0000000085800000, 0x0000000085800000| Untracked 
|  79|0x0000000085900000, 0x0000000085900000, 0x0000000085a00000|  0%| F|  |TAMS 0x0000000085900000, 0x0000000085900000| Untracked 
|  80|0x0000000085a00000, 0x0000000085a00000, 0x0000000085b00000|  0%| F|  |TAMS 0x0000000085a00000, 0x0000000085a00000| Untracked 
|  81|0x0000000085b00000, 0x0000000085b00000, 0x0000000085c00000|  0%| F|  |TAMS 0x0000000085b00000, 0x0000000085b00000| Untracked 
|  82|0x0000000085c00000, 0x0000000085c00000, 0x0000000085d00000|  0%| F|  |TAMS 0x0000000085c00000, 0x0000000085c00000| Untracked 
|  83|0x0000000085d00000, 0x0000000085d00000, 0x0000000085e00000|  0%| F|  |TAMS 0x0000000085d00000, 0x0000000085d00000| Untracked 
|  84|0x0000000085e00000, 0x0000000085e00000, 0x0000000085f00000|  0%| F|  |TAMS 0x0000000085e00000, 0x0000000085e00000| Untracked 
|  85|0x0000000085f00000, 0x0000000085f00000, 0x0000000086000000|  0%| F|  |TAMS 0x0000000085f00000, 0x0000000085f00000| Untracked 
|  86|0x0000000086000000, 0x0000000086000000, 0x0000000086100000|  0%| F|  |TAMS 0x0000000086000000, 0x0000000086000000| Untracked 
|  87|0x0000000086100000, 0x0000000086100000, 0x0000000086200000|  0%| F|  |TAMS 0x0000000086100000, 0x0000000086100000| Untracked 
|  88|0x0000000086200000, 0x0000000086200000, 0x0000000086300000|  0%| F|  |TAMS 0x0000000086200000, 0x0000000086200000| Untracked 
|  89|0x0000000086300000, 0x0000000086300000, 0x0000000086400000|  0%| F|  |TAMS 0x0000000086300000, 0x0000000086300000| Untracked 
|  90|0x0000000086400000, 0x0000000086400000, 0x0000000086500000|  0%| F|  |TAMS 0x0000000086400000, 0x0000000086400000| Untracked 
|  91|0x0000000086500000, 0x0000000086500000, 0x0000000086600000|  0%| F|  |TAMS 0x0000000086500000, 0x0000000086500000| Untracked 
|  92|0x0000000086600000, 0x0000000086600000, 0x0000000086700000|  0%| F|  |TAMS 0x0000000086600000, 0x0000000086600000| Untracked 
|  93|0x0000000086700000, 0x0000000086700000, 0x0000000086800000|  0%| F|  |TAMS 0x0000000086700000, 0x0000000086700000| Untracked 
|  94|0x0000000086800000, 0x0000000086800000, 0x0000000086900000|  0%| F|  |TAMS 0x0000000086800000, 0x0000000086800000| Untracked 
|  95|0x0000000086900000, 0x0000000086900000, 0x0000000086a00000|  0%| F|  |TAMS 0x0000000086900000, 0x0000000086900000| Untracked 
|  96|0x0000000086a00000, 0x0000000086a00000, 0x0000000086b00000|  0%| F|  |TAMS 0x0000000086a00000, 0x0000000086a00000| Untracked 
|  97|0x0000000086b00000, 0x0000000086b00000, 0x0000000086c00000|  0%| F|  |TAMS 0x0000000086b00000, 0x0000000086b00000| Untracked 
|  98|0x0000000086c00000, 0x0000000086c00000, 0x0000000086d00000|  0%| F|  |TAMS 0x0000000086c00000, 0x0000000086c00000| Untracked 
|  99|0x0000000086d00000, 0x0000000086d00000, 0x0000000086e00000|  0%| F|  |TAMS 0x0000000086d00000, 0x0000000086d00000| Untracked 
| 100|0x0000000086e00000, 0x0000000086eba9d8, 0x0000000086f00000| 72%| E|  |TAMS 0x0000000086e00000, 0x0000000086e00000| Complete 
| 101|0x0000000086f00000, 0x0000000087000000, 0x0000000087000000|100%| E|CS|TAMS 0x0000000086f00000, 0x0000000086f00000| Complete 
| 102|0x0000000087000000, 0x0000000087100000, 0x0000000087100000|100%| E|CS|TAMS 0x0000000087000000, 0x0000000087000000| Complete 
| 103|0x0000000087100000, 0x0000000087200000, 0x0000000087200000|100%| E|CS|TAMS 0x0000000087100000, 0x0000000087100000| Complete 
| 104|0x0000000087200000, 0x0000000087300000, 0x0000000087300000|100%| E|CS|TAMS 0x0000000087200000, 0x0000000087200000| Complete 
| 105|0x0000000087300000, 0x0000000087400000, 0x0000000087400000|100%| E|CS|TAMS 0x0000000087300000, 0x0000000087300000| Complete 
| 106|0x0000000087400000, 0x0000000087500000, 0x0000000087500000|100%| E|CS|TAMS 0x0000000087400000, 0x0000000087400000| Complete 
| 107|0x0000000087500000, 0x0000000087600000, 0x0000000087600000|100%| E|CS|TAMS 0x0000000087500000, 0x0000000087500000| Complete 
| 108|0x0000000087600000, 0x0000000087700000, 0x0000000087700000|100%| E|CS|TAMS 0x0000000087600000, 0x0000000087600000| Complete 
| 109|0x0000000087700000, 0x0000000087800000, 0x0000000087800000|100%| E|CS|TAMS 0x0000000087700000, 0x0000000087700000| Complete 
| 110|0x0000000087800000, 0x0000000087900000, 0x0000000087900000|100%| E|CS|TAMS 0x0000000087800000, 0x0000000087800000| Complete 
| 111|0x0000000087900000, 0x0000000087a00000, 0x0000000087a00000|100%| E|CS|TAMS 0x0000000087900000, 0x0000000087900000| Complete 
| 112|0x0000000087a00000, 0x0000000087b00000, 0x0000000087b00000|100%| E|CS|TAMS 0x0000000087a00000, 0x0000000087a00000| Complete 
| 113|0x0000000087b00000, 0x0000000087c00000, 0x0000000087c00000|100%| E|CS|TAMS 0x0000000087b00000, 0x0000000087b00000| Complete 
| 114|0x0000000087c00000, 0x0000000087d00000, 0x0000000087d00000|100%| E|CS|TAMS 0x0000000087c00000, 0x0000000087c00000| Complete 
| 115|0x0000000087d00000, 0x0000000087e00000, 0x0000000087e00000|100%| E|CS|TAMS 0x0000000087d00000, 0x0000000087d00000| Complete 
| 116|0x0000000087e00000, 0x0000000087f00000, 0x0000000087f00000|100%| E|CS|TAMS 0x0000000087e00000, 0x0000000087e00000| Complete 
| 117|0x0000000087f00000, 0x0000000088000000, 0x0000000088000000|100%| E|CS|TAMS 0x0000000087f00000, 0x0000000087f00000| Complete 
| 118|0x0000000088000000, 0x0000000088100000, 0x0000000088100000|100%| E|CS|TAMS 0x0000000088000000, 0x0000000088000000| Complete 
| 119|0x0000000088100000, 0x0000000088200000, 0x0000000088200000|100%| E|CS|TAMS 0x0000000088100000, 0x0000000088100000| Complete 
| 120|0x0000000088200000, 0x0000000088300000, 0x0000000088300000|100%| E|CS|TAMS 0x0000000088200000, 0x0000000088200000| Complete 
| 121|0x0000000088300000, 0x0000000088400000, 0x0000000088400000|100%| E|CS|TAMS 0x0000000088300000, 0x0000000088300000| Complete 
| 122|0x0000000088400000, 0x0000000088500000, 0x0000000088500000|100%| E|CS|TAMS 0x0000000088400000, 0x0000000088400000| Complete 
| 123|0x0000000088500000, 0x0000000088600000, 0x0000000088600000|100%| E|CS|TAMS 0x0000000088500000, 0x0000000088500000| Complete 
| 124|0x0000000088600000, 0x0000000088700000, 0x0000000088700000|100%| E|CS|TAMS 0x0000000088600000, 0x0000000088600000| Complete 
| 125|0x0000000088700000, 0x0000000088800000, 0x0000000088800000|100%| E|CS|TAMS 0x0000000088700000, 0x0000000088700000| Complete 
| 126|0x0000000088800000, 0x0000000088900000, 0x0000000088900000|100%| E|CS|TAMS 0x0000000088800000, 0x0000000088800000| Complete 
| 127|0x0000000088900000, 0x0000000088a00000, 0x0000000088a00000|100%| E|CS|TAMS 0x0000000088900000, 0x0000000088900000| Complete 

Card table byte_map: [0x000001eb35cd0000,0x000001eb360d0000] _byte_map_base: 0x000001eb358cb000

Marking Bits (Prev, Next): (CMBitMap*) 0x000001eb1de929a8, (CMBitMap*) 0x000001eb1de929e8
 Prev Bits: [0x000001eb364d0000, 0x000001eb384a8000)
 Next Bits: [0x000001eb384b0000, 0x000001eb3a488000)

Polling page: 0x000001eb1bd60000

Metaspace:

Usage:
  Non-class:     17.36 MB capacity,    16.81 MB ( 97%) used,   466.09 KB (  3%) free+waste,    95.31 KB ( <1%) overhead. 
      Class:      3.17 MB capacity,     2.85 MB ( 90%) used,   284.45 KB (  9%) free+waste,    48.63 KB (  1%) overhead. 
       Both:     20.53 MB capacity,    19.66 MB ( 96%) used,   750.54 KB (  4%) free+waste,   143.94 KB ( <1%) overhead. 

Virtual space:
  Non-class space:       18.00 MB reserved,      17.50 MB ( 97%) committed 
      Class space:        1.00 GB reserved,       3.25 MB ( <1%) committed 
             Both:        1.02 GB reserved,      20.75 MB (  2%) committed 

Chunk freelists:
   Non-Class:  19.00 KB
       Class:  15.00 KB
        Both:  34.00 KB

MaxMetaspaceSize: 17179869184.00 GB
CompressedClassSpaceSize: 1.00 GB

CodeHeap 'non-profiled nmethods': size=120000Kb used=1454Kb max_used=1454Kb free=118545Kb
 bounds [0x000001eb2e3a0000, 0x000001eb2e610000, 0x000001eb358d0000]
CodeHeap 'profiled nmethods': size=120000Kb used=8300Kb max_used=8300Kb free=111699Kb
 bounds [0x000001eb26e70000, 0x000001eb27690000, 0x000001eb2e3a0000]
CodeHeap 'non-nmethods': size=5760Kb used=1489Kb max_used=1519Kb free=4270Kb
 bounds [0x000001eb268d0000, 0x000001eb26b40000, 0x000001eb26e70000]
 total_blobs=4734 nmethods=3907 adapters=737
 compilation: enabled
              stopped_count=0, restarted_count=0
 full_count=0

Compilation events (20 events):
Event: 9.821 Thread 0x000001eb3c98a800 nmethod 3904 0x000001eb2e50ad90 code [0x000001eb2e50af00, 0x000001eb2e50af78]
Event: 9.821 Thread 0x000001eb3c98d800 nmethod 3901 0x000001eb27687b10 code [0x000001eb27687d20, 0x000001eb27688398]
Event: 9.821 Thread 0x000001eb3c98d800 3903       3       javafx.beans.property.SimpleDoubleProperty::<init> (24 bytes)
Event: 9.822 Thread 0x000001eb3c98d800 nmethod 3903 0x000001eb27688590 code [0x000001eb27688760, 0x000001eb27688c58]
Event: 9.822 Thread 0x000001eb3c98d800 3902       3       javafx.animation.FadeTransition::fromValueProperty (29 bytes)
Event: 9.822 Thread 0x000001eb3c98d800 nmethod 3902 0x000001eb27688e10 code [0x000001eb27689000, 0x000001eb276895d8]
Event: 9.822 Thread 0x000001eb3c98d800 3905       3       javafx.scene.control.Labeled::getTextOverrun (24 bytes)
Event: 9.822 Thread 0x000001eb3c98a800 3908       4       com.sun.javafx.binding.ExpressionHelper::addListener (45 bytes)
Event: 9.822 Thread 0x000001eb3c98d800 nmethod 3905 0x000001eb27689790 code [0x000001eb27689940, 0x000001eb27689d88]
Event: 9.822 Thread 0x000001eb3c98d800 3906       3       javafx.scene.control.Labeled::getEllipsisString (23 bytes)
Event: 9.822 Thread 0x000001eb3c98d800 nmethod 3906 0x000001eb27689e90 code [0x000001eb2768a040, 0x000001eb2768a3a8]
Event: 9.822 Thread 0x000001eb3c98d800 3907       3       javafx.scene.control.SkinBase::snapPositionY (9 bytes)
Event: 9.823 Thread 0x000001eb3c98d800 nmethod 3907 0x000001eb2768a490 code [0x000001eb2768a6e0, 0x000001eb2768af58]
Event: 9.824 Thread 0x000001eb3c98a800 nmethod 3908 0x000001eb2e50b090 code [0x000001eb2e50b240, 0x000001eb2e50b438]
Event: 9.824 Thread 0x000001eb3c98a800 3910       4       java.lang.CharacterData::of (120 bytes)
Event: 9.824 Thread 0x000001eb3c98a800 nmethod 3910 0x000001eb2e50b590 code [0x000001eb2e50b720, 0x000001eb2e50b7b8]
Event: 9.824 Thread 0x000001eb3c98a800 3909       4       javafx.collections.ListChangeBuilder::commit (516 bytes)
Event: 9.825 Thread 0x000001eb3c98d800 3912       1       javafx.scene.chart.Axis::isRangeValid (5 bytes)
Event: 9.825 Thread 0x000001eb3c98d800 nmethod 3912 0x000001eb2e50b890 code [0x000001eb2e50ba20, 0x000001eb2e50baf8]
Event: 9.826 Thread 0x000001eb3c98d800 3913       3       javafx.scene.control.skin.LabeledSkinBase::layoutLabelInArea (1664 bytes)

GC Heap History (6 events):
Event: 0.728 GC heap before
{Heap before GC invocations=0 (full 0):
 garbage-first heap   total 131072K, used 12288K [0x0000000080a00000, 0x0000000100000000)
  region size 1024K, 13 young (13312K), 0 survivors (0K)
 Metaspace       used 3223K, capacity 6026K, committed 6144K, reserved 1056768K
  class space    used 373K, capacity 653K, committed 768K, reserved 1048576K
}
Event: 0.738 GC heap after
{Heap after GC invocations=1 (full 0):
 garbage-first heap   total 131072K, used 2322K [0x0000000080a00000, 0x0000000100000000)
  region size 1024K, 2 young (2048K), 2 survivors (2048K)
 Metaspace       used 3223K, capacity 6026K, committed 6144K, reserved 1056768K
  class space    used 373K, capacity 653K, committed 768K, reserved 1048576K
}
Event: 1.218 GC heap before
{Heap before GC invocations=1 (full 0):
 garbage-first heap   total 131072K, used 17682K [0x0000000080a00000, 0x0000000100000000)
  region size 1024K, 18 young (18432K), 2 survivors (2048K)
 Metaspace       used 8413K, capacity 9982K, committed 10240K, reserved 1058816K
  class space    used 1053K, capacity 1269K, committed 1280K, reserved 1048576K
}
Event: 1.223 GC heap after
{Heap after GC invocations=2 (full 0):
 garbage-first heap   total 131072K, used 5317K [0x0000000080a00000, 0x0000000100000000)
  region size 1024K, 3 young (3072K), 3 survivors (3072K)
 Metaspace       used 8413K, capacity 9982K, committed 10240K, reserved 1058816K
  class space    used 1053K, capacity 1269K, committed 1280K, reserved 1048576K
}
Event: 9.078 GC heap before
{Heap before GC invocations=2 (full 0):
 garbage-first heap   total 131072K, used 82117K [0x0000000080a00000, 0x0000000100000000)
  region size 1024K, 76 young (77824K), 3 survivors (3072K)
 Metaspace       used 19251K, capacity 20133K, committed 20480K, reserved 1067008K
  class space    used 2874K, capacity 3212K, committed 3328K, reserved 1048576K
}
Event: 9.092 GC heap after
{Heap after GC invocations=3 (full 0):
 garbage-first heap   total 131072K, used 13438K [0x0000000080a00000, 0x0000000100000000)
  region size 1024K, 8 young (8192K), 8 survivors (8192K)
 Metaspace       used 19251K, capacity 20133K, committed 20480K, reserved 1067008K
  class space    used 2874K, capacity 3212K, committed 3328K, reserved 1048576K
}

Deoptimization events (20 events):
Event: 9.528 Thread 0x000001eb3de2a000 Uncommon trap: trap_request=0xffffffd6 fr.pc=0x000001eb2e4dfbb4 relative=0x0000000000000314
Event: 9.528 Thread 0x000001eb3de2a000 Uncommon trap: reason=array_check action=maybe_recompile pc=0x000001eb2e4dfbb4 method=javafx.css.CompoundSelector.applies(Ljavafx/css/Styleable;[Ljava/util/Set;I)Z @ 128 c2
Event: 9.528 Thread 0x000001eb3de2a000 DEOPT PACKING pc=0x000001eb2e4dfbb4 sp=0x00000090cb7fb480
Event: 9.528 Thread 0x000001eb3de2a000 DEOPT UNPACKING pc=0x000001eb2691912f sp=0x00000090cb7fb408 mode 2
Event: 9.691 Thread 0x000001eb3de2a000 Uncommon trap: trap_request=0xffffffbe fr.pc=0x000001eb2e4f909c relative=0x0000000000000e5c
Event: 9.691 Thread 0x000001eb3de2a000 Uncommon trap: reason=profile_predicate action=maybe_recompile pc=0x000001eb2e4f909c method=javafx.scene.CssStyleHelper$CacheContainer.<init>(Ljavafx/scene/Node;Lcom/sun/javafx/css/StyleMap;I)V @ 164 c2
Event: 9.691 Thread 0x000001eb3de2a000 DEOPT PACKING pc=0x000001eb2e4f909c sp=0x00000090cb7fb610
Event: 9.691 Thread 0x000001eb3de2a000 DEOPT UNPACKING pc=0x000001eb2691912f sp=0x00000090cb7fb598 mode 2
Event: 9.692 Thread 0x000001eb3de2a000 Uncommon trap: trap_request=0xffffffbe fr.pc=0x000001eb2e4f909c relative=0x0000000000000e5c
Event: 9.692 Thread 0x000001eb3de2a000 Uncommon trap: reason=profile_predicate action=maybe_recompile pc=0x000001eb2e4f909c method=javafx.scene.CssStyleHelper$CacheContainer.<init>(Ljavafx/scene/Node;Lcom/sun/javafx/css/StyleMap;I)V @ 164 c2
Event: 9.692 Thread 0x000001eb3de2a000 DEOPT PACKING pc=0x000001eb2e4f909c sp=0x00000090cb7fb610
Event: 9.692 Thread 0x000001eb3de2a000 DEOPT UNPACKING pc=0x000001eb2691912f sp=0x00000090cb7fb598 mode 2
Event: 9.692 Thread 0x000001eb3de2a000 Uncommon trap: trap_request=0xffffffbe fr.pc=0x000001eb2e4f909c relative=0x0000000000000e5c
Event: 9.692 Thread 0x000001eb3de2a000 Uncommon trap: reason=profile_predicate action=maybe_recompile pc=0x000001eb2e4f909c method=javafx.scene.CssStyleHelper$CacheContainer.<init>(Ljavafx/scene/Node;Lcom/sun/javafx/css/StyleMap;I)V @ 164 c2
Event: 9.692 Thread 0x000001eb3de2a000 DEOPT PACKING pc=0x000001eb2e4f909c sp=0x00000090cb7fb610
Event: 9.692 Thread 0x000001eb3de2a000 DEOPT UNPACKING pc=0x000001eb2691912f sp=0x00000090cb7fb598 mode 2
Event: 9.693 Thread 0x000001eb3de2a000 Uncommon trap: trap_request=0xffffffbe fr.pc=0x000001eb2e4f909c relative=0x0000000000000e5c
Event: 9.693 Thread 0x000001eb3de2a000 Uncommon trap: reason=profile_predicate action=maybe_recompile pc=0x000001eb2e4f909c method=javafx.scene.CssStyleHelper$CacheContainer.<init>(Ljavafx/scene/Node;Lcom/sun/javafx/css/StyleMap;I)V @ 164 c2
Event: 9.693 Thread 0x000001eb3de2a000 DEOPT PACKING pc=0x000001eb2e4f909c sp=0x00000090cb7fb610
Event: 9.693 Thread 0x000001eb3de2a000 DEOPT UNPACKING pc=0x000001eb2691912f sp=0x00000090cb7fb598 mode 2

Classes unloaded (0 events):
No events

Classes redefined (0 events):
No events

Internal exceptions (20 events):
Event: 1.226 Thread 0x000001eb3de2a000 Exception <a 'java/lang/NoSuchMethodError'{0x0000000088931660}: 'void java.lang.invoke.DirectMethodHandle$Holder.invokeStaticInit(java.lang.Object, java.lang.Object)'> (0x0000000088931660) 
thrown [./src/hotspot/share/interpreter/linkResolver.cpp, line 766]
Event: 1.438 Thread 0x000001eb3de2a000 Exception <a 'java/lang/NoSuchMethodError'{0x00000000884d6348}: 'void java.lang.invoke.DirectMethodHandle$Holder.invokeSpecial(java.lang.Object, java.lang.Object, java.lang.Object, java.lang.Object, java.lang.Object, java.lang.Object)'> (0x00000000884d6348) 
thrown [./src/hotspot/share/interpreter/linkResolver.cpp, line 766]
Event: 1.523 Thread 0x000001eb3de2a000 Implicit null exception at 0x000001eb2e409245 to 0x000001eb2e40964c
Event: 1.523 Thread 0x000001eb3de2a000 Implicit null exception at 0x000001eb2e3fb168 to 0x000001eb2e3fb1fa
Event: 1.537 Thread 0x000001eb3de2a000 Implicit null exception at 0x000001eb2e3c58af to 0x000001eb2e3c592d
Event: 1.656 Thread 0x000001eb3de2a000 Exception <a 'java/lang/NoSuchMethodError'{0x0000000087c70f70}: 'int java.lang.invoke.DirectMethodHandle$Holder.invokeStaticInit(java.lang.Object, java.lang.Object)'> (0x0000000087c70f70) 
thrown [./src/hotspot/share/interpreter/linkResolver.cpp, line 766]
Event: 1.707 Thread 0x000001eb3de2a000 Exception <a 'java/lang/NoSuchMethodError'{0x00000000879aac80}: 'java.lang.Object java.lang.invoke.DirectMethodHandle$Holder.invokeInterface(java.lang.Object, java.lang.Object, java.lang.Object)'> (0x00000000879aac80) 
thrown [./src/hotspot/share/interpreter/linkResolver.cpp, line 766]
Event: 1.707 Thread 0x000001eb3de2a000 Exception <a 'java/lang/IncompatibleClassChangeError'{0x00000000879addb8}: Found class java.lang.Object, but interface was expected> (0x00000000879addb8) 
thrown [./src/hotspot/share/interpreter/linkResolver.cpp, line 832]
Event: 1.739 Thread 0x000001eb3de2a000 Exception <a 'java/lang/NoSuchMethodError'{0x000000008742f450}: 'java.lang.Object java.lang.invoke.Invokers$Holder.linkToTargetMethod(java.lang.Object, int, java.lang.Object)'> (0x000000008742f450) 
thrown [./src/hotspot/share/interpreter/linkResolver.cpp, line 766]
Event: 1.809 Thread 0x000001eb3de2a000 Exception <a 'java/lang/NoSuchMethodError'{0x00000000872e67c0}: 'void java.lang.invoke.DirectMethodHandle$Holder.invokeSpecialIFC(java.lang.Object, java.lang.Object, java.lang.Object, java.lang.Object)'> (0x00000000872e67c0) 
thrown [./src/hotspot/share/interpreter/linkResolver.cpp, line 766]
Event: 1.902 Thread 0x000001eb3de2a000 Exception <a 'java/lang/ClassNotFoundException'{0x0000000086e30920}: com/sun/javafx/scene/control/skin/resources/controls> (0x0000000086e30920) 
thrown [./src/hotspot/share/prims/jni.cpp, line 620]
Event: 1.904 Thread 0x000001eb3de2a000 Exception <a 'java/lang/ClassNotFoundException'{0x0000000086e3e418}: com/sun/javafx/scene/control/skin/resources/controls_en> (0x0000000086e3e418) 
thrown [./src/hotspot/share/prims/jni.cpp, line 620]
Event: 1.904 Thread 0x000001eb3de2a000 Exception <a 'java/lang/ClassNotFoundException'{0x0000000086e402e8}: com/sun/javafx/scene/control/skin/resources/controls_en_GB> (0x0000000086e402e8) 
thrown [./src/hotspot/share/prims/jni.cpp, line 620]
Event: 2.041 Thread 0x000001eb3de2a000 Exception <a 'java/lang/NoSuchMethodError'{0x0000000086ac1ca0}: 'long java.lang.invoke.DirectMethodHandle$Holder.invokeStatic(java.lang.Object, java.lang.Object, java.lang.Object)'> (0x0000000086ac1ca0) 
thrown [./src/hotspot/share/interpreter/linkResolver.cpp, line 766]
Event: 2.041 Thread 0x000001eb3de2a000 Exception <a 'java/lang/NoSuchMethodError'{0x0000000086ac4948}: 'long java.lang.invoke.DirectMethodHandle$Holder.invokeStaticInit(java.lang.Object, java.lang.Object, java.lang.Object)'> (0x0000000086ac4948) 
thrown [./src/hotspot/share/interpreter/linkResolver.cpp, line 766]
Event: 2.043 Thread 0x000001eb3de2a000 Exception <a 'java/lang/NoSuchMethodError'{0x0000000086ad8c18}: 'java.lang.Object java.lang.invoke.Invokers$Holder.linkToTargetMethod(java.lang.Object, long, java.lang.Object)'> (0x0000000086ad8c18) 
thrown [./src/hotspot/share/interpreter/linkResolver.cpp, line 766]
Event: 2.045 Thread 0x000001eb3de2a000 Implicit null exception at 0x000001eb2e45726a to 0x000001eb2e45947c
Event: 2.205 Thread 0x000001eb3de2e800 Exception <a 'java/lang/NoSuchMethodError'{0x000000008645cfd0}: 'java.lang.Object java.lang.invoke.DirectMethodHandle$Holder.invokeStaticInit(java.lang.Object, int)'> (0x000000008645cfd0) 
thrown [./src/hotspot/share/interpreter/linkResolver.cpp, line 766]
Event: 7.894 Thread 0x000001eb3de2a000 Implicit null exception at 0x000001eb2e429ae7 to 0x000001eb2e42a0d0
Event: 7.894 Thread 0x000001eb3de2a000 Implicit null exception at 0x000001eb2e3f84e4 to 0x000001eb2e3f8afc

Events (20 events):
Event: 9.796 loading class sun/text/resources/BreakIteratorResources_en done
Event: 9.797 loading class sun/text/RuleBasedBreakIterator
Event: 9.797 loading class sun/text/RuleBasedBreakIterator done
Event: 9.798 loading class sun/text/CompactByteArray
Event: 9.798 loading class sun/text/CompactByteArray done
Event: 9.798 loading class sun/text/SupplementaryCharacterData
Event: 9.798 loading class sun/text/SupplementaryCharacterData done
Event: 9.798 loading class java/text/BreakIterator$BreakIteratorCache
Event: 9.798 loading class java/text/BreakIterator$BreakIteratorCache done
Event: 9.798 Thread 0x000001eb3d4de000 Thread exited: 0x000001eb3d4de000
Event: 9.799 Thread 0x000001eb3d4df800 Thread added: 0x000001eb3d4df800
Event: 9.799 Thread 0x000001eb3d4df800 Thread exited: 0x000001eb3d4df800
Event: 9.799 Thread 0x000001eb3d4dd800 Thread added: 0x000001eb3d4dd800
Event: 9.799 Thread 0x000001eb3d4dd800 Thread exited: 0x000001eb3d4dd800
Event: 9.799 Thread 0x000001eb3d4dd800 Thread added: 0x000001eb3d4dd800
Event: 9.799 Thread 0x000001eb3d4dd800 Thread exited: 0x000001eb3d4dd800
Event: 9.823 Thread 0x000001eb3d4e1800 Thread added: 0x000001eb3d4e1800
Event: 9.838 Thread 0x000001eb3d4e1800 Thread exited: 0x000001eb3d4e1800
Event: 9.838 Thread 0x000001eb3d4dd800 Thread added: 0x000001eb3d4dd800
Event: 9.838 Thread 0x000001eb3d4dd800 Thread exited: 0x000001eb3d4dd800


Dynamic libraries:
0x00007ff7921d0000 - 0x00007ff7921dd000 	C:\Users\i-kee\.jdks\adopt-openjdk-14.0.2\bin\java.exe
0x00007ffd76eb0000 - 0x00007ffd770a5000 	C:\Windows\SYSTEM32\ntdll.dll
0x00007ffd52500000 - 0x00007ffd52512000 	C:\Program Files\Avast Software\Avast\aswhook.dll
0x00007ffd76d50000 - 0x00007ffd76e0d000 	C:\Windows\System32\KERNEL32.DLL
0x00007ffd74ae0000 - 0x00007ffd74da7000 	C:\Windows\System32\KERNELBASE.dll
0x00007ffd746c0000 - 0x00007ffd747c0000 	C:\Windows\System32\ucrtbase.dll
0x00007ffd6fa90000 - 0x00007ffd6faa8000 	C:\Users\i-kee\.jdks\adopt-openjdk-14.0.2\bin\jli.dll
0x00007ffd767c0000 - 0x00007ffd76960000 	C:\Windows\System32\USER32.dll
0x00007ffd748d0000 - 0x00007ffd748f2000 	C:\Windows\System32\win32u.dll
0x00007ffd76960000 - 0x00007ffd7698a000 	C:\Windows\System32\GDI32.dll
0x00007ffd74950000 - 0x00007ffd74a59000 	C:\Windows\System32\gdi32full.dll
0x00007ffd745f0000 - 0x00007ffd7468d000 	C:\Windows\System32\msvcp_win.dll
0x00007ffd698e0000 - 0x00007ffd698f5000 	C:\Users\i-kee\.jdks\adopt-openjdk-14.0.2\bin\VCRUNTIME140.dll
0x00007ffd68dd0000 - 0x00007ffd6906b000 	C:\Windows\WinSxS\amd64_microsoft.windows.common-controls_6595b64144ccf1df_6.0.19041.488_none_ca04af081b815d21\COMCTL32.dll
0x00007ffd755b0000 - 0x00007ffd7564e000 	C:\Windows\System32\msvcrt.dll
0x00007ffd75650000 - 0x00007ffd75680000 	C:\Windows\System32\IMM32.DLL
0x00007ffd4eb50000 - 0x00007ffd4ebeb000 	C:\Users\i-kee\.jdks\adopt-openjdk-14.0.2\bin\msvcp140.dll
0x00007ffd18e60000 - 0x00007ffd199f4000 	C:\Users\i-kee\.jdks\adopt-openjdk-14.0.2\bin\server\jvm.dll
0x00007ffd76190000 - 0x00007ffd7623a000 	C:\Windows\System32\ADVAPI32.dll
0x00007ffd760f0000 - 0x00007ffd7618b000 	C:\Windows\System32\sechost.dll
0x00007ffd74ff0000 - 0x00007ffd75114000 	C:\Windows\System32\RPCRT4.dll
0x00007ffd75e30000 - 0x00007ffd75e38000 	C:\Windows\System32\PSAPI.DLL
0x00007ffd6af30000 - 0x00007ffd6af39000 	C:\Windows\SYSTEM32\WSOCK32.dll
0x00007ffd764c0000 - 0x00007ffd7652b000 	C:\Windows\System32\WS2_32.dll
0x00007ffd6b980000 - 0x00007ffd6b9a7000 	C:\Windows\SYSTEM32\WINMM.dll
0x00007ffd6ef30000 - 0x00007ffd6ef3a000 	C:\Windows\SYSTEM32\VERSION.dll
0x00007ffd72570000 - 0x00007ffd72583000 	C:\Windows\SYSTEM32\kernel.appcore.dll
0x00007ffd6c640000 - 0x00007ffd6c64a000 	C:\Users\i-kee\.jdks\adopt-openjdk-14.0.2\bin\jimage.dll
0x00007ffd6d880000 - 0x00007ffd6da64000 	C:\Windows\SYSTEM32\DBGHELP.DLL
0x00007ffd6d810000 - 0x00007ffd6d83c000 	C:\Windows\SYSTEM32\dbgcore.DLL
0x00007ffd74a60000 - 0x00007ffd74adf000 	C:\Windows\System32\bcryptPrimitives.dll
0x00007ffd637b0000 - 0x00007ffd637be000 	C:\Users\i-kee\.jdks\adopt-openjdk-14.0.2\bin\instrument.dll
0x00007ffd611b0000 - 0x00007ffd611d5000 	C:\Users\i-kee\.jdks\adopt-openjdk-14.0.2\bin\java.dll
0x00007ffd608e0000 - 0x00007ffd608f6000 	C:\Users\i-kee\.jdks\adopt-openjdk-14.0.2\bin\zip.dll
0x00007ffd756e0000 - 0x00007ffd75e21000 	C:\Windows\System32\SHELL32.dll
0x00007ffd72770000 - 0x00007ffd72f03000 	C:\Windows\SYSTEM32\windows.storage.dll
0x00007ffd76990000 - 0x00007ffd76ce5000 	C:\Windows\System32\combase.dll
0x00007ffd74060000 - 0x00007ffd7408c000 	C:\Windows\SYSTEM32\Wldp.dll
0x00007ffd76240000 - 0x00007ffd762ee000 	C:\Windows\System32\SHCORE.dll
0x00007ffd76cf0000 - 0x00007ffd76d45000 	C:\Windows\System32\shlwapi.dll
0x00007ffd74520000 - 0x00007ffd74546000 	C:\Windows\SYSTEM32\profapi.dll
0x00007ffd606e0000 - 0x00007ffd606f9000 	C:\Users\i-kee\.jdks\adopt-openjdk-14.0.2\bin\net.dll
0x00007ffd6f720000 - 0x00007ffd6f820000 	C:\Windows\SYSTEM32\WINHTTP.dll
0x00007ffd73de0000 - 0x00007ffd73e4a000 	C:\Windows\system32\mswsock.dll
0x00007ffd5fec0000 - 0x00007ffd5fed2000 	C:\Users\i-kee\.jdks\adopt-openjdk-14.0.2\bin\nio.dll
0x00007ffd51610000 - 0x00007ffd5162a000 	C:\Program Files\JetBrains\IntelliJ IDEA 2020.2.1\bin\breakgen64.dll
0x000001eb1ddf0000 - 0x000001eb1ddf3000 	C:\JavaJDK\javafx-sdk-15\bin\api-ms-win-core-console-l1-1-0.dll
0x000001eb1de00000 - 0x000001eb1de03000 	C:\JavaJDK\javafx-sdk-15\bin\api-ms-win-core-console-l1-2-0.dll
0x000001eb1de10000 - 0x000001eb1de13000 	C:\JavaJDK\javafx-sdk-15\bin\api-ms-win-core-datetime-l1-1-0.dll
0x000001eb1de20000 - 0x000001eb1de23000 	C:\JavaJDK\javafx-sdk-15\bin\api-ms-win-core-debug-l1-1-0.dll
0x000001eb3f0f0000 - 0x000001eb3f0f3000 	C:\JavaJDK\javafx-sdk-15\bin\api-ms-win-core-errorhandling-l1-1-0.dll
0x000001eb3f100000 - 0x000001eb3f104000 	C:\JavaJDK\javafx-sdk-15\bin\api-ms-win-core-file-l1-1-0.dll
0x000001eb3f110000 - 0x000001eb3f113000 	C:\JavaJDK\javafx-sdk-15\bin\api-ms-win-core-file-l1-2-0.dll
0x000001eb3f120000 - 0x000001eb3f123000 	C:\JavaJDK\javafx-sdk-15\bin\api-ms-win-core-file-l2-1-0.dll
0x000001eb3f130000 - 0x000001eb3f133000 	C:\JavaJDK\javafx-sdk-15\bin\api-ms-win-core-handle-l1-1-0.dll
0x000001eb3f140000 - 0x000001eb3f143000 	C:\JavaJDK\javafx-sdk-15\bin\api-ms-win-core-heap-l1-1-0.dll
0x000001eb3f150000 - 0x000001eb3f153000 	C:\JavaJDK\javafx-sdk-15\bin\api-ms-win-core-interlocked-l1-1-0.dll
0x000001eb3f160000 - 0x000001eb3f163000 	C:\JavaJDK\javafx-sdk-15\bin\api-ms-win-core-libraryloader-l1-1-0.dll
0x000001eb3f170000 - 0x000001eb3f173000 	C:\JavaJDK\javafx-sdk-15\bin\api-ms-win-core-localization-l1-2-0.dll
0x000001eb3f180000 - 0x000001eb3f183000 	C:\JavaJDK\javafx-sdk-15\bin\api-ms-win-core-memory-l1-1-0.dll
0x000001eb3f190000 - 0x000001eb3f193000 	C:\JavaJDK\javafx-sdk-15\bin\api-ms-win-core-namedpipe-l1-1-0.dll
0x000001eb3f1a0000 - 0x000001eb3f1a3000 	C:\JavaJDK\javafx-sdk-15\bin\api-ms-win-core-processenvironment-l1-1-0.dll
0x000001eb3f1b0000 - 0x000001eb3f1b3000 	C:\JavaJDK\javafx-sdk-15\bin\api-ms-win-core-processthreads-l1-1-0.dll
0x000001eb3eea0000 - 0x000001eb3eea3000 	C:\JavaJDK\javafx-sdk-15\bin\api-ms-win-core-processthreads-l1-1-1.dll
0x000001eb3eeb0000 - 0x000001eb3eeb3000 	C:\JavaJDK\javafx-sdk-15\bin\api-ms-win-core-profile-l1-1-0.dll
0x000001eb3eec0000 - 0x000001eb3eec3000 	C:\JavaJDK\javafx-sdk-15\bin\api-ms-win-core-rtlsupport-l1-1-0.dll
0x000001eb3eed0000 - 0x000001eb3eed3000 	C:\JavaJDK\javafx-sdk-15\bin\api-ms-win-core-string-l1-1-0.dll
0x000001eb3eee0000 - 0x000001eb3eee3000 	C:\JavaJDK\javafx-sdk-15\bin\api-ms-win-core-synch-l1-1-0.dll
0x000001eb3eef0000 - 0x000001eb3eef3000 	C:\JavaJDK\javafx-sdk-15\bin\api-ms-win-core-synch-l1-2-0.dll
0x000001eb3ef00000 - 0x000001eb3ef03000 	C:\JavaJDK\javafx-sdk-15\bin\api-ms-win-core-sysinfo-l1-1-0.dll
0x000001eb3ef10000 - 0x000001eb3ef13000 	C:\JavaJDK\javafx-sdk-15\bin\api-ms-win-core-timezone-l1-1-0.dll
0x000001eb3ef20000 - 0x000001eb3ef23000 	C:\JavaJDK\javafx-sdk-15\bin\api-ms-win-core-util-l1-1-0.dll
0x000001eb3ef30000 - 0x000001eb3ef33000 	C:\JavaJDK\javafx-sdk-15\bin\api-ms-win-crt-conio-l1-1-0.dll
0x000001eb3ef40000 - 0x000001eb3ef44000 	C:\JavaJDK\javafx-sdk-15\bin\api-ms-win-crt-convert-l1-1-0.dll
0x000001eb3ef50000 - 0x000001eb3ef53000 	C:\JavaJDK\javafx-sdk-15\bin\api-ms-win-crt-environment-l1-1-0.dll
0x000001eb3ef60000 - 0x000001eb3ef63000 	C:\JavaJDK\javafx-sdk-15\bin\api-ms-win-crt-filesystem-l1-1-0.dll
0x000001eb3ef70000 - 0x000001eb3ef73000 	C:\JavaJDK\javafx-sdk-15\bin\api-ms-win-crt-heap-l1-1-0.dll
0x000001eb3ef80000 - 0x000001eb3ef83000 	C:\JavaJDK\javafx-sdk-15\bin\api-ms-win-crt-locale-l1-1-0.dll
0x000001eb3ef90000 - 0x000001eb3ef95000 	C:\JavaJDK\javafx-sdk-15\bin\api-ms-win-crt-math-l1-1-0.dll
0x000001eb3efa0000 - 0x000001eb3efa5000 	C:\JavaJDK\javafx-sdk-15\bin\api-ms-win-crt-multibyte-l1-1-0.dll
0x000001eb3efb0000 - 0x000001eb3efc0000 	C:\JavaJDK\javafx-sdk-15\bin\api-ms-win-crt-private-l1-1-0.dll
0x000001eb3efc0000 - 0x000001eb3efc3000 	C:\JavaJDK\javafx-sdk-15\bin\api-ms-win-crt-process-l1-1-0.dll
0x000001eb3efd0000 - 0x000001eb3efd4000 	C:\JavaJDK\javafx-sdk-15\bin\api-ms-win-crt-runtime-l1-1-0.dll
0x000001eb3efe0000 - 0x000001eb3efe4000 	C:\JavaJDK\javafx-sdk-15\bin\api-ms-win-crt-stdio-l1-1-0.dll
0x000001eb3eff0000 - 0x000001eb3eff4000 	C:\JavaJDK\javafx-sdk-15\bin\api-ms-win-crt-string-l1-1-0.dll
0x000001eb3f000000 - 0x000001eb3f003000 	C:\JavaJDK\javafx-sdk-15\bin\api-ms-win-crt-time-l1-1-0.dll
0x000001eb3f010000 - 0x000001eb3f013000 	C:\JavaJDK\javafx-sdk-15\bin\api-ms-win-crt-utility-l1-1-0.dll
0x00007ffd38bb0000 - 0x00007ffd38cac000 	C:\JavaJDK\javafx-sdk-15\bin\ucrtbase.dll
0x00007ffd4f670000 - 0x00007ffd4f685000 	C:\JavaJDK\javafx-sdk-15\bin\vcruntime140.dll
0x00007ffd619d0000 - 0x00007ffd619dc000 	C:\Windows\System32\vcruntime140_1.dll
0x00007ffd4b8c0000 - 0x00007ffd4b95b000 	C:\JavaJDK\javafx-sdk-15\bin\msvcp140.dll
0x00007ffd4efe0000 - 0x00007ffd4f003000 	C:\JavaJDK\javafx-sdk-15\bin\prism_d3d.dll
0x00007ffd60970000 - 0x00007ffd60b3d000 	C:\Windows\system32\d3d9.dll
0x00007ffd72280000 - 0x00007ffd722af000 	C:\Windows\SYSTEM32\dwmapi.dll
0x00007ffd720b0000 - 0x00007ffd7214f000 	C:\Windows\system32\uxtheme.dll
0x00007ffd32610000 - 0x00007ffd32712000 	C:\Windows\System32\DriverStore\FileRepository\nv_dispi.inf_amd64_edf184f24a37bacd\nvldumdx.dll
0x00007ffd74db0000 - 0x00007ffd74f0d000 	C:\Windows\System32\crypt32.dll
0x00007ffd5a850000 - 0x00007ffd5a881000 	C:\Windows\SYSTEM32\cryptnet.dll
0x00007ffd73fb0000 - 0x00007ffd73fbc000 	C:\Windows\SYSTEM32\cryptbase.dll
0x00007ffd74870000 - 0x00007ffd748d0000 	C:\Windows\System32\WINTRUST.DLL
0x00007ffd741e0000 - 0x00007ffd741f2000 	C:\Windows\SYSTEM32\MSASN1.dll
0x00007ffd75120000 - 0x00007ffd7513d000 	C:\Windows\System32\imagehlp.dll
0x00007ffd73fc0000 - 0x00007ffd73fd8000 	C:\Windows\SYSTEM32\CRYPTSP.dll
0x00007ffd73700000 - 0x00007ffd73734000 	C:\Windows\system32\rsaenh.dll
0x00007ffd74690000 - 0x00007ffd746b7000 	C:\Windows\System32\bcrypt.dll
0x00007ffd147b0000 - 0x00007ffd161ca000 	C:\Windows\System32\DriverStore\FileRepository\nv_dispi.inf_amd64_edf184f24a37bacd\nvd3dumx.dll
0x00007ffd4cb80000 - 0x00007ffd4cbc5000 	C:\JavaJDK\javafx-sdk-15\bin\glass.dll
0x00007ffd74f10000 - 0x00007ffd74fea000 	C:\Windows\System32\COMDLG32.dll
0x00007ffd76390000 - 0x00007ffd764b9000 	C:\Windows\System32\ole32.dll
0x00007ffd76020000 - 0x00007ffd760ed000 	C:\Windows\System32\OLEAUT32.dll
0x00007ffd75ef0000 - 0x00007ffd76005000 	C:\Windows\System32\MSCTF.dll
0x00007ffd72f20000 - 0x00007ffd72f43000 	C:\Windows\SYSTEM32\gpapi.dll
0x00007ffd658e0000 - 0x00007ffd6591b000 	C:\Windows\SYSTEM32\dxcore.dll
0x00007ffd74900000 - 0x00007ffd7494d000 	C:\Windows\System32\cfgmgr32.dll
0x00007ffd4efc0000 - 0x00007ffd4efd4000 	C:\JavaJDK\javafx-sdk-15\bin\javafx_font.dll
0x00007ffd5da50000 - 0x00007ffd5dcce000 	C:\Windows\SYSTEM32\dwrite.dll
0x00007ffd75e40000 - 0x00007ffd75ee8000 	C:\Windows\System32\clbcatq.dll
0x00007ffd68a00000 - 0x00007ffd68bb4000 	C:\Windows\SYSTEM32\WindowsCodecs.dll
0x00007ffd630b0000 - 0x00007ffd630ee000 	C:\Windows\system32\dataexchange.dll
0x00007ffd70630000 - 0x00007ffd70893000 	C:\Windows\system32\d3d11.dll
0x00007ffd714b0000 - 0x00007ffd71695000 	C:\Windows\system32\dcomp.dll
0x00007ffd72f50000 - 0x00007ffd73043000 	C:\Windows\system32\dxgi.dll
0x00007ffd6e610000 - 0x00007ffd6e817000 	C:\Windows\system32\twinapi.appcore.dll
0x00007ffd4f320000 - 0x00007ffd4f354000 	C:\Program Files\Common Files\Microsoft Shared\Ink\rtscom.dll
0x00007ffd58200000 - 0x00007ffd582fd000 	C:\Windows\SYSTEM32\textinputframework.dll
0x00007ffd71a20000 - 0x00007ffd71d7a000 	C:\Windows\System32\CoreUIComponents.dll
0x00007ffd71d80000 - 0x00007ffd71e72000 	C:\Windows\System32\CoreMessaging.dll
0x00007ffd73340000 - 0x00007ffd73373000 	C:\Windows\SYSTEM32\ntmarta.dll

dbghelp: loaded successfully - version: 4.0.5 - missing functions: none
symbol engine: initialized successfully - sym options: 0x614 - pdb path: .;C:\Users\i-kee\.jdks\adopt-openjdk-14.0.2\bin;C:\Windows\SYSTEM32;C:\Program Files\Avast Software\Avast;C:\Windows\WinSxS\amd64_microsoft.windows.common-controls_6595b64144ccf1df_6.0.19041.488_none_ca04af081b815d21;C:\Users\i-kee\.jdks\adopt-openjdk-14.0.2\bin\server;C:\Program Files\JetBrains\IntelliJ IDEA 2020.2.1\bin;C:\JavaJDK\javafx-sdk-15\bin;C:\Windows\System32\DriverStore\FileRepository\nv_dispi.inf_amd64_edf184f24a37bacd;C:\Program Files\Common Files\Microsoft Shared\Ink;C:\Windows\WinSxS\amd64_microsoft.windows.gdiplus_6595b64144ccf1df_1.1.19041.508_none_faefa4f37613d18e;C:\Users\i-kee\AppData\Local\Microsoft\OneDrive\20.143.0716.0003\amd64

VM Arguments:
jvm_args: --module-path=C:\JavaJDK\javafx-sdk-15\lib --add-modules=javafx.controls,javafx.fxml,javafx.media --add-exports=javafx.graphics/com.sun.javafx.sg.prism=ALL-UNNAMED --add-modules=javafx.base,javafx.graphics --add-reads=javafx.base=ALL-UNNAMED --add-reads=javafx.graphics=ALL-UNNAMED -javaagent:C:\Program Files\JetBrains\IntelliJ IDEA 2020.2.1\lib\idea_rt.jar=62859:C:\Program Files\JetBrains\IntelliJ IDEA 2020.2.1\bin -Dfile.encoding=UTF-8 
java_command: sample.Main
java_class_path (initial): C:\GitHub\JFXAmp\out\production\JFXAmp;C:\JavaJDK\javafx-sdk-15\lib\src.zip;C:\JavaJDK\javafx-sdk-15\lib\javafx-swt.jar;C:\JavaJDK\javafx-sdk-15\lib\javafx.web.jar;C:\JavaJDK\javafx-sdk-15\lib\javafx.base.jar;C:\JavaJDK\javafx-sdk-15\lib\javafx.fxml.jar;C:\JavaJDK\javafx-sdk-15\lib\javafx.media.jar;C:\JavaJDK\javafx-sdk-15\lib\javafx.swing.jar;C:\JavaJDK\javafx-sdk-15\lib\javafx.controls.jar;C:\JavaJDK\javafx-sdk-15\lib\javafx.graphics.jar
Launcher Type: SUN_STANDARD

[Global flags]
     intx CICompilerCount                          = 3                                         {product} {ergonomic}
     uint ConcGCThreads                            = 1                                         {product} {ergonomic}
     uint G1ConcRefinementThreads                  = 4                                         {product} {ergonomic}
   size_t G1HeapRegionSize                         = 1048576                                   {product} {ergonomic}
    uintx GCDrainStackTargetSize                   = 64                                        {product} {ergonomic}
   size_t InitialHeapSize                          = 134217728                                 {product} {ergonomic}
   size_t MarkStackSize                            = 4194304                                   {product} {ergonomic}
   size_t MaxHeapSize                              = 2136997888                                {product} {ergonomic}
   size_t MaxNewSize                               = 1281359872                                {product} {ergonomic}
   size_t MinHeapDeltaBytes                        = 1048576                                   {product} {ergonomic}
   size_t MinHeapSize                              = 8388608                                   {product} {ergonomic}
    uintx NonNMethodCodeHeapSize                   = 5832780                                {pd product} {ergonomic}
    uintx NonProfiledCodeHeapSize                  = 122912730                              {pd product} {ergonomic}
    uintx ProfiledCodeHeapSize                     = 122912730                              {pd product} {ergonomic}
    uintx ReservedCodeCacheSize                    = 251658240                              {pd product} {ergonomic}
     bool SegmentedCodeCache                       = true                                      {product} {ergonomic}
   size_t SoftMaxHeapSize                          = 2136997888                             {manageable} {ergonomic}
     bool UseCompressedClassPointers               = true                                 {lp64_product} {ergonomic}
     bool UseCompressedOops                        = true                                 {lp64_product} {ergonomic}
     bool UseG1GC                                  = true                                      {product} {ergonomic}
     bool UseLargePagesIndividualAllocation        = false                                  {pd product} {ergonomic}

Logging:
Log output configuration:
 #0: stdout all=warning uptime,level,tags
 #1: stderr all=off uptime,level,tags

Environment Variables:
PATH=C:\Program Files (x86)\Common Files\Oracle\Java\javapath;C:\Windows\system32;C:\Windows;C:\Windows\System32\Wbem;C:\Windows\System32\WindowsPowerShell\v1.0\;C:\Windows\System32\OpenSSH\;C:\Program Files\Git\cmd;C:\Program Files\PuTTY\;C:\Program Files (x86)\NVIDIA Corporation\PhysX\Common;C:\Users\i-kee\AppData\Local\Microsoft\WindowsApps;C:\Program Files\JetBrains\IntelliJ IDEA 2020.2.1\bin;;C:\Users\i-kee\AppData\Local\GitHubDesktop\bin
USERNAME=i-kee
OS=Windows_NT
PROCESSOR_IDENTIFIER=Intel64 Family 6 Model 58 Stepping 9, GenuineIntel



---------------  S Y S T E M  ---------------

OS: Windows 10 , 64 bit Build 19041 (10.0.19041.292)
OS uptime: 9 days 15:27 hours

CPU:total 4 (initial active 4) (4 cores per cpu, 1 threads per core) family 6 model 58 stepping 9, cmov, cx8, fxsr, mmx, sse, sse2, sse3, ssse3, sse4.1, sse4.2, popcnt, avx, aes, clmul, erms, tsc, tscinvbit, tscinv

Memory: 4k page, system-wide physical 8146M (1599M free)
TotalPageFile size 17931M (AvailPageFile size 4580M)
current process WorkingSet (physical memory assigned to process): 213M, peak: 213M
current process commit charge ("private bytes"): 323M, peak: 323M

vm_info: OpenJDK 64-Bit Server VM (14.0.2+12) for windows-amd64 JRE (14.0.2+12), built on Jul 15 2020 11:30:16 by "" with MS VC++ 15.9 (VS2017)

END.
