#
# A fatal error has been detected by the Java Runtime Environment:
#
#  EXCEPTION_ACCESS_VIOLATION (0xc0000005) at pc=0x00007ffd4cf137e9, pid=836, tid=10704
#
# JRE version: OpenJDK Runtime Environment AdoptOpenJDK (14.0.2+12) (build 14.0.2+12)
# Java VM: OpenJDK 64-Bit Server VM AdoptOpenJDK (14.0.2+12, mixed mode, sharing, tiered, compressed oops, g1 gc, windows-amd64)
# Problematic frame:
# C  0x00007ffd4cf137e9
#
# No core dump will be written. Minidumps are not enabled by default on client versions of Windows
#
# If you would like to submit a bug report, please visit:
#   https://github.com/AdoptOpenJDK/openjdk-support/issues
# The crash happened outside the Java Virtual Machine in native code.
# See problematic frame for where to report the bug.
#

---------------  S U M M A R Y ------------

Command Line: --module-path=C:\JavaJDK\javafx-sdk-15\lib --add-modules=javafx.controls,javafx.fxml,javafx.media --add-exports=javafx.graphics/com.sun.javafx.sg.prism=ALL-UNNAMED --add-modules=javafx.base,javafx.graphics --add-reads=javafx.base=ALL-UNNAMED --add-reads=javafx.graphics=ALL-UNNAMED -javaagent:C:\Program Files\JetBrains\IntelliJ IDEA 2020.2.1\lib\idea_rt.jar=62534:C:\Program Files\JetBrains\IntelliJ IDEA 2020.2.1\bin -Dfile.encoding=UTF-8 Main

Host: Intel(R) Core(TM) i5-3470 CPU @ 3.20GHz, 4 cores, 7G,  Windows 10 , 64 bit Build 19041 (10.0.19041.292)
Time: Thu Oct  1 10:06:42 2020 GMT Summer Time elapsed time: 801 seconds (0d 0h 13m 21s)

---------------  T H R E A D  ---------------

Current thread (0x000001e1c011e800):  JavaThread "JavaFX Application Thread" [_thread_in_native, id=10704, stack(0x000000ae79300000,0x000000ae79400000)]

Stack: [0x000000ae79300000,0x000000ae79400000],  sp=0x000000ae793fdee8,  free space=1015k
Native frames: (J=compiled Java code, j=interpreted, Vv=VM code, C=native code)
C  0x00007ffd4cf137e9

Java frames: (J=compiled Java code, j=interpreted, Vv=VM code)
j  com.sun.media.jfxmediaimpl.NativeEqualizerBand.nativeSetGain(JD)V+0 javafx.media
j  com.sun.media.jfxmediaimpl.NativeEqualizerBand.setGain(D)V+22 javafx.media
j  javafx.scene.media.EqualizerBand$3.invalidated()V+37 javafx.media
J 3697 c2 javafx.beans.property.DoublePropertyBase.set(D)V javafx.base (77 bytes) @ 0x000001e1b076a218 [0x000001e1b076a1a0+0x0000000000000078]
j  com.sun.javafx.binding.BidirectionalBinding$BidirectionalDoubleBinding.changed(Ljavafx/beans/value/ObservableValue;Ljava/lang/Number;Ljava/lang/Number;)V+83 javafx.base
j  com.sun.javafx.binding.BidirectionalBinding$BidirectionalDoubleBinding.changed(Ljavafx/beans/value/ObservableValue;Ljava/lang/Object;Ljava/lang/Object;)V+10 javafx.base
J 8161 c2 com.sun.javafx.binding.ExpressionHelper$Generic.fireValueChangedEvent()V javafx.base (218 bytes) @ 0x000001e1b0cae6a8 [0x000001e1b0cae460+0x0000000000000248]
J 3940 c2 javafx.beans.property.DoublePropertyBase.fireValueChangedEvent()V javafx.base (8 bytes) @ 0x000001e1b079bce8 [0x000001e1b079bc80+0x0000000000000068]
J 3697 c2 javafx.beans.property.DoublePropertyBase.set(D)V javafx.base (77 bytes) @ 0x000001e1b076a22c [0x000001e1b076a1a0+0x000000000000008c]
J 8841 c1 com.sun.javafx.scene.control.behavior.SliderBehavior.thumbDragged(Ljavafx/scene/input/MouseEvent;D)V javafx.controls (47 bytes) @ 0x000001e1a9806f74 [0x000001e1a98059c0+0x00000000000015b4]
J 8840 c1 javafx.scene.control.skin.SliderSkin.lambda$initialize$14(Ljavafx/scene/input/MouseEvent;)V javafx.controls (81 bytes) @ 0x000001e1a9ad615c [0x000001e1a9ad5b20+0x000000000000063c]
J 8839 c1 javafx.scene.control.skin.SliderSkin$$Lambda$400.handle(Ljavafx/event/Event;)V javafx.controls (12 bytes) @ 0x000001e1a9ad6ad4 [0x000001e1a9ad6940+0x0000000000000194]
J 5877 c2 com.sun.javafx.event.EventHandlerManager.dispatchBubblingEvent(Ljavafx/event/Event;)Ljavafx/event/Event; javafx.base (23 bytes) @ 0x000001e1b09a17d0 [0x000001e1b09a1440+0x0000000000000390]
J 6440 c2 com.sun.javafx.event.CompositeEventDispatcher.dispatchBubblingEvent(Ljavafx/event/Event;)Ljavafx/event/Event; javafx.base (35 bytes) @ 0x000001e1b0a8fe1c [0x000001e1b0a8fda0+0x000000000000007c]
J 5641 c2 com.sun.javafx.event.BasicEventDispatcher.dispatchEvent(Ljavafx/event/Event;Ljavafx/event/EventDispatchChain;)Ljavafx/event/Event; javafx.base (44 bytes) @ 0x000001e1b079cc5c [0x000001e1b079cb20+0x000000000000013c]
J 5641 c2 com.sun.javafx.event.BasicEventDispatcher.dispatchEvent(Ljavafx/event/Event;Ljavafx/event/EventDispatchChain;)Ljavafx/event/Event; javafx.base (44 bytes) @ 0x000001e1b079cc10 [0x000001e1b079cb20+0x00000000000000f0]
J 5641 c2 com.sun.javafx.event.BasicEventDispatcher.dispatchEvent(Ljavafx/event/Event;Ljavafx/event/EventDispatchChain;)Ljavafx/event/Event; javafx.base (44 bytes) @ 0x000001e1b079cc10 [0x000001e1b079cb20+0x00000000000000f0]
J 5641 c2 com.sun.javafx.event.BasicEventDispatcher.dispatchEvent(Ljavafx/event/Event;Ljavafx/event/EventDispatchChain;)Ljavafx/event/Event; javafx.base (44 bytes) @ 0x000001e1b079cc10 [0x000001e1b079cb20+0x00000000000000f0]
J 7114 c2 com.sun.javafx.event.EventUtil.fireEvent(Ljavafx/event/EventTarget;Ljavafx/event/Event;)Ljavafx/event/Event; javafx.base (81 bytes) @ 0x000001e1b0b11db4 [0x000001e1b0b11b60+0x0000000000000254]
J 7302 c2 javafx.scene.Scene$MouseHandler.process(Ljavafx/scene/input/MouseEvent;Z)V javafx.graphics (783 bytes) @ 0x000001e1b0bc3eec [0x000001e1b0bc3700+0x00000000000007ec]
J 7993 c2 com.sun.javafx.tk.quantum.GlassViewEventHandler$MouseEventNotification.run()Ljava/lang/Void; javafx.graphics (703 bytes) @ 0x000001e1b0c4ca48 [0x000001e1b0c4c6a0+0x00000000000003a8]
J 8476 c2 com.sun.glass.ui.View.notifyMouse(IIIIIIIZZ)V javafx.graphics (221 bytes) @ 0x000001e1b0d636e4 [0x000001e1b0d633c0+0x0000000000000324]
v  ~StubRoutines::call_stub
j  com.sun.glass.ui.win.WinApplication._runLoop(Ljava/lang/Runnable;)V+0 javafx.graphics
j  com.sun.glass.ui.win.WinApplication.lambda$runLoop$3(ILjava/lang/Runnable;)V+8 javafx.graphics
j  com.sun.glass.ui.win.WinApplication$$Lambda$91.run()V+12 javafx.graphics
j  java.lang.Thread.run()V+11 java.base@14.0.2
v  ~StubRoutines::call_stub

siginfo: EXCEPTION_ACCESS_VIOLATION (0xc0000005), reading address 0x0000001800000321


Register to memory mapping:

RIP=0x00007ffd4cf137e9 points into unknown readable memory: 48 ff 60 30 cc cc cc
RAX=0x00000018000002f1 is an unknown value
RBX={method} {0x000001e1cc687500} 'nativeSetGain' '(JD)V' in 'com/sun/media/jfxmediaimpl/NativeEqualizerBand'
RCX=0x000001e1bfa72df8 points into unknown readable memory: f1 02 00 00 18 00 00 00
RDX=0x000000ae793fdfc8 is pointing into the stack for thread: 0x000001e1c011e800
RSP=0x000000ae793fdee8 is pointing into the stack for thread: 0x000001e1c011e800
RBP=0x000000ae793fdf88 is pointing into the stack for thread: 0x000001e1c011e800
RSI=0x0000000084246ed0 is an oop: java.lang.Double 
{0x0000000084246ed0} - klass: 'java/lang/Double'
RDI=0x000001e1a8b19f00 is at code_begin+1664 in an Interpreter codelet
invoke return entry points  [0x000001e1a8b19880, 0x000001e1a8b1a2a0]  2592 bytes
R8 =0x000001e1bfa72df8 points into unknown readable memory: f1 02 00 00 18 00 00 00
R9 =0x0000000082143aa0 is an oop: java.lang.Object 
{0x0000000082143aa0} - klass: 'java/lang/Object'
R10=0x000001e1a8b1f368 is at code_begin+1000 in an Interpreter codelet
method entry point (kind = native)  [0x000001e1a8b1ef80, 0x000001e1a8b1fa20]  2720 bytes
R11=0x0000000000000102 is an unknown value
R12=0x0 is NULL
R13={method} {0x000001e1cc687500} 'nativeSetGain' '(JD)V' in 'com/sun/media/jfxmediaimpl/NativeEqualizerBand'
R14=0x000000ae793fdfc8 is pointing into the stack for thread: 0x000001e1c011e800
R15=0x000001e1c011e800 is a thread


Registers:
RAX=0x00000018000002f1, RBX=0x000001e1cc6874f8, RCX=0x000001e1bfa72df8, RDX=0x000000ae793fdfc8
RSP=0x000000ae793fdee8, RBP=0x000000ae793fdf88, RSI=0x0000000084246ed0, RDI=0x000001e1a8b19f00
R8 =0x000001e1bfa72df8, R9 =0x0000000082143aa0, R10=0x000001e1a8b1f368, R11=0x0000000000000102
R12=0x0000000000000000, R13=0x000001e1cc6874f8, R14=0x000000ae793fdfc8, R15=0x000001e1c011e800
RIP=0x00007ffd4cf137e9, EFLAGS=0x0000000000010202

Top of Stack: (sp=0x000000ae793fdee8)
0x000000ae793fdee8:   000001e1a8b1f397 000000ae793fe028
0x000000ae793fdef8:   00007ffd349c9f32 0000000000000000
0x000000ae793fdf08:   000001e1bf6ac240 000001e1c00bbc09
0x000000ae793fdf18:   ffffffffffffffff 0000000000000035
0x000000ae793fdf28:   0000000000000028 00000006009bed93
0x000000ae793fdf38:   0000000000000000 000000ae793fdf40
0x000000ae793fdf48:   0000000000000000 000000ae793fdfc8
0x000000ae793fdf58:   000001e1cc687580 0000000000000000
0x000000ae793fdf68:   000000008208df50 000001e1cc6874f8
0x000000ae793fdf78:   0000000000000000 000000ae793fdfa8
0x000000ae793fdf88:   000000ae793fe018 000001e1a8b1a1b3
0x000000ae793fdf98:   0000000000000000 000001e1a8b1c398
0x000000ae793fdfa8:   4001a2b87c5f5a24 4028000000000000
0x000000ae793fdfb8:   000001e1bfa72df8 0000000000000000
0x000000ae793fdfc8:   000000008198ba00 000000ae793fdfd0
0x000000ae793fdfd8:   000001e1cc687126 000000ae793fe038 

Instructions: (pc=0x00007ffd4cf137e9)
0x00007ffd4cf136e9:   8b 03 ba 01 00 00 00 48 8b cb ff 50 08 33 db 48
0x00007ffd4cf136f9:   85 ff 74 13 48 85 db 74 0e 48 8b 07 4c 8b c3 8b
0x00007ffd4cf13709:   d6 48 8b cf ff 50 20 48 8b 5c 24 40 48 8b 6c 24
0x00007ffd4cf13719:   48 48 8b 74 24 50 48 83 c4 30 5f c3 cc cc cc cc
0x00007ffd4cf13729:   cc cc cc cc cc cc cc 4d 85 c0 74 11 49 8b 00 41
0x00007ffd4cf13739:   80 f9 01 49 8b c8 0f 94 c2 48 ff 60 18 c3 cc cc
0x00007ffd4cf13749:   cc cc cc cc cc cc cc 4d 85 c0 74 0d 49 8b 00 0f
0x00007ffd4cf13759:   28 cb 49 8b c8 48 ff 60 38 c3 cc cc cc cc cc cc
0x00007ffd4cf13769:   cc cc cc cc cc cc cc 4d 85 c0 74 0d 49 8b 00 41
0x00007ffd4cf13779:   8b d1 49 8b c8 48 ff 60 48 c3 cc cc cc cc cc cc
0x00007ffd4cf13789:   cc cc cc cc cc cc cc 49 8b 00 49 8b c8 48 ff 60
0x00007ffd4cf13799:   18 cc cc cc cc cc cc 49 8b 00 49 8b c8 48 ff 60
0x00007ffd4cf137a9:   08 cc cc cc cc cc cc 49 8b 00 49 8b c8 48 ff 60
0x00007ffd4cf137b9:   28 cc cc cc cc cc cc 49 8b 00 0f 28 cb 49 8b c8
0x00007ffd4cf137c9:   48 ff 60 20 cc cc cc 49 8b 00 0f 28 cb 49 8b c8
0x00007ffd4cf137d9:   48 ff 60 10 cc cc cc 49 8b 00 0f 28 cb 49 8b c8
0x00007ffd4cf137e9:   48 ff 60 30 cc cc cc 48 8d 05 31 48 01 00 48 c7
0x00007ffd4cf137f9:   41 08 00 00 00 00 48 89 01 48 8b c1 c3 cc cc cc
0x00007ffd4cf13809:   cc cc cc cc cc cc cc 40 53 48 83 ec 20 48 8d 05
0x00007ffd4cf13819:   ab 47 01 00 48 8b d9 48 89 01 f6 c2 01 74 0a ba
0x00007ffd4cf13829:   18 00 00 00 e8 26 16 01 00 48 8b c3 48 83 c4 20
0x00007ffd4cf13839:   5b c3 cc cc cc cc cc 40 53 48 83 ec 20 48 8d 05
0x00007ffd4cf13849:   7b 47 01 00 48 8b d9 48 89 01 f6 c2 01 74 0a ba
0x00007ffd4cf13859:   08 00 00 00 e8 f6 15 01 00 48 8b c3 48 83 c4 20
0x00007ffd4cf13869:   5b c3 cc cc cc cc cc 4c 89 44 24 18 4c 89 4c 24
0x00007ffd4cf13879:   20 48 83 ec 28 48 8b 01 4c 8d 4c 24 48 ff 90 30
0x00007ffd4cf13889:   01 00 00 48 83 c4 28 c3 cc cc cc cc cc cc cc cc
0x00007ffd4cf13899:   cc cc cc cc cc cc cc 4c 89 44 24 18 4c 89 4c 24
0x00007ffd4cf138a9:   20 48 83 ec 28 48 8b 01 4c 8d 4c 24 48 ff 90 90
0x00007ffd4cf138b9:   01 00 00 48 83 c4 28 c3 cc cc cc cc cc cc cc cc
0x00007ffd4cf138c9:   cc cc cc cc cc cc cc 4c 89 44 24 18 4c 89 4c 24
0x00007ffd4cf138d9:   20 48 83 ec 28 48 8b 01 4c 8d 4c 24 48 ff 90 a8 


Stack slot to memory mapping:
stack at sp + 0 slots: 0x000001e1a8b1f397 is at code_begin+1047 in an Interpreter codelet
method entry point (kind = native)  [0x000001e1a8b1ef80, 0x000001e1a8b1fa20]  2720 bytes
stack at sp + 1 slots: 0x000000ae793fe028 is pointing into the stack for thread: 0x000001e1c011e800
stack at sp + 2 slots: 0x00007ffd349c9f32 points into unknown readable memory: 48 81 c4 90 00 00
stack at sp + 3 slots: 0x0 is NULL
stack at sp + 4 slots: 0x000001e1bf6ac240 points into unknown readable memory: 10 36 2e ca e1 01 00 00
stack at sp + 5 slots: 0x000001e1c00bbc09 points into unknown readable memory: 00 70 00 00 00 00 00
stack at sp + 6 slots: 0xffffffffffffffff is an unknown value
stack at sp + 7 slots: 0x0000000000000035 is an unknown value


---------------  P R O C E S S  ---------------

Threads class SMR info:
_java_thread_list=0x000001e1c83258b0, length=26, elements={
0x000001e1a0090800, 0x000001e1beb94000, 0x000001e1beb95000, 0x000001e1bebae000,
0x000001e1bebaf000, 0x000001e1bebb2800, 0x000001e1bebb9800, 0x000001e1bebc1800,
0x000001e1bf528800, 0x000001e1bf5dc800, 0x000001e1c0025800, 0x000001e1bfaad800,
0x000001e1bf6e5800, 0x000001e1bfbfc800, 0x000001e1c011e800, 0x000001e1bfbb0800,
0x000001e1c0c32000, 0x000001e1c7c7a000, 0x000001e1c84ca000, 0x000001e1c86ce800,
0x000001e1c82cb000, 0x000001e1c86cd000, 0x000001e1c8a3f800, 0x000001e1cf99b800,
0x000001e1cf999800, 0x000001e1c8a3d800
}

Java Threads: ( => current thread )
  0x000001e1a0090800 JavaThread "main" [_thread_blocked, id=19464, stack(0x000000ae77d00000,0x000000ae77e00000)]
  0x000001e1beb94000 JavaThread "Reference Handler" daemon [_thread_blocked, id=9740, stack(0x000000ae78400000,0x000000ae78500000)]
  0x000001e1beb95000 JavaThread "Finalizer" daemon [_thread_blocked, id=18980, stack(0x000000ae78500000,0x000000ae78600000)]
  0x000001e1bebae000 JavaThread "Signal Dispatcher" daemon [_thread_blocked, id=16028, stack(0x000000ae78600000,0x000000ae78700000)]
  0x000001e1bebaf000 JavaThread "Attach Listener" daemon [_thread_blocked, id=17276, stack(0x000000ae78700000,0x000000ae78800000)]
  0x000001e1bebb2800 JavaThread "Service Thread" daemon [_thread_blocked, id=12896, stack(0x000000ae78800000,0x000000ae78900000)]
  0x000001e1bebb9800 JavaThread "C2 CompilerThread0" daemon [_thread_blocked, id=16876, stack(0x000000ae78900000,0x000000ae78a00000)]
  0x000001e1bebc1800 JavaThread "C1 CompilerThread0" daemon [_thread_blocked, id=23980, stack(0x000000ae78a00000,0x000000ae78b00000)]
  0x000001e1bf528800 JavaThread "Sweeper thread" daemon [_thread_blocked, id=12180, stack(0x000000ae78b00000,0x000000ae78c00000)]
  0x000001e1bf5dc800 JavaThread "Common-Cleaner" daemon [_thread_blocked, id=1008, stack(0x000000ae78c00000,0x000000ae78d00000)]
  0x000001e1c0025800 JavaThread "Monitor Ctrl-Break" daemon [_thread_in_native, id=9228, stack(0x000000ae78e00000,0x000000ae78f00000)]
  0x000001e1bfaad800 JavaThread "Notification Thread" daemon [_thread_blocked, id=6440, stack(0x000000ae78f00000,0x000000ae79000000)]
  0x000001e1bf6e5800 JavaThread "QuantumRenderer-0" daemon [_thread_blocked, id=21044, stack(0x000000ae78d00000,0x000000ae78e00000)]
  0x000001e1bfbfc800 JavaThread "InvokeLaterDispatcher" daemon [_thread_blocked, id=13124, stack(0x000000ae79200000,0x000000ae79300000)]
=>0x000001e1c011e800 JavaThread "JavaFX Application Thread" [_thread_in_native, id=10704, stack(0x000000ae79300000,0x000000ae79400000)]
  0x000001e1bfbb0800 JavaThread "JavaFX-Launcher" [_thread_blocked, id=16928, stack(0x000000ae79910000,0x000000ae79a10000)]
  0x000001e1c0c32000 JavaThread "Thread-2" daemon [_thread_in_native, id=14880, stack(0x000000ae79810000,0x000000ae79910000)]
  0x000001e1c7c7a000 JavaThread "Prism Font Disposer" daemon [_thread_blocked, id=22524, stack(0x000000ae79e10000,0x000000ae79f10000)]
  0x000001e1c84ca000 JavaThread "Cleaner-0" daemon [_thread_blocked, id=24904, stack(0x000000ae79f50000,0x000000ae7a050000)]
  0x000001e1c86ce800 JavaThread "Media Resource Disposer" daemon [_thread_blocked, id=6908, stack(0x000000ae7a360000,0x000000ae7a460000)]
  0x000001e1c82cb000 JavaThread "JFXMedia Player EventQueueThread" daemon [_thread_blocked, id=21096, stack(0x000000ae7b060000,0x000000ae7b160000)]
  0x000001e1c86cd000 JavaThread "JFXMedia Player EventQueueThread" daemon [_thread_blocked, id=18184, stack(0x000000ae7b260000,0x000000ae7b360000)]
  0x000001e1c8a3f800 JavaThread "JFXMedia Player EventQueueThread" daemon [_thread_blocked, id=19420, stack(0x000000ae7b460000,0x000000ae7b560000)]
  0x000001e1cf99b800 JavaThread "JFXMedia Player EventQueueThread" daemon [_thread_blocked, id=5792, stack(0x000000ae7ae60000,0x000000ae7af60000)]
  0x000001e1cf999800 JavaThread "JFXMedia Player EventQueueThread" daemon [_thread_blocked, id=1620, stack(0x000000ae7b160000,0x000000ae7b260000)]
  0x000001e1c8a3d800 JavaThread "Timer-64" daemon [_thread_blocked, id=5392, stack(0x000000ae7ac60000,0x000000ae7ad60000)]

Other Threads:
  0x000001e1beb8e800 VMThread "VM Thread" [stack: 0x000000ae78300000,0x000000ae78400000] [id=9644]
  0x000001e1c001b000 WatcherThread [stack: 0x000000ae79000000,0x000000ae79100000] [id=10180]
  0x000001e1a00d1800 GCTaskThread "GC Thread#0" [stack: 0x000000ae77e00000,0x000000ae77f00000] [id=6516]
  0x000001e1bfe0e000 GCTaskThread "GC Thread#1" [stack: 0x000000ae79400000,0x000000ae79500000] [id=16048]
  0x000001e1bfe0f000 GCTaskThread "GC Thread#2" [stack: 0x000000ae79500000,0x000000ae79600000] [id=19372]
  0x000001e1bfa95800 GCTaskThread "GC Thread#3" [stack: 0x000000ae79600000,0x000000ae79700000] [id=20684]
  0x000001e1a00e3000 ConcurrentGCThread "G1 Main Marker" [stack: 0x000000ae77f00000,0x000000ae78000000] [id=8456]
  0x000001e1a00e4800 ConcurrentGCThread "G1 Conc#0" [stack: 0x000000ae78000000,0x000000ae78100000] [id=11844]
  0x000001e1a0161800 ConcurrentGCThread "G1 Refine#0" [stack: 0x000000ae78100000,0x000000ae78200000] [id=10448]
  0x000001e1bea10800 ConcurrentGCThread "G1 Young RemSet Sampling" [stack: 0x000000ae78200000,0x000000ae78300000] [id=24820]

Threads with active compile tasks:

VM state:not at safepoint (normal execution)

VM Mutex/Monitor currently owned by a thread: None

Heap address: 0x0000000080a00000, size: 2038 MB, Compressed Oops mode: 32-bit
Narrow klass base: 0x0000000800000000, Narrow klass shift: 3
Compressed class space size: 1073741824 Address: 0x0000000800b30000

Heap:
 garbage-first heap   total 102400K, used 77027K [0x0000000080a00000, 0x0000000100000000)
  region size 1024K, 50 young (51200K), 1 survivors (1024K)
 Metaspace       used 24210K, capacity 25220K, committed 25344K, reserved 1071104K
  class space    used 3158K, capacity 3545K, committed 3584K, reserved 1048576K
Heap Regions: E=young(eden), S=young(survivor), O=old, HS=humongous(starts), HC=humongous(continues), CS=collection set, F=free, OA=open archive, CA=closed archive, TAMS=top-at-mark-start (previous, next)
|   0|0x0000000080a00000, 0x0000000080b00000, 0x0000000080b00000|100%| O|  |TAMS 0x0000000080b00000, 0x0000000080a00000| Untracked 
|   1|0x0000000080b00000, 0x0000000080c00000, 0x0000000080c00000|100%| O|  |TAMS 0x0000000080c00000, 0x0000000080b00000| Untracked 
|   2|0x0000000080c00000, 0x0000000080d00000, 0x0000000080d00000|100%| O|  |TAMS 0x0000000080d00000, 0x0000000080c00000| Untracked 
|   3|0x0000000080d00000, 0x0000000080e00000, 0x0000000080e00000|100%| O|  |TAMS 0x0000000080e00000, 0x0000000080d00000| Untracked 
|   4|0x0000000080e00000, 0x0000000080f00000, 0x0000000080f00000|100%| O|  |TAMS 0x0000000080f00000, 0x0000000080e00000| Untracked 
|   5|0x0000000080f00000, 0x0000000081000000, 0x0000000081000000|100%|HS|  |TAMS 0x0000000081000000, 0x0000000080f00000| Complete 
|   6|0x0000000081000000, 0x0000000081100000, 0x0000000081100000|100%|HC|  |TAMS 0x0000000081100000, 0x0000000081000000| Complete 
|   7|0x0000000081100000, 0x0000000081200000, 0x0000000081200000|100%| O|  |TAMS 0x0000000081200000, 0x0000000081100000| Untracked 
|   8|0x0000000081200000, 0x0000000081300000, 0x0000000081300000|100%| O|  |TAMS 0x0000000081300000, 0x0000000081200000| Untracked 
|   9|0x0000000081300000, 0x0000000081400000, 0x0000000081400000|100%| O|  |TAMS 0x0000000081400000, 0x0000000081300000| Untracked 
|  10|0x0000000081400000, 0x0000000081500000, 0x0000000081500000|100%|HS|  |TAMS 0x0000000081500000, 0x0000000081400000| Complete 
|  11|0x0000000081500000, 0x0000000081600000, 0x0000000081600000|100%| O|  |TAMS 0x0000000081600000, 0x0000000081500000| Untracked 
|  12|0x0000000081600000, 0x0000000081700000, 0x0000000081700000|100%| O|  |TAMS 0x0000000081700000, 0x0000000081600000| Untracked 
|  13|0x0000000081700000, 0x0000000081800000, 0x0000000081800000|100%| O|  |TAMS 0x0000000081700000, 0x0000000081700000| Untracked 
|  14|0x0000000081800000, 0x0000000081900000, 0x0000000081900000|100%| O|  |TAMS 0x0000000081800000, 0x0000000081800000| Untracked 
|  15|0x0000000081900000, 0x0000000081a00000, 0x0000000081a00000|100%| O|  |TAMS 0x0000000081900000, 0x0000000081900000| Untracked 
|  16|0x0000000081a00000, 0x0000000081b00000, 0x0000000081b00000|100%| O|  |TAMS 0x0000000081b00000, 0x0000000081a00000| Untracked 
|  17|0x0000000081b00000, 0x0000000081c00000, 0x0000000081c00000|100%| O|  |TAMS 0x0000000081b00000, 0x0000000081b00000| Untracked 
|  18|0x0000000081c00000, 0x0000000081d00000, 0x0000000081d00000|100%| O|  |TAMS 0x0000000081c00000, 0x0000000081c00000| Untracked 
|  19|0x0000000081d00000, 0x0000000081e00000, 0x0000000081e00000|100%| O|  |TAMS 0x0000000081e00000, 0x0000000081d00000| Untracked 
|  20|0x0000000081e00000, 0x0000000081f00000, 0x0000000081f00000|100%| O|  |TAMS 0x0000000081e00000, 0x0000000081e00000| Untracked 
|  21|0x0000000081f00000, 0x0000000082000000, 0x0000000082000000|100%| O|  |TAMS 0x0000000081f00000, 0x0000000081f00000| Untracked 
|  22|0x0000000082000000, 0x0000000082100000, 0x0000000082100000|100%| O|  |TAMS 0x0000000082100000, 0x0000000082000000| Untracked 
|  23|0x0000000082100000, 0x0000000082200000, 0x0000000082200000|100%| O|  |TAMS 0x0000000082200000, 0x0000000082100000| Untracked 
|  24|0x0000000082200000, 0x0000000082300000, 0x0000000082300000|100%| O|  |TAMS 0x0000000082300000, 0x0000000082200000| Untracked 
|  25|0x0000000082300000, 0x0000000082400000, 0x0000000082400000|100%| O|  |TAMS 0x00000000823d4c00, 0x0000000082300000| Untracked 
|  26|0x0000000082400000, 0x00000000824d3c00, 0x0000000082500000| 82%| O|  |TAMS 0x0000000082400000, 0x0000000082400000| Untracked 
|  27|0x0000000082500000, 0x0000000082500000, 0x0000000082600000|  0%| F|  |TAMS 0x0000000082500000, 0x0000000082500000| Untracked 
|  28|0x0000000082600000, 0x0000000082600000, 0x0000000082700000|  0%| F|  |TAMS 0x0000000082600000, 0x0000000082600000| Untracked 
|  29|0x0000000082700000, 0x0000000082700000, 0x0000000082800000|  0%| F|  |TAMS 0x0000000082700000, 0x0000000082700000| Untracked 
|  30|0x0000000082800000, 0x0000000082800000, 0x0000000082900000|  0%| F|  |TAMS 0x0000000082800000, 0x0000000082800000| Untracked 
|  31|0x0000000082900000, 0x0000000082900000, 0x0000000082a00000|  0%| F|  |TAMS 0x0000000082900000, 0x0000000082900000| Untracked 
|  32|0x0000000082a00000, 0x0000000082a00000, 0x0000000082b00000|  0%| F|  |TAMS 0x0000000082a00000, 0x0000000082a00000| Untracked 
|  33|0x0000000082b00000, 0x0000000082b00000, 0x0000000082c00000|  0%| F|  |TAMS 0x0000000082b00000, 0x0000000082b00000| Untracked 
|  34|0x0000000082c00000, 0x0000000082c00000, 0x0000000082d00000|  0%| F|  |TAMS 0x0000000082c00000, 0x0000000082c00000| Untracked 
|  35|0x0000000082d00000, 0x0000000082d00000, 0x0000000082e00000|  0%| F|  |TAMS 0x0000000082d00000, 0x0000000082d00000| Untracked 
|  36|0x0000000082e00000, 0x0000000082e00000, 0x0000000082f00000|  0%| F|  |TAMS 0x0000000082e00000, 0x0000000082e00000| Untracked 
|  37|0x0000000082f00000, 0x0000000082f00000, 0x0000000083000000|  0%| F|  |TAMS 0x0000000082f00000, 0x0000000082f00000| Untracked 
|  38|0x0000000083000000, 0x0000000083000000, 0x0000000083100000|  0%| F|  |TAMS 0x0000000083000000, 0x0000000083000000| Untracked 
|  39|0x0000000083100000, 0x0000000083100000, 0x0000000083200000|  0%| F|  |TAMS 0x0000000083100000, 0x0000000083100000| Untracked 
|  40|0x0000000083200000, 0x0000000083265280, 0x0000000083300000| 39%| S|CS|TAMS 0x0000000083200000, 0x0000000083200000| Complete 
|  41|0x0000000083300000, 0x0000000083300000, 0x0000000083400000|  0%| F|  |TAMS 0x0000000083300000, 0x0000000083300000| Untracked 
|  42|0x0000000083400000, 0x0000000083400000, 0x0000000083500000|  0%| F|  |TAMS 0x0000000083400000, 0x0000000083400000| Untracked 
|  43|0x0000000083500000, 0x0000000083500000, 0x0000000083600000|  0%| F|  |TAMS 0x0000000083500000, 0x0000000083500000| Untracked 
|  44|0x0000000083600000, 0x0000000083600000, 0x0000000083700000|  0%| F|  |TAMS 0x0000000083600000, 0x0000000083600000| Untracked 
|  45|0x0000000083700000, 0x0000000083700000, 0x0000000083800000|  0%| F|  |TAMS 0x0000000083700000, 0x0000000083700000| Untracked 
|  46|0x0000000083800000, 0x0000000083800000, 0x0000000083900000|  0%| F|  |TAMS 0x0000000083800000, 0x0000000083800000| Untracked 
|  47|0x0000000083900000, 0x0000000083900000, 0x0000000083a00000|  0%| F|  |TAMS 0x0000000083900000, 0x0000000083900000| Untracked 
|  48|0x0000000083a00000, 0x0000000083a00000, 0x0000000083b00000|  0%| F|  |TAMS 0x0000000083a00000, 0x0000000083a00000| Untracked 
|  49|0x0000000083b00000, 0x0000000083b00000, 0x0000000083c00000|  0%| F|  |TAMS 0x0000000083b00000, 0x0000000083b00000| Untracked 
|  50|0x0000000083c00000, 0x0000000083c00000, 0x0000000083d00000|  0%| F|  |TAMS 0x0000000083c00000, 0x0000000083c00000| Untracked 
|  51|0x0000000083d00000, 0x0000000083dfcad8, 0x0000000083e00000| 98%| E|  |TAMS 0x0000000083d00000, 0x0000000083d00000| Complete 
|  52|0x0000000083e00000, 0x0000000083f00000, 0x0000000083f00000|100%| E|CS|TAMS 0x0000000083e00000, 0x0000000083e00000| Complete 
|  53|0x0000000083f00000, 0x0000000084000000, 0x0000000084000000|100%| E|CS|TAMS 0x0000000083f00000, 0x0000000083f00000| Complete 
|  54|0x0000000084000000, 0x0000000084100000, 0x0000000084100000|100%| E|CS|TAMS 0x0000000084000000, 0x0000000084000000| Complete 
|  55|0x0000000084100000, 0x0000000084200000, 0x0000000084200000|100%| E|CS|TAMS 0x0000000084100000, 0x0000000084100000| Complete 
|  56|0x0000000084200000, 0x0000000084300000, 0x0000000084300000|100%| E|CS|TAMS 0x0000000084200000, 0x0000000084200000| Complete 
|  57|0x0000000084300000, 0x0000000084400000, 0x0000000084400000|100%| E|CS|TAMS 0x0000000084300000, 0x0000000084300000| Complete 
|  58|0x0000000084400000, 0x0000000084500000, 0x0000000084500000|100%| E|CS|TAMS 0x0000000084400000, 0x0000000084400000| Complete 
|  59|0x0000000084500000, 0x0000000084600000, 0x0000000084600000|100%| E|CS|TAMS 0x0000000084500000, 0x0000000084500000| Complete 
|  60|0x0000000084600000, 0x0000000084700000, 0x0000000084700000|100%| E|CS|TAMS 0x0000000084600000, 0x0000000084600000| Complete 
|  61|0x0000000084700000, 0x0000000084800000, 0x0000000084800000|100%| E|CS|TAMS 0x0000000084700000, 0x0000000084700000| Complete 
|  62|0x0000000084800000, 0x0000000084900000, 0x0000000084900000|100%| E|CS|TAMS 0x0000000084800000, 0x0000000084800000| Complete 
|  63|0x0000000084900000, 0x0000000084a00000, 0x0000000084a00000|100%| E|CS|TAMS 0x0000000084900000, 0x0000000084900000| Complete 
|  64|0x0000000084a00000, 0x0000000084b00000, 0x0000000084b00000|100%| E|CS|TAMS 0x0000000084a00000, 0x0000000084a00000| Complete 
|  65|0x0000000084b00000, 0x0000000084c00000, 0x0000000084c00000|100%| E|CS|TAMS 0x0000000084b00000, 0x0000000084b00000| Complete 
|  66|0x0000000084c00000, 0x0000000084d00000, 0x0000000084d00000|100%| E|CS|TAMS 0x0000000084c00000, 0x0000000084c00000| Complete 
|  67|0x0000000084d00000, 0x0000000084e00000, 0x0000000084e00000|100%| E|CS|TAMS 0x0000000084d00000, 0x0000000084d00000| Complete 
|  68|0x0000000084e00000, 0x0000000084f00000, 0x0000000084f00000|100%| E|CS|TAMS 0x0000000084e00000, 0x0000000084e00000| Complete 
|  69|0x0000000084f00000, 0x0000000085000000, 0x0000000085000000|100%| E|CS|TAMS 0x0000000084f00000, 0x0000000084f00000| Complete 
|  70|0x0000000085000000, 0x0000000085100000, 0x0000000085100000|100%| E|CS|TAMS 0x0000000085000000, 0x0000000085000000| Complete 
|  71|0x0000000085100000, 0x0000000085200000, 0x0000000085200000|100%| E|CS|TAMS 0x0000000085100000, 0x0000000085100000| Complete 
|  72|0x0000000085200000, 0x0000000085300000, 0x0000000085300000|100%| E|CS|TAMS 0x0000000085200000, 0x0000000085200000| Complete 
|  73|0x0000000085300000, 0x0000000085400000, 0x0000000085400000|100%| E|CS|TAMS 0x0000000085300000, 0x0000000085300000| Complete 
|  74|0x0000000085400000, 0x0000000085500000, 0x0000000085500000|100%| E|CS|TAMS 0x0000000085400000, 0x0000000085400000| Complete 
|  75|0x0000000085500000, 0x0000000085600000, 0x0000000085600000|100%| E|CS|TAMS 0x0000000085500000, 0x0000000085500000| Complete 
|  76|0x0000000085600000, 0x0000000085700000, 0x0000000085700000|100%| E|CS|TAMS 0x0000000085600000, 0x0000000085600000| Complete 
|  77|0x0000000085700000, 0x0000000085800000, 0x0000000085800000|100%| E|CS|TAMS 0x0000000085700000, 0x0000000085700000| Complete 
|  78|0x0000000085800000, 0x0000000085900000, 0x0000000085900000|100%| E|CS|TAMS 0x0000000085800000, 0x0000000085800000| Complete 
|  79|0x0000000085900000, 0x0000000085a00000, 0x0000000085a00000|100%| E|CS|TAMS 0x0000000085900000, 0x0000000085900000| Complete 
|  80|0x0000000085a00000, 0x0000000085b00000, 0x0000000085b00000|100%| E|CS|TAMS 0x0000000085a00000, 0x0000000085a00000| Complete 
|  81|0x0000000085b00000, 0x0000000085c00000, 0x0000000085c00000|100%| E|CS|TAMS 0x0000000085b00000, 0x0000000085b00000| Complete 
|  82|0x0000000085c00000, 0x0000000085d00000, 0x0000000085d00000|100%| E|CS|TAMS 0x0000000085c00000, 0x0000000085c00000| Complete 
|  83|0x0000000085d00000, 0x0000000085e00000, 0x0000000085e00000|100%| E|CS|TAMS 0x0000000085d00000, 0x0000000085d00000| Complete 
|  84|0x0000000085e00000, 0x0000000085f00000, 0x0000000085f00000|100%| E|CS|TAMS 0x0000000085e00000, 0x0000000085e00000| Complete 
|  85|0x0000000085f00000, 0x0000000086000000, 0x0000000086000000|100%| E|CS|TAMS 0x0000000085f00000, 0x0000000085f00000| Complete 
|  86|0x0000000086000000, 0x0000000086100000, 0x0000000086100000|100%| E|CS|TAMS 0x0000000086000000, 0x0000000086000000| Complete 
|  87|0x0000000086100000, 0x0000000086200000, 0x0000000086200000|100%| E|CS|TAMS 0x0000000086100000, 0x0000000086100000| Complete 
|  88|0x0000000086200000, 0x0000000086300000, 0x0000000086300000|100%| E|CS|TAMS 0x0000000086200000, 0x0000000086200000| Complete 
|  89|0x0000000086300000, 0x0000000086400000, 0x0000000086400000|100%| E|CS|TAMS 0x0000000086300000, 0x0000000086300000| Complete 
|  90|0x0000000086400000, 0x0000000086500000, 0x0000000086500000|100%| E|CS|TAMS 0x0000000086400000, 0x0000000086400000| Complete 
|  91|0x0000000086500000, 0x0000000086600000, 0x0000000086600000|100%| E|CS|TAMS 0x0000000086500000, 0x0000000086500000| Complete 
|  92|0x0000000086600000, 0x0000000086700000, 0x0000000086700000|100%| E|CS|TAMS 0x0000000086600000, 0x0000000086600000| Complete 
|  93|0x0000000086700000, 0x0000000086800000, 0x0000000086800000|100%| E|CS|TAMS 0x0000000086700000, 0x0000000086700000| Complete 
|  94|0x0000000086800000, 0x0000000086900000, 0x0000000086900000|100%| E|CS|TAMS 0x0000000086800000, 0x0000000086800000| Complete 
|  96|0x0000000086a00000, 0x0000000086b00000, 0x0000000086b00000|100%| E|CS|TAMS 0x0000000086a00000, 0x0000000086a00000| Complete 
|  97|0x0000000086b00000, 0x0000000086c00000, 0x0000000086c00000|100%| E|CS|TAMS 0x0000000086b00000, 0x0000000086b00000| Complete 
|  98|0x0000000086c00000, 0x0000000086d00000, 0x0000000086d00000|100%| E|CS|TAMS 0x0000000086c00000, 0x0000000086c00000| Complete 
| 126|0x0000000088800000, 0x0000000088900000, 0x0000000088900000|100%| E|CS|TAMS 0x0000000088800000, 0x0000000088800000| Complete 
| 127|0x0000000088900000, 0x0000000088a00000, 0x0000000088a00000|100%| E|CS|TAMS 0x0000000088900000, 0x0000000088900000| Complete 

Card table byte_map: [0x000001e1b7f10000,0x000001e1b8310000] _byte_map_base: 0x000001e1b7b0b000

Marking Bits (Prev, Next): (CMBitMap*) 0x000001e1a00d2708, (CMBitMap*) 0x000001e1a00d2748
 Prev Bits: [0x000001e1b8710000, 0x000001e1ba6e8000)
 Next Bits: [0x000001e1ba6f0000, 0x000001e1bc6c8000)

Polling page: 0x000001e19e090000

Metaspace:

Usage:
  Non-class:     21.17 MB capacity,    20.56 MB ( 97%) used,   509.73 KB (  2%) free+waste,   113.63 KB ( <1%) overhead. 
      Class:      3.46 MB capacity,     3.08 MB ( 89%) used,   330.57 KB (  9%) free+waste,    55.50 KB (  2%) overhead. 
       Both:     24.63 MB capacity,    23.64 MB ( 96%) used,   840.30 KB (  3%) free+waste,   169.13 KB ( <1%) overhead. 

Virtual space:
  Non-class space:       22.00 MB reserved,      21.25 MB ( 97%) committed 
      Class space:        1.00 GB reserved,       3.50 MB ( <1%) committed 
             Both:        1.02 GB reserved,      24.75 MB (  2%) committed 

Chunk freelists:
   Non-Class:  21.00 KB
       Class:  7.00 KB
        Both:  28.00 KB

MaxMetaspaceSize: 17179869184.00 GB
CompressedClassSpaceSize: 1.00 GB

CodeHeap 'non-profiled nmethods': size=120000Kb used=8402Kb max_used=8402Kb free=111597Kb
 bounds [0x000001e1b05e0000, 0x000001e1b0e20000, 0x000001e1b7b10000]
CodeHeap 'profiled nmethods': size=120000Kb used=12708Kb max_used=13002Kb free=107292Kb
 bounds [0x000001e1a90b0000, 0x000001e1a9de0000, 0x000001e1b05e0000]
CodeHeap 'non-nmethods': size=5760Kb used=1509Kb max_used=1581Kb free=4251Kb
 bounds [0x000001e1a8b10000, 0x000001e1a8d80000, 0x000001e1a90b0000]
 total_blobs=7677 nmethods=6826 adapters=760
 compilation: enabled
              stopped_count=0, restarted_count=0
 full_count=0

Compilation events (20 events):
Event: 781.502 Thread 0x000001e1bebc1800 8836       3       javafx.scene.Node::localToParent (15 bytes)
Event: 781.502 Thread 0x000001e1bebc1800 nmethod 8836 0x000001e1a9ad7410 code [0x000001e1a9ad75c0, 0x000001e1a9ad7878]
Event: 781.502 Thread 0x000001e1bebc1800 8837       3       com.sun.javafx.geom.transform.Translate2D::transform (38 bytes)
Event: 781.503 Thread 0x000001e1bebc1800 nmethod 8837 0x000001e1a9ad6c90 code [0x000001e1a9ad6e60, 0x000001e1a9ad7258]
Event: 781.535 Thread 0x000001e1bebb9800 8838       4       javafx.scene.control.Slider::getOrientation (24 bytes)
Event: 781.538 Thread 0x000001e1bebb9800 nmethod 8838 0x000001e1b0e12b10 code [0x000001e1b0e12ce0, 0x000001e1b0e12ec8]
Event: 781.588 Thread 0x000001e1bebc1800 8839       3       javafx.scene.control.skin.SliderSkin$$Lambda$400/0x0000000800da4840::handle (12 bytes)
Event: 781.588 Thread 0x000001e1bebc1800 nmethod 8839 0x000001e1a9ad6790 code [0x000001e1a9ad6940, 0x000001e1a9ad6ba8]
Event: 781.588 Thread 0x000001e1bebc1800 8840       3       javafx.scene.control.skin.SliderSkin::lambda$initialize$14 (81 bytes)
Event: 781.589 Thread 0x000001e1bebc1800 nmethod 8840 0x000001e1a9ad5910 code [0x000001e1a9ad5b20, 0x000001e1a9ad62a8]
Event: 781.589 Thread 0x000001e1bebc1800 8841       3       com.sun.javafx.scene.control.behavior.SliderBehavior::thumbDragged (47 bytes)
Event: 781.592 Thread 0x000001e1bebc1800 nmethod 8841 0x000001e1a9805690 code [0x000001e1a98059c0, 0x000001e1a9807418]
Event: 782.255 Thread 0x000001e1bebb9800 8842       4       com.sun.javafx.util.Utils::RGBtoHSB (227 bytes)
Event: 782.257 Thread 0x000001e1bebb9800 nmethod 8842 0x000001e1b0e13090 code [0x000001e1b0e132a0, 0x000001e1b0e13538]
Event: 786.542 Thread 0x000001e1bebc1800 8843   !   3       com.sun.glass.ui.Clipboard::get (80 bytes)
Event: 786.543 Thread 0x000001e1bebc1800 nmethod 8843 0x000001e1a9803b10 code [0x000001e1a9803de0, 0x000001e1a9804f48]
Event: 800.686 Thread 0x000001e1bebb9800 8844       4       javafx.scene.Node::setLayoutX (9 bytes)
Event: 800.697 Thread 0x000001e1bebb9800 nmethod 8844 0x000001e1b0e13690 code [0x000001e1b0e13960, 0x000001e1b0e14290]
Event: 801.653 Thread 0x000001e1bebc1800 8845       3       javafx.scene.Node::focusedProperty (5 bytes)
Event: 801.653 Thread 0x000001e1bebc1800 nmethod 8845 0x000001e1a9838190 code [0x000001e1a9838360, 0x000001e1a9838838]

GC Heap History (20 events):
Event: 779.891 GC heap before
{Heap before GC invocations=603 (full 0):
 garbage-first heap   total 102400K, used 88243K [0x0000000080a00000, 0x0000000100000000)
  region size 1024K, 60 young (61440K), 1 survivors (1024K)
 Metaspace       used 24203K, capacity 25219K, committed 25344K, reserved 1071104K
  class space    used 3158K, capacity 3545K, committed 3584K, reserved 1048576K
}
Event: 779.892 GC heap after
{Heap after GC invocations=604 (full 0):
 garbage-first heap   total 102400K, used 27820K [0x0000000080a00000, 0x0000000100000000)
  region size 1024K, 1 young (1024K), 1 survivors (1024K)
 Metaspace       used 24203K, capacity 25219K, committed 25344K, reserved 1071104K
  class space    used 3158K, capacity 3545K, committed 3584K, reserved 1048576K
}
Event: 781.131 GC heap before
{Heap before GC invocations=604 (full 0):
 garbage-first heap   total 102400K, used 88236K [0x0000000080a00000, 0x0000000100000000)
  region size 1024K, 60 young (61440K), 1 survivors (1024K)
 Metaspace       used 24203K, capacity 25219K, committed 25344K, reserved 1071104K
  class space    used 3158K, capacity 3545K, committed 3584K, reserved 1048576K
}
Event: 781.133 GC heap after
{Heap after GC invocations=605 (full 0):
 garbage-first heap   total 102400K, used 27825K [0x0000000080a00000, 0x0000000100000000)
  region size 1024K, 1 young (1024K), 1 survivors (1024K)
 Metaspace       used 24203K, capacity 25219K, committed 25344K, reserved 1071104K
  class space    used 3158K, capacity 3545K, committed 3584K, reserved 1048576K
}
Event: 782.447 GC heap before
{Heap before GC invocations=605 (full 0):
 garbage-first heap   total 102400K, used 88241K [0x0000000080a00000, 0x0000000100000000)
  region size 1024K, 60 young (61440K), 1 survivors (1024K)
 Metaspace       used 24208K, capacity 25220K, committed 25344K, reserved 1071104K
  class space    used 3158K, capacity 3545K, committed 3584K, reserved 1048576K
}
Event: 782.448 GC heap after
{Heap after GC invocations=606 (full 0):
 garbage-first heap   total 102400K, used 27839K [0x0000000080a00000, 0x0000000100000000)
  region size 1024K, 1 young (1024K), 1 survivors (1024K)
 Metaspace       used 24208K, capacity 25220K, committed 25344K, reserved 1071104K
  class space    used 3158K, capacity 3545K, committed 3584K, reserved 1048576K
}
Event: 783.890 GC heap before
{Heap before GC invocations=606 (full 0):
 garbage-first heap   total 102400K, used 88255K [0x0000000080a00000, 0x0000000100000000)
  region size 1024K, 60 young (61440K), 1 survivors (1024K)
 Metaspace       used 24208K, capacity 25220K, committed 25344K, reserved 1071104K
  class space    used 3158K, capacity 3545K, committed 3584K, reserved 1048576K
}
Event: 783.892 GC heap after
{Heap after GC invocations=607 (full 0):
 garbage-first heap   total 102400K, used 27817K [0x0000000080a00000, 0x0000000100000000)
  region size 1024K, 1 young (1024K), 1 survivors (1024K)
 Metaspace       used 24208K, capacity 25220K, committed 25344K, reserved 1071104K
  class space    used 3158K, capacity 3545K, committed 3584K, reserved 1048576K
}
Event: 785.688 GC heap before
{Heap before GC invocations=607 (full 0):
 garbage-first heap   total 102400K, used 88233K [0x0000000080a00000, 0x0000000100000000)
  region size 1024K, 60 young (61440K), 1 survivors (1024K)
 Metaspace       used 24208K, capacity 25220K, committed 25344K, reserved 1071104K
  class space    used 3158K, capacity 3545K, committed 3584K, reserved 1048576K
}
Event: 785.689 GC heap after
{Heap after GC invocations=608 (full 0):
 garbage-first heap   total 102400K, used 27846K [0x0000000080a00000, 0x0000000100000000)
  region size 1024K, 1 young (1024K), 1 survivors (1024K)
 Metaspace       used 24208K, capacity 25220K, committed 25344K, reserved 1071104K
  class space    used 3158K, capacity 3545K, committed 3584K, reserved 1048576K
}
Event: 788.455 GC heap before
{Heap before GC invocations=608 (full 0):
 garbage-first heap   total 102400K, used 88262K [0x0000000080a00000, 0x0000000100000000)
  region size 1024K, 60 young (61440K), 1 survivors (1024K)
 Metaspace       used 24210K, capacity 25220K, committed 25344K, reserved 1071104K
  class space    used 3158K, capacity 3545K, committed 3584K, reserved 1048576K
}
Event: 788.456 GC heap after
{Heap after GC invocations=609 (full 0):
 garbage-first heap   total 102400K, used 27871K [0x0000000080a00000, 0x0000000100000000)
  region size 1024K, 1 young (1024K), 1 survivors (1024K)
 Metaspace       used 24210K, capacity 25220K, committed 25344K, reserved 1071104K
  class space    used 3158K, capacity 3545K, committed 3584K, reserved 1048576K
}
Event: 791.408 GC heap before
{Heap before GC invocations=609 (full 0):
 garbage-first heap   total 102400K, used 88287K [0x0000000080a00000, 0x0000000100000000)
  region size 1024K, 60 young (61440K), 1 survivors (1024K)
 Metaspace       used 24210K, capacity 25220K, committed 25344K, reserved 1071104K
  class space    used 3158K, capacity 3545K, committed 3584K, reserved 1048576K
}
Event: 791.410 GC heap after
{Heap after GC invocations=610 (full 0):
 garbage-first heap   total 102400K, used 27848K [0x0000000080a00000, 0x0000000100000000)
  region size 1024K, 1 young (1024K), 1 survivors (1024K)
 Metaspace       used 24210K, capacity 25220K, committed 25344K, reserved 1071104K
  class space    used 3158K, capacity 3545K, committed 3584K, reserved 1048576K
}
Event: 794.111 GC heap before
{Heap before GC invocations=610 (full 0):
 garbage-first heap   total 102400K, used 88264K [0x0000000080a00000, 0x0000000100000000)
  region size 1024K, 60 young (61440K), 1 survivors (1024K)
 Metaspace       used 24210K, capacity 25220K, committed 25344K, reserved 1071104K
  class space    used 3158K, capacity 3545K, committed 3584K, reserved 1048576K
}
Event: 794.113 GC heap after
{Heap after GC invocations=611 (full 0):
 garbage-first heap   total 102400K, used 27869K [0x0000000080a00000, 0x0000000100000000)
  region size 1024K, 1 young (1024K), 1 survivors (1024K)
 Metaspace       used 24210K, capacity 25220K, committed 25344K, reserved 1071104K
  class space    used 3158K, capacity 3545K, committed 3584K, reserved 1048576K
}
Event: 796.882 GC heap before
{Heap before GC invocations=611 (full 0):
 garbage-first heap   total 102400K, used 88285K [0x0000000080a00000, 0x0000000100000000)
  region size 1024K, 60 young (61440K), 1 survivors (1024K)
 Metaspace       used 24210K, capacity 25220K, committed 25344K, reserved 1071104K
  class space    used 3158K, capacity 3545K, committed 3584K, reserved 1048576K
}
Event: 796.884 GC heap after
{Heap after GC invocations=612 (full 0):
 garbage-first heap   total 102400K, used 27854K [0x0000000080a00000, 0x0000000100000000)
  region size 1024K, 1 young (1024K), 1 survivors (1024K)
 Metaspace       used 24210K, capacity 25220K, committed 25344K, reserved 1071104K
  class space    used 3158K, capacity 3545K, committed 3584K, reserved 1048576K
}
Event: 799.651 GC heap before
{Heap before GC invocations=612 (full 0):
 garbage-first heap   total 102400K, used 88270K [0x0000000080a00000, 0x0000000100000000)
  region size 1024K, 60 young (61440K), 1 survivors (1024K)
 Metaspace       used 24210K, capacity 25220K, committed 25344K, reserved 1071104K
  class space    used 3158K, capacity 3545K, committed 3584K, reserved 1048576K
}
Event: 799.652 GC heap after
{Heap after GC invocations=613 (full 0):
 garbage-first heap   total 102400K, used 27875K [0x0000000080a00000, 0x0000000100000000)
  region size 1024K, 1 young (1024K), 1 survivors (1024K)
 Metaspace       used 24210K, capacity 25220K, committed 25344K, reserved 1071104K
  class space    used 3158K, capacity 3545K, committed 3584K, reserved 1048576K
}

Deoptimization events (20 events):
Event: 634.655 Thread 0x000001e1c011e800 DEOPT PACKING pc=0x000001e1b0cd34b0 sp=0x000000ae793fe860
Event: 634.655 Thread 0x000001e1c011e800 DEOPT UNPACKING pc=0x000001e1a8b5912f sp=0x000000ae793fe620 mode 2
Event: 660.193 Thread 0x000001e1bfbfc800 DEOPT PACKING pc=0x000001e1a90d6637 sp=0x000000ae792ff000
Event: 660.193 Thread 0x000001e1bfbfc800 DEOPT UNPACKING pc=0x000001e1a8b5964e sp=0x000000ae792fe4e0 mode 0
Event: 664.600 Thread 0x000001e1bf6e5800 Uncommon trap: trap_request=0xffffff45 fr.pc=0x000001e1b07eb514 relative=0x0000000000001c34
Event: 664.600 Thread 0x000001e1bf6e5800 Uncommon trap: reason=unstable_if action=reinterpret pc=0x000001e1b07eb514 method=com.sun.marlin.DTransformingPathConsumer2D$PathClipFilter.clip(III)V @ 45 c2
Event: 664.600 Thread 0x000001e1bf6e5800 DEOPT PACKING pc=0x000001e1b07eb514 sp=0x000000ae78dfd830
Event: 664.600 Thread 0x000001e1bf6e5800 DEOPT UNPACKING pc=0x000001e1a8b5912f sp=0x000000ae78dfd688 mode 2
Event: 690.089 Thread 0x000001e1bfbfc800 DEOPT PACKING pc=0x000001e1a9b7dcbd sp=0x000000ae792fefe0
Event: 690.089 Thread 0x000001e1bfbfc800 DEOPT UNPACKING pc=0x000001e1a8b5964e sp=0x000000ae792fe4e0 mode 0
Event: 708.979 Thread 0x000001e1bfbfc800 DEOPT PACKING pc=0x000001e1a9b7dcbd sp=0x000000ae792fefe0
Event: 708.979 Thread 0x000001e1bfbfc800 DEOPT UNPACKING pc=0x000001e1a8b5964e sp=0x000000ae792fe4e0 mode 0
Event: 728.494 Thread 0x000001e1bfbfc800 DEOPT PACKING pc=0x000001e1a9b7dcbd sp=0x000000ae792fefe0
Event: 728.494 Thread 0x000001e1bfbfc800 DEOPT UNPACKING pc=0x000001e1a8b5964e sp=0x000000ae792fe4e0 mode 0
Event: 747.736 Thread 0x000001e1bfbfc800 DEOPT PACKING pc=0x000001e1a9b7dc7c sp=0x000000ae792fefe0
Event: 747.736 Thread 0x000001e1bfbfc800 DEOPT UNPACKING pc=0x000001e1a8b5964e sp=0x000000ae792fe4d0 mode 0
Event: 775.708 Thread 0x000001e1c011e800 DEOPT PACKING pc=0x000001e1a96660a1 sp=0x000000ae793fdb20
Event: 775.708 Thread 0x000001e1c011e800 DEOPT UNPACKING pc=0x000001e1a8b5964e sp=0x000000ae793fd018 mode 0
Event: 777.598 Thread 0x000001e1bfbfc800 DEOPT PACKING pc=0x000001e1a90d6637 sp=0x000000ae792ff000
Event: 777.599 Thread 0x000001e1bfbfc800 DEOPT UNPACKING pc=0x000001e1a8b5964e sp=0x000000ae792fe4e0 mode 0

Classes unloaded (0 events):
No events

Classes redefined (0 events):
No events

Internal exceptions (20 events):
Event: 105.733 Thread 0x000001e1c011e800 Implicit null exception at 0x000001e1b0a38a28 to 0x000001e1b0a3a6e4
Event: 105.989 Thread 0x000001e1c011e800 Implicit null exception at 0x000001e1b08334a7 to 0x000001e1b0834608
Event: 105.989 Thread 0x000001e1c011e800 Implicit null exception at 0x000001e1b0743d34 to 0x000001e1b0743dc0
Event: 105.990 Thread 0x000001e1c011e800 Implicit null exception at 0x000001e1b0844b4e to 0x000001e1b08490bc
Event: 106.033 Thread 0x000001e1c011e800 Implicit null exception at 0x000001e1b07c0fd7 to 0x000001e1b07c1b84
Event: 107.867 Thread 0x000001e1c011e800 Implicit null exception at 0x000001e1b0a35884 to 0x000001e1b0a35f38
Event: 109.739 Thread 0x000001e1bf6e5800 Implicit null exception at 0x000001e1b0ac1028 to 0x000001e1b0ac35e4
Event: 109.743 Thread 0x000001e1bf6e5800 Implicit null exception at 0x000001e1b0abc474 to 0x000001e1b0abe958
Event: 109.825 Thread 0x000001e1bf6e5800 Implicit null exception at 0x000001e1b07a6e66 to 0x000001e1b07a8200
Event: 109.825 Thread 0x000001e1bf6e5800 Implicit null exception at 0x000001e1b07b45e5 to 0x000001e1b07b60a5
Event: 166.521 Thread 0x000001e1c011e800 Implicit null exception at 0x000001e1b0990780 to 0x000001e1b0991010
Event: 338.184 Thread 0x000001e1c011e800 Exception <a 'java/lang/NoSuchMethodError'{0x0000000088921910}: 'void java.lang.invoke.DirectMethodHandle$Holder.invokeSpecial(java.lang.Object, java.lang.Object, double)'> (0x0000000088921910) 
thrown [./src/hotspot/share/interpreter/linkResolver.cpp, line 766]
Event: 338.185 Thread 0x000001e1c011e800 Exception <a 'java/lang/NoSuchMethodError'{0x0000000088926eb8}: 'java.lang.Object java.lang.invoke.DirectMethodHandle$Holder.invokeStatic(java.lang.Object, java.lang.Object, double)'> (0x0000000088926eb8) 
thrown [./src/hotspot/share/interpreter/linkResolver.cpp, line 766]
Event: 351.850 Thread 0x000001e1c011e800 Exception <a 'java/lang/NoSuchMethodError'{0x0000000083888b30}: 'java.lang.Object java.lang.invoke.DirectMethodHandle$Holder.invokeStatic(java.lang.Object, java.lang.Object, java.lang.Object, double, double, double, double, int, int, int, int, int, int, int, int, int)'> (0x0000000083888b30) 
thrown [./src/hotspot/share/interpreter/linkResolver.cpp, line 766]
Event: 366.970 Thread 0x000001e1c011e800 Exception <a 'java/io/FileNotFoundException'{0x0000000086c0de70}> (0x0000000086c0de70) 
thrown [./src/hotspot/share/prims/jni.cpp, line 599]
Event: 367.972 Thread 0x000001e1c011e800 Exception <a 'java/io/FileNotFoundException'{0x0000000086c107b0}> (0x0000000086c107b0) 
thrown [./src/hotspot/share/prims/jni.cpp, line 599]
Event: 368.973 Thread 0x000001e1c011e800 Exception <a 'java/io/FileNotFoundException'{0x0000000086c130f0}> (0x0000000086c130f0) 
thrown [./src/hotspot/share/prims/jni.cpp, line 599]
Event: 369.974 Thread 0x000001e1c011e800 Exception <a 'java/io/FileNotFoundException'{0x0000000086c15a30}> (0x0000000086c15a30) 
thrown [./src/hotspot/share/prims/jni.cpp, line 599]
Event: 370.977 Thread 0x000001e1c011e800 Exception <a 'java/io/FileNotFoundException'{0x0000000086c18370}> (0x0000000086c18370) 
thrown [./src/hotspot/share/prims/jni.cpp, line 599]
Event: 608.838 Thread 0x000001e1c011e800 Implicit null exception at 0x000001e1b075b6c1 to 0x000001e1b075c1d8

Events (20 events):
Event: 801.647 Thread 0x000001e1cf999000 Thread added: 0x000001e1cf999000
Event: 801.647 Thread 0x000001e1cf999000 Thread exited: 0x000001e1cf999000
Event: 801.647 Thread 0x000001e1cf99a800 Thread added: 0x000001e1cf99a800
Event: 801.647 Thread 0x000001e1cf99a800 Thread exited: 0x000001e1cf99a800
Event: 801.686 Thread 0x000001e1c82c9800 Thread added: 0x000001e1c82c9800
Event: 801.686 Thread 0x000001e1c82c9800 Thread exited: 0x000001e1c82c9800
Event: 801.686 Thread 0x000001e1c86cd800 Thread added: 0x000001e1c86cd800
Event: 801.687 Thread 0x000001e1c86cd800 Thread exited: 0x000001e1c86cd800
Event: 801.687 Thread 0x000001e1c86d1000 Thread added: 0x000001e1c86d1000
Event: 801.687 Thread 0x000001e1c86d1000 Thread exited: 0x000001e1c86d1000
Event: 801.687 Thread 0x000001e1c82c8800 Thread added: 0x000001e1c82c8800
Event: 801.687 Thread 0x000001e1c82c8800 Thread exited: 0x000001e1c82c8800
Event: 801.687 Thread 0x000001e1c82c8800 Thread added: 0x000001e1c82c8800
Event: 801.687 Thread 0x000001e1c86cd800 Thread added: 0x000001e1c86cd800
Event: 801.687 Thread 0x000001e1c86cd800 Thread exited: 0x000001e1c86cd800
Event: 801.687 Thread 0x000001e1c82c8800 Thread exited: 0x000001e1c82c8800
Event: 801.688 Thread 0x000001e1c86cd800 Thread added: 0x000001e1c86cd800
Event: 801.688 Thread 0x000001e1c86cd800 Thread exited: 0x000001e1c86cd800
Event: 801.688 Thread 0x000001e1c82c9800 Thread added: 0x000001e1c82c9800
Event: 801.688 Thread 0x000001e1c82c9800 Thread exited: 0x000001e1c82c9800


Dynamic libraries:
0x00007ff6f0710000 - 0x00007ff6f071d000 	C:\Users\i-kee\.jdks\adopt-openjdk-14.0.2\bin\java.exe
0x00007ffd76eb0000 - 0x00007ffd770a5000 	C:\Windows\SYSTEM32\ntdll.dll
0x00007ffd52500000 - 0x00007ffd52512000 	C:\Program Files\Avast Software\Avast\aswhook.dll
0x00007ffd76d50000 - 0x00007ffd76e0d000 	C:\Windows\System32\KERNEL32.DLL
0x00007ffd74ae0000 - 0x00007ffd74da7000 	C:\Windows\System32\KERNELBASE.dll
0x00007ffd746c0000 - 0x00007ffd747c0000 	C:\Windows\System32\ucrtbase.dll
0x00007ffd70540000 - 0x00007ffd70558000 	C:\Users\i-kee\.jdks\adopt-openjdk-14.0.2\bin\jli.dll
0x00007ffd767c0000 - 0x00007ffd76960000 	C:\Windows\System32\USER32.dll
0x00007ffd748d0000 - 0x00007ffd748f2000 	C:\Windows\System32\win32u.dll
0x00007ffd76960000 - 0x00007ffd7698a000 	C:\Windows\System32\GDI32.dll
0x00007ffd74950000 - 0x00007ffd74a59000 	C:\Windows\System32\gdi32full.dll
0x00007ffd745f0000 - 0x00007ffd7468d000 	C:\Windows\System32\msvcp_win.dll
0x00007ffd704c0000 - 0x00007ffd704d5000 	C:\Users\i-kee\.jdks\adopt-openjdk-14.0.2\bin\VCRUNTIME140.dll
0x00007ffd68dd0000 - 0x00007ffd6906b000 	C:\Windows\WinSxS\amd64_microsoft.windows.common-controls_6595b64144ccf1df_6.0.19041.488_none_ca04af081b815d21\COMCTL32.dll
0x00007ffd755b0000 - 0x00007ffd7564e000 	C:\Windows\System32\msvcrt.dll
0x00007ffd75650000 - 0x00007ffd75680000 	C:\Windows\System32\IMM32.DLL
0x00007ffd6c950000 - 0x00007ffd6c9eb000 	C:\Users\i-kee\.jdks\adopt-openjdk-14.0.2\bin\msvcp140.dll
0x00007ffd24cd0000 - 0x00007ffd25864000 	C:\Users\i-kee\.jdks\adopt-openjdk-14.0.2\bin\server\jvm.dll
0x00007ffd76190000 - 0x00007ffd7623a000 	C:\Windows\System32\ADVAPI32.dll
0x00007ffd760f0000 - 0x00007ffd7618b000 	C:\Windows\System32\sechost.dll
0x00007ffd74ff0000 - 0x00007ffd75114000 	C:\Windows\System32\RPCRT4.dll
0x00007ffd75e30000 - 0x00007ffd75e38000 	C:\Windows\System32\PSAPI.DLL
0x00007ffd6af30000 - 0x00007ffd6af39000 	C:\Windows\SYSTEM32\WSOCK32.dll
0x00007ffd764c0000 - 0x00007ffd7652b000 	C:\Windows\System32\WS2_32.dll
0x00007ffd6b980000 - 0x00007ffd6b9a7000 	C:\Windows\SYSTEM32\WINMM.dll
0x00007ffd6ef30000 - 0x00007ffd6ef3a000 	C:\Windows\SYSTEM32\VERSION.dll
0x00007ffd72570000 - 0x00007ffd72583000 	C:\Windows\SYSTEM32\kernel.appcore.dll
0x00007ffd704f0000 - 0x00007ffd704fa000 	C:\Users\i-kee\.jdks\adopt-openjdk-14.0.2\bin\jimage.dll
0x00007ffd6d880000 - 0x00007ffd6da64000 	C:\Windows\SYSTEM32\DBGHELP.DLL
0x00007ffd6d810000 - 0x00007ffd6d83c000 	C:\Windows\SYSTEM32\dbgcore.DLL
0x00007ffd74a60000 - 0x00007ffd74adf000 	C:\Windows\System32\bcryptPrimitives.dll
0x00007ffd6e5d0000 - 0x00007ffd6e5de000 	C:\Users\i-kee\.jdks\adopt-openjdk-14.0.2\bin\instrument.dll
0x00007ffd6e4e0000 - 0x00007ffd6e505000 	C:\Users\i-kee\.jdks\adopt-openjdk-14.0.2\bin\java.dll
0x00007ffd6e5b0000 - 0x00007ffd6e5c6000 	C:\Users\i-kee\.jdks\adopt-openjdk-14.0.2\bin\zip.dll
0x00007ffd756e0000 - 0x00007ffd75e21000 	C:\Windows\System32\SHELL32.dll
0x00007ffd72770000 - 0x00007ffd72f03000 	C:\Windows\SYSTEM32\windows.storage.dll
0x00007ffd76990000 - 0x00007ffd76ce5000 	C:\Windows\System32\combase.dll
0x00007ffd74060000 - 0x00007ffd7408c000 	C:\Windows\SYSTEM32\Wldp.dll
0x00007ffd76240000 - 0x00007ffd762ee000 	C:\Windows\System32\SHCORE.dll
0x00007ffd76cf0000 - 0x00007ffd76d45000 	C:\Windows\System32\shlwapi.dll
0x00007ffd74520000 - 0x00007ffd74546000 	C:\Windows\SYSTEM32\profapi.dll
0x00007ffd6e520000 - 0x00007ffd6e539000 	C:\Users\i-kee\.jdks\adopt-openjdk-14.0.2\bin\net.dll
0x00007ffd6f720000 - 0x00007ffd6f820000 	C:\Windows\SYSTEM32\WINHTTP.dll
0x00007ffd73de0000 - 0x00007ffd73e4a000 	C:\Windows\system32\mswsock.dll
0x00007ffd6c930000 - 0x00007ffd6c942000 	C:\Users\i-kee\.jdks\adopt-openjdk-14.0.2\bin\nio.dll
0x00007ffd61290000 - 0x00007ffd612aa000 	C:\Program Files\JetBrains\IntelliJ IDEA 2020.2.1\bin\breakgen64.dll
0x000001e1a0010000 - 0x000001e1a0013000 	C:\JavaJDK\javafx-sdk-15\bin\api-ms-win-core-console-l1-1-0.dll
0x000001e1a0020000 - 0x000001e1a0023000 	C:\JavaJDK\javafx-sdk-15\bin\api-ms-win-core-console-l1-2-0.dll
0x000001e1a0030000 - 0x000001e1a0033000 	C:\JavaJDK\javafx-sdk-15\bin\api-ms-win-core-datetime-l1-1-0.dll
0x000001e1a0040000 - 0x000001e1a0043000 	C:\JavaJDK\javafx-sdk-15\bin\api-ms-win-core-debug-l1-1-0.dll
0x000001e1a0050000 - 0x000001e1a0053000 	C:\JavaJDK\javafx-sdk-15\bin\api-ms-win-core-errorhandling-l1-1-0.dll
0x000001e1a0060000 - 0x000001e1a0064000 	C:\JavaJDK\javafx-sdk-15\bin\api-ms-win-core-file-l1-1-0.dll
0x000001e1c10d0000 - 0x000001e1c10d3000 	C:\JavaJDK\javafx-sdk-15\bin\api-ms-win-core-file-l1-2-0.dll
0x000001e1c10e0000 - 0x000001e1c10e3000 	C:\JavaJDK\javafx-sdk-15\bin\api-ms-win-core-file-l2-1-0.dll
0x000001e1c10f0000 - 0x000001e1c10f3000 	C:\JavaJDK\javafx-sdk-15\bin\api-ms-win-core-handle-l1-1-0.dll
0x000001e1c1100000 - 0x000001e1c1103000 	C:\JavaJDK\javafx-sdk-15\bin\api-ms-win-core-heap-l1-1-0.dll
0x000001e1c1110000 - 0x000001e1c1113000 	C:\JavaJDK\javafx-sdk-15\bin\api-ms-win-core-interlocked-l1-1-0.dll
0x000001e1c1120000 - 0x000001e1c1123000 	C:\JavaJDK\javafx-sdk-15\bin\api-ms-win-core-libraryloader-l1-1-0.dll
0x000001e1c1130000 - 0x000001e1c1133000 	C:\JavaJDK\javafx-sdk-15\bin\api-ms-win-core-localization-l1-2-0.dll
0x000001e1c1140000 - 0x000001e1c1143000 	C:\JavaJDK\javafx-sdk-15\bin\api-ms-win-core-memory-l1-1-0.dll
0x000001e1c1150000 - 0x000001e1c1153000 	C:\JavaJDK\javafx-sdk-15\bin\api-ms-win-core-namedpipe-l1-1-0.dll
0x000001e1c1160000 - 0x000001e1c1163000 	C:\JavaJDK\javafx-sdk-15\bin\api-ms-win-core-processenvironment-l1-1-0.dll
0x000001e1c1170000 - 0x000001e1c1173000 	C:\JavaJDK\javafx-sdk-15\bin\api-ms-win-core-processthreads-l1-1-0.dll
0x000001e1c1180000 - 0x000001e1c1183000 	C:\JavaJDK\javafx-sdk-15\bin\api-ms-win-core-processthreads-l1-1-1.dll
0x000001e1c1190000 - 0x000001e1c1193000 	C:\JavaJDK\javafx-sdk-15\bin\api-ms-win-core-profile-l1-1-0.dll
0x000001e1c11a0000 - 0x000001e1c11a3000 	C:\JavaJDK\javafx-sdk-15\bin\api-ms-win-core-rtlsupport-l1-1-0.dll
0x000001e1c11b0000 - 0x000001e1c11b3000 	C:\JavaJDK\javafx-sdk-15\bin\api-ms-win-core-string-l1-1-0.dll
0x000001e1c11c0000 - 0x000001e1c11c3000 	C:\JavaJDK\javafx-sdk-15\bin\api-ms-win-core-synch-l1-1-0.dll
0x000001e1c11d0000 - 0x000001e1c11d3000 	C:\JavaJDK\javafx-sdk-15\bin\api-ms-win-core-synch-l1-2-0.dll
0x000001e1c11e0000 - 0x000001e1c11e3000 	C:\JavaJDK\javafx-sdk-15\bin\api-ms-win-core-sysinfo-l1-1-0.dll
0x000001e1c11f0000 - 0x000001e1c11f3000 	C:\JavaJDK\javafx-sdk-15\bin\api-ms-win-core-timezone-l1-1-0.dll
0x000001e1c1200000 - 0x000001e1c1203000 	C:\JavaJDK\javafx-sdk-15\bin\api-ms-win-core-util-l1-1-0.dll
0x000001e1c1210000 - 0x000001e1c1213000 	C:\JavaJDK\javafx-sdk-15\bin\api-ms-win-crt-conio-l1-1-0.dll
0x000001e1c1220000 - 0x000001e1c1224000 	C:\JavaJDK\javafx-sdk-15\bin\api-ms-win-crt-convert-l1-1-0.dll
0x000001e1c1230000 - 0x000001e1c1233000 	C:\JavaJDK\javafx-sdk-15\bin\api-ms-win-crt-environment-l1-1-0.dll
0x000001e1c1240000 - 0x000001e1c1243000 	C:\JavaJDK\javafx-sdk-15\bin\api-ms-win-crt-filesystem-l1-1-0.dll
0x000001e1c1250000 - 0x000001e1c1253000 	C:\JavaJDK\javafx-sdk-15\bin\api-ms-win-crt-heap-l1-1-0.dll
0x000001e1c1260000 - 0x000001e1c1263000 	C:\JavaJDK\javafx-sdk-15\bin\api-ms-win-crt-locale-l1-1-0.dll
0x000001e1c1270000 - 0x000001e1c1275000 	C:\JavaJDK\javafx-sdk-15\bin\api-ms-win-crt-math-l1-1-0.dll
0x000001e1c1280000 - 0x000001e1c1285000 	C:\JavaJDK\javafx-sdk-15\bin\api-ms-win-crt-multibyte-l1-1-0.dll
0x000001e1c1290000 - 0x000001e1c12a0000 	C:\JavaJDK\javafx-sdk-15\bin\api-ms-win-crt-private-l1-1-0.dll
0x000001e1c12a0000 - 0x000001e1c12a3000 	C:\JavaJDK\javafx-sdk-15\bin\api-ms-win-crt-process-l1-1-0.dll
0x000001e1c12b0000 - 0x000001e1c12b4000 	C:\JavaJDK\javafx-sdk-15\bin\api-ms-win-crt-runtime-l1-1-0.dll
0x000001e1c12c0000 - 0x000001e1c12c4000 	C:\JavaJDK\javafx-sdk-15\bin\api-ms-win-crt-stdio-l1-1-0.dll
0x000001e1c12d0000 - 0x000001e1c12d4000 	C:\JavaJDK\javafx-sdk-15\bin\api-ms-win-crt-string-l1-1-0.dll
0x000001e1c12e0000 - 0x000001e1c12e3000 	C:\JavaJDK\javafx-sdk-15\bin\api-ms-win-crt-time-l1-1-0.dll
0x000001e1c12f0000 - 0x000001e1c12f3000 	C:\JavaJDK\javafx-sdk-15\bin\api-ms-win-crt-utility-l1-1-0.dll
0x00007ffd35a40000 - 0x00007ffd35b3c000 	C:\JavaJDK\javafx-sdk-15\bin\ucrtbase.dll
0x00007ffd61000000 - 0x00007ffd61015000 	C:\JavaJDK\javafx-sdk-15\bin\vcruntime140.dll
0x00007ffd6dd50000 - 0x00007ffd6dd5c000 	C:\Windows\System32\vcruntime140_1.dll
0x00007ffd4cf40000 - 0x00007ffd4cfdb000 	C:\JavaJDK\javafx-sdk-15\bin\msvcp140.dll
0x00007ffd60d30000 - 0x00007ffd60d53000 	C:\JavaJDK\javafx-sdk-15\bin\prism_d3d.dll
0x00007ffd6c6a0000 - 0x00007ffd6c86d000 	C:\Windows\system32\d3d9.dll
0x00007ffd72280000 - 0x00007ffd722af000 	C:\Windows\SYSTEM32\dwmapi.dll
0x00007ffd720b0000 - 0x00007ffd7214f000 	C:\Windows\system32\uxtheme.dll
0x00007ffd32610000 - 0x00007ffd32712000 	C:\Windows\System32\DriverStore\FileRepository\nv_dispi.inf_amd64_edf184f24a37bacd\nvldumdx.dll
0x00007ffd74db0000 - 0x00007ffd74f0d000 	C:\Windows\System32\crypt32.dll
0x00007ffd5a850000 - 0x00007ffd5a881000 	C:\Windows\SYSTEM32\cryptnet.dll
0x00007ffd73fb0000 - 0x00007ffd73fbc000 	C:\Windows\SYSTEM32\cryptbase.dll
0x00007ffd74870000 - 0x00007ffd748d0000 	C:\Windows\System32\WINTRUST.DLL
0x00007ffd741e0000 - 0x00007ffd741f2000 	C:\Windows\SYSTEM32\MSASN1.dll
0x00007ffd75120000 - 0x00007ffd7513d000 	C:\Windows\System32\imagehlp.dll
0x00007ffd73fc0000 - 0x00007ffd73fd8000 	C:\Windows\SYSTEM32\CRYPTSP.dll
0x00007ffd73700000 - 0x00007ffd73734000 	C:\Windows\system32\rsaenh.dll
0x00007ffd74690000 - 0x00007ffd746b7000 	C:\Windows\System32\bcrypt.dll
0x00007ffd21f30000 - 0x00007ffd2394a000 	C:\Windows\System32\DriverStore\FileRepository\nv_dispi.inf_amd64_edf184f24a37bacd\nvd3dumx.dll
0x00007ffd5ddf0000 - 0x00007ffd5de35000 	C:\JavaJDK\javafx-sdk-15\bin\glass.dll
0x00007ffd74f10000 - 0x00007ffd74fea000 	C:\Windows\System32\COMDLG32.dll
0x00007ffd76390000 - 0x00007ffd764b9000 	C:\Windows\System32\ole32.dll
0x00007ffd76020000 - 0x00007ffd760ed000 	C:\Windows\System32\OLEAUT32.dll
0x00007ffd75ef0000 - 0x00007ffd76005000 	C:\Windows\System32\MSCTF.dll
0x00007ffd72f20000 - 0x00007ffd72f43000 	C:\Windows\SYSTEM32\gpapi.dll
0x00007ffd658e0000 - 0x00007ffd6591b000 	C:\Windows\SYSTEM32\dxcore.dll
0x00007ffd74900000 - 0x00007ffd7494d000 	C:\Windows\System32\cfgmgr32.dll
0x00007ffd5fed0000 - 0x00007ffd5fee4000 	C:\JavaJDK\javafx-sdk-15\bin\javafx_font.dll
0x00007ffd5ba40000 - 0x00007ffd5bcbe000 	C:\Windows\SYSTEM32\dwrite.dll
0x00007ffd75e40000 - 0x00007ffd75ee8000 	C:\Windows\System32\clbcatq.dll
0x00007ffd68a00000 - 0x00007ffd68bb4000 	C:\Windows\SYSTEM32\WindowsCodecs.dll
0x00007ffd619e0000 - 0x00007ffd61a1e000 	C:\Windows\system32\dataexchange.dll
0x00007ffd70630000 - 0x00007ffd70893000 	C:\Windows\system32\d3d11.dll
0x00007ffd714b0000 - 0x00007ffd71695000 	C:\Windows\system32\dcomp.dll
0x00007ffd72f50000 - 0x00007ffd73043000 	C:\Windows\system32\dxgi.dll
0x00007ffd6e610000 - 0x00007ffd6e817000 	C:\Windows\system32\twinapi.appcore.dll
0x00007ffd4ca60000 - 0x00007ffd4ca94000 	C:\Program Files\Common Files\Microsoft Shared\Ink\rtscom.dll
0x00007ffd58200000 - 0x00007ffd582fd000 	C:\Windows\SYSTEM32\textinputframework.dll
0x00007ffd71a20000 - 0x00007ffd71d7a000 	C:\Windows\System32\CoreUIComponents.dll
0x00007ffd71d80000 - 0x00007ffd71e72000 	C:\Windows\System32\CoreMessaging.dll
0x00007ffd73340000 - 0x00007ffd73373000 	C:\Windows\SYSTEM32\ntmarta.dll

dbghelp: loaded successfully - version: 4.0.5 - missing functions: none
symbol engine: initialized successfully - sym options: 0x614 - pdb path: .;C:\Users\i-kee\.jdks\adopt-openjdk-14.0.2\bin;C:\Windows\SYSTEM32;C:\Program Files\Avast Software\Avast;C:\Windows\WinSxS\amd64_microsoft.windows.common-controls_6595b64144ccf1df_6.0.19041.488_none_ca04af081b815d21;C:\Users\i-kee\.jdks\adopt-openjdk-14.0.2\bin\server;C:\Program Files\JetBrains\IntelliJ IDEA 2020.2.1\bin;C:\JavaJDK\javafx-sdk-15\bin;C:\Windows\System32\DriverStore\FileRepository\nv_dispi.inf_amd64_edf184f24a37bacd;C:\Program Files\Common Files\Microsoft Shared\Ink;C:\Windows\WinSxS\amd64_microsoft.windows.gdiplus_6595b64144ccf1df_1.1.19041.508_none_faefa4f37613d18e;C:\Users\i-kee\AppData\Local\Microsoft\OneDrive\20.143.0716.0003\amd64

VM Arguments:
jvm_args: --module-path=C:\JavaJDK\javafx-sdk-15\lib --add-modules=javafx.controls,javafx.fxml,javafx.media --add-exports=javafx.graphics/com.sun.javafx.sg.prism=ALL-UNNAMED --add-modules=javafx.base,javafx.graphics --add-reads=javafx.base=ALL-UNNAMED --add-reads=javafx.graphics=ALL-UNNAMED -javaagent:C:\Program Files\JetBrains\IntelliJ IDEA 2020.2.1\lib\idea_rt.jar=62534:C:\Program Files\JetBrains\IntelliJ IDEA 2020.2.1\bin -Dfile.encoding=UTF-8 
java_command: Main
java_class_path (initial): C:\GitHub\JFXAmp\out\production\JFXAmp;C:\JavaJDK\javafx-sdk-15\lib\src.zip;C:\JavaJDK\javafx-sdk-15\lib\javafx-swt.jar;C:\JavaJDK\javafx-sdk-15\lib\javafx.web.jar;C:\JavaJDK\javafx-sdk-15\lib\javafx.base.jar;C:\JavaJDK\javafx-sdk-15\lib\javafx.fxml.jar;C:\JavaJDK\javafx-sdk-15\lib\javafx.media.jar;C:\JavaJDK\javafx-sdk-15\lib\javafx.swing.jar;C:\JavaJDK\javafx-sdk-15\lib\javafx.controls.jar;C:\JavaJDK\javafx-sdk-15\lib\javafx.graphics.jar
Launcher Type: SUN_STANDARD

[Global flags]
     intx CICompilerCount                          = 3                                         {product} {ergonomic}
     uint ConcGCThreads                            = 1                                         {product} {ergonomic}
     uint G1ConcRefinementThreads                  = 4                                         {product} {ergonomic}
   size_t G1HeapRegionSize                         = 1048576                                   {product} {ergonomic}
    uintx GCDrainStackTargetSize                   = 64                                        {product} {ergonomic}
   size_t InitialHeapSize                          = 134217728                                 {product} {ergonomic}
   size_t MarkStackSize                            = 4194304                                   {product} {ergonomic}
   size_t MaxHeapSize                              = 2136997888                                {product} {ergonomic}
   size_t MaxNewSize                               = 1281359872                                {product} {ergonomic}
   size_t MinHeapDeltaBytes                        = 1048576                                   {product} {ergonomic}
   size_t MinHeapSize                              = 8388608                                   {product} {ergonomic}
    uintx NonNMethodCodeHeapSize                   = 5832780                                {pd product} {ergonomic}
    uintx NonProfiledCodeHeapSize                  = 122912730                              {pd product} {ergonomic}
    uintx ProfiledCodeHeapSize                     = 122912730                              {pd product} {ergonomic}
    uintx ReservedCodeCacheSize                    = 251658240                              {pd product} {ergonomic}
     bool SegmentedCodeCache                       = true                                      {product} {ergonomic}
   size_t SoftMaxHeapSize                          = 2136997888                             {manageable} {ergonomic}
     bool UseCompressedClassPointers               = true                                 {lp64_product} {ergonomic}
     bool UseCompressedOops                        = true                                 {lp64_product} {ergonomic}
     bool UseG1GC                                  = true                                      {product} {ergonomic}
     bool UseLargePagesIndividualAllocation        = false                                  {pd product} {ergonomic}

Logging:
Log output configuration:
 #0: stdout all=warning uptime,level,tags
 #1: stderr all=off uptime,level,tags

Environment Variables:
PATH=C:\Program Files (x86)\Common Files\Oracle\Java\javapath;C:\Windows\system32;C:\Windows;C:\Windows\System32\Wbem;C:\Windows\System32\WindowsPowerShell\v1.0\;C:\Windows\System32\OpenSSH\;C:\Program Files\Git\cmd;C:\Program Files\PuTTY\;C:\Program Files (x86)\NVIDIA Corporation\PhysX\Common;C:\Users\i-kee\AppData\Local\Microsoft\WindowsApps;C:\Program Files\JetBrains\IntelliJ IDEA 2020.2.1\bin;;C:\Users\i-kee\AppData\Local\GitHubDesktop\bin
USERNAME=i-kee
OS=Windows_NT
PROCESSOR_IDENTIFIER=Intel64 Family 6 Model 58 Stepping 9, GenuineIntel



---------------  S Y S T E M  ---------------

OS: Windows 10 , 64 bit Build 19041 (10.0.19041.292)
OS uptime: 11 days 17:10 hours

CPU:total 4 (initial active 4) (4 cores per cpu, 1 threads per core) family 6 model 58 stepping 9, cmov, cx8, fxsr, mmx, sse, sse2, sse3, ssse3, sse4.1, sse4.2, popcnt, avx, aes, clmul, erms, tsc, tscinvbit, tscinv

Memory: 4k page, system-wide physical 8146M (1368M free)
TotalPageFile size 17893M (AvailPageFile size 3719M)
current process WorkingSet (physical memory assigned to process): 282M, peak: 294M
current process commit charge ("private bytes"): 383M, peak: 477M

vm_info: OpenJDK 64-Bit Server VM (14.0.2+12) for windows-amd64 JRE (14.0.2+12), built on Jul 15 2020 11:30:16 by "" with MS VC++ 15.9 (VS2017)

END.
