#
# A fatal error has been detected by the Java Runtime Environment:
#
#  EXCEPTION_ACCESS_VIOLATION (0xc0000005) at pc=0x00007ffd5b6d37e9, pid=10816, tid=19536
#
# JRE version: OpenJDK Runtime Environment AdoptOpenJDK (14.0.2+12) (build 14.0.2+12)
# Java VM: OpenJDK 64-Bit Server VM AdoptOpenJDK (14.0.2+12, mixed mode, sharing, tiered, compressed oops, g1 gc, windows-amd64)
# Problematic frame:
# C  0x00007ffd5b6d37e9
#
# No core dump will be written. Minidumps are not enabled by default on client versions of Windows
#
# If you would like to submit a bug report, please visit:
#   https://github.com/AdoptOpenJDK/openjdk-support/issues
# The crash happened outside the Java Virtual Machine in native code.
# See problematic frame for where to report the bug.
#

---------------  S U M M A R Y ------------

Command Line: --module-path=C:\JavaJDK\javafx-sdk-15\lib --add-modules=javafx.controls,javafx.fxml,javafx.media --add-exports=javafx.graphics/com.sun.javafx.sg.prism=ALL-UNNAMED --add-modules=javafx.base,javafx.graphics --add-reads=javafx.base=ALL-UNNAMED --add-reads=javafx.graphics=ALL-UNNAMED -javaagent:C:\Program Files\JetBrains\IntelliJ IDEA 2020.2.1\lib\idea_rt.jar=65282:C:\Program Files\JetBrains\IntelliJ IDEA 2020.2.1\bin -Dfile.encoding=UTF-8 sample.Main

Host: Intel(R) Core(TM) i5-3470 CPU @ 3.20GHz, 4 cores, 7G,  Windows 10 , 64 bit Build 19041 (10.0.19041.292)
Time: Wed Sep 30 07:44:42 2020 GMT Summer Time elapsed time: 934 seconds (0d 0h 15m 34s)

---------------  T H R E A D  ---------------

Current thread (0x00000199a18cc800):  JavaThread "JavaFX Application Thread" [_thread_in_native, id=19536, stack(0x0000006deb100000,0x0000006deb200000)]

Stack: [0x0000006deb100000,0x0000006deb200000],  sp=0x0000006deb1fdfa8,  free space=1015k
Native frames: (J=compiled Java code, j=interpreted, Vv=VM code, C=native code)
C  0x00007ffd5b6d37e9

Java frames: (J=compiled Java code, j=interpreted, Vv=VM code)
J 5958  com.sun.media.jfxmediaimpl.NativeEqualizerBand.nativeSetGain(JD)V javafx.media (0 bytes) @ 0x0000019991cd3bef [0x0000019991cd3ba0+0x000000000000004f]
J 6771 c2 com.sun.javafx.binding.BidirectionalBinding$BidirectionalDoubleBinding.changed(Ljavafx/beans/value/ObservableValue;Ljava/lang/Object;Ljava/lang/Object;)V javafx.base (14 bytes) @ 0x0000019991e105f0 [0x0000019991e10340+0x00000000000002b0]
J 5933 c1 com.sun.javafx.binding.ExpressionHelper$Generic.fireValueChangedEvent()V javafx.base (218 bytes) @ 0x000001998a84b464 [0x000001998a84ada0+0x00000000000006c4]
J 3627 c2 javafx.beans.property.DoublePropertyBase.fireValueChangedEvent()V javafx.base (8 bytes) @ 0x0000019991a0a4e8 [0x0000019991a0a480+0x0000000000000068]
J 3426 c2 javafx.beans.property.DoublePropertyBase.set(D)V javafx.base (77 bytes) @ 0x00000199919fa42c [0x00000199919fa3a0+0x000000000000008c]
J 5993 c1 com.sun.javafx.scene.control.behavior.SliderBehavior.thumbDragged(Ljavafx/scene/input/MouseEvent;D)V javafx.controls (47 bytes) @ 0x000001998a44ab74 [0x000001998a4495c0+0x00000000000015b4]
J 5971 c1 javafx.scene.control.skin.SliderSkin.lambda$initialize$14(Ljavafx/scene/input/MouseEvent;)V javafx.controls (81 bytes) @ 0x000001998a99f75c [0x000001998a99f120+0x000000000000063c]
J 5970 c1 javafx.scene.control.skin.SliderSkin$$Lambda$352.handle(Ljavafx/event/Event;)V javafx.controls (12 bytes) @ 0x000001998ab60d54 [0x000001998ab60bc0+0x0000000000000194]
J 5964 c2 com.sun.javafx.event.EventHandlerManager.dispatchBubblingEvent(Ljavafx/event/Event;)Ljavafx/event/Event; javafx.base (23 bytes) @ 0x0000019991cd73d0 [0x0000019991cd7040+0x0000000000000390]
J 6001 c2 com.sun.javafx.event.CompositeEventDispatcher.dispatchBubblingEvent(Ljavafx/event/Event;)Ljavafx/event/Event; javafx.base (35 bytes) @ 0x0000019991ce261c [0x0000019991ce25a0+0x000000000000007c]
J 5903 c2 com.sun.javafx.event.BasicEventDispatcher.dispatchEvent(Ljavafx/event/Event;Ljavafx/event/EventDispatchChain;)Ljavafx/event/Event; javafx.base (44 bytes) @ 0x0000019991cbb9d8 [0x0000019991cbb8a0+0x0000000000000138]
J 5903 c2 com.sun.javafx.event.BasicEventDispatcher.dispatchEvent(Ljavafx/event/Event;Ljavafx/event/EventDispatchChain;)Ljavafx/event/Event; javafx.base (44 bytes) @ 0x0000019991cbb994 [0x0000019991cbb8a0+0x00000000000000f4]
J 5903 c2 com.sun.javafx.event.BasicEventDispatcher.dispatchEvent(Ljavafx/event/Event;Ljavafx/event/EventDispatchChain;)Ljavafx/event/Event; javafx.base (44 bytes) @ 0x0000019991cbb994 [0x0000019991cbb8a0+0x00000000000000f4]
J 5903 c2 com.sun.javafx.event.BasicEventDispatcher.dispatchEvent(Ljavafx/event/Event;Ljavafx/event/EventDispatchChain;)Ljavafx/event/Event; javafx.base (44 bytes) @ 0x0000019991cbb994 [0x0000019991cbb8a0+0x00000000000000f4]
J 6481 c2 com.sun.javafx.event.EventUtil.fireEvent(Ljavafx/event/EventTarget;Ljavafx/event/Event;)Ljavafx/event/Event; javafx.base (81 bytes) @ 0x0000019991a63758 [0x0000019991a63500+0x0000000000000258]
J 6492 c2 javafx.scene.Scene$MouseHandler.process(Ljavafx/scene/input/MouseEvent;Z)V javafx.graphics (783 bytes) @ 0x0000019991a80d7c [0x0000019991a80520+0x000000000000085c]
J 6560 c2 com.sun.javafx.tk.quantum.GlassViewEventHandler$MouseEventNotification.run()Ljava/lang/Void; javafx.graphics (703 bytes) @ 0x0000019991c9ada0 [0x0000019991c9a940+0x0000000000000460]
J 6554 c2 com.sun.glass.ui.View.notifyMouse(IIIIIIIZZ)V javafx.graphics (221 bytes) @ 0x0000019991d03640 [0x0000019991d03360+0x00000000000002e0]
v  ~StubRoutines::call_stub
j  com.sun.glass.ui.win.WinApplication._runLoop(Ljava/lang/Runnable;)V+0 javafx.graphics
j  com.sun.glass.ui.win.WinApplication.lambda$runLoop$3(ILjava/lang/Runnable;)V+8 javafx.graphics
j  com.sun.glass.ui.win.WinApplication$$Lambda$91.run()V+12 javafx.graphics
j  java.lang.Thread.run()V+11 java.base@14.0.2
v  ~StubRoutines::call_stub

siginfo: EXCEPTION_ACCESS_VIOLATION (0xc0000005), reading address 0x0000000000000030


Register to memory mapping:

RIP=0x00007ffd5b6d37e9 points into unknown readable memory: 48 ff 60 30 cc cc cc
RAX=0x0 is NULL
RBX=1879315 is a compressed pointer to class: 0x0000000800e56898
com.sun.media.jfxmediaimpl.NativeEqualizerBand {0x0000000800e568a0}
RCX=0x00000199a1344aa8 points into unknown readable memory: 00 00 00 00 00 00 00 00
RDX=0x0000006deb1fdfd0 is pointing into the stack for thread: 0x00000199a18cc800
RSP=0x0000006deb1fdfa8 is pointing into the stack for thread: 0x00000199a18cc800
RBP=0x0000006deb1fe010 is pointing into the stack for thread: 0x00000199a18cc800
RSI=0x0 is NULL
RDI=0x0000000083a71c60 is an oop: java.lang.Double 
{0x0000000083a71c60} - klass: 'java/lang/Double'
R8 =0x00000199a1344aa8 points into unknown readable memory: 00 00 00 00 00 00 00 00
R9 =0x00000000827cea50 is an oop: com.sun.media.jfxmediaimpl.NativeEqualizerBand 
{0x00000000827cea50} - klass: 'com/sun/media/jfxmediaimpl/NativeEqualizerBand'
R10=0x00007ffd5b6d37e0 points into unknown readable memory: 49 8b 00 0f 28 cb 49 8b
R11=0x00000000827cea40 is an oop: java.lang.Object 
{0x00000000827cea40} - klass: 'java/lang/Object'
R12=0x0 is NULL
R13=0x00000000827ceaf8 is an oop: com.sun.javafx.binding.BidirectionalBinding$BidirectionalDoubleBinding 
{0x00000000827ceaf8} - klass: 'com/sun/javafx/binding/BidirectionalBinding$BidirectionalDoubleBinding'
R14=0x00000000827ceab8 is an oop: javafx.scene.media.EqualizerBand$3 
{0x00000000827ceab8} - klass: 'javafx/scene/media/EqualizerBand$3'
R15=0x00000199a18cc800 is a thread


Registers:
RAX=0x0000000000000000, RBX=0x00000000001cad13, RCX=0x00000199a1344aa8, RDX=0x0000006deb1fdfd0
RSP=0x0000006deb1fdfa8, RBP=0x0000006deb1fe010, RSI=0x0000000000000000, RDI=0x0000000083a71c60
R8 =0x00000199a1344aa8, R9 =0x00000000827cea50, R10=0x00007ffd5b6d37e0, R11=0x00000000827cea40
R12=0x0000000000000000, R13=0x00000000827ceaf8, R14=0x00000000827ceab8, R15=0x00000199a18cc800
RIP=0x00007ffd5b6d37e9, EFLAGS=0x0000000000010246

Top of Stack: (sp=0x0000006deb1fdfa8)
0x0000006deb1fdfa8:   0000019991cd3c9d 0000000000000000
0x0000006deb1fdfb8:   00007ffd387999f7 0000000400000001
0x0000006deb1fdfc8:   0000006deb1fe3a0 00000000827cea50
0x0000006deb1fdfd8:   fffffffffffffffe 00000199a248b2f8
0x0000006deb1fdfe8:   0000000000000028 00000199a137f110
0x0000006deb1fdff8:   00007ffd38798ab3 0000000000000001
0x0000006deb1fe008:   00007ffd3797a609 00000000827cea40
0x0000006deb1fe018:   0000019991e105f0 0000006deb1fe0a0
0x0000006deb1fe028:   00007ffd3878e0ae 0000006deb1fe088
0x0000006deb1fe038:   00000199ad0a0091 00000000827ceaf8
0x0000006deb1fe048:   00000000827ceb38 00000000827ceab8
0x0000006deb1fe058:   00000000827ceb38 00000000827cea40
0x0000006deb1fe068:   00000000827cea40 00000199b1d20490
0x0000006deb1fe078:   0000000082cad4b0 00000000827ceb38
0x0000006deb1fe088:   00000000827ceb60 00000199b2b20040
0x0000006deb1fe098:   0000000083a71c60 00000000827ceb38 

Instructions: (pc=0x00007ffd5b6d37e9)
0x00007ffd5b6d36e9:   8b 03 ba 01 00 00 00 48 8b cb ff 50 08 33 db 48
0x00007ffd5b6d36f9:   85 ff 74 13 48 85 db 74 0e 48 8b 07 4c 8b c3 8b
0x00007ffd5b6d3709:   d6 48 8b cf ff 50 20 48 8b 5c 24 40 48 8b 6c 24
0x00007ffd5b6d3719:   48 48 8b 74 24 50 48 83 c4 30 5f c3 cc cc cc cc
0x00007ffd5b6d3729:   cc cc cc cc cc cc cc 4d 85 c0 74 11 49 8b 00 41
0x00007ffd5b6d3739:   80 f9 01 49 8b c8 0f 94 c2 48 ff 60 18 c3 cc cc
0x00007ffd5b6d3749:   cc cc cc cc cc cc cc 4d 85 c0 74 0d 49 8b 00 0f
0x00007ffd5b6d3759:   28 cb 49 8b c8 48 ff 60 38 c3 cc cc cc cc cc cc
0x00007ffd5b6d3769:   cc cc cc cc cc cc cc 4d 85 c0 74 0d 49 8b 00 41
0x00007ffd5b6d3779:   8b d1 49 8b c8 48 ff 60 48 c3 cc cc cc cc cc cc
0x00007ffd5b6d3789:   cc cc cc cc cc cc cc 49 8b 00 49 8b c8 48 ff 60
0x00007ffd5b6d3799:   18 cc cc cc cc cc cc 49 8b 00 49 8b c8 48 ff 60
0x00007ffd5b6d37a9:   08 cc cc cc cc cc cc 49 8b 00 49 8b c8 48 ff 60
0x00007ffd5b6d37b9:   28 cc cc cc cc cc cc 49 8b 00 0f 28 cb 49 8b c8
0x00007ffd5b6d37c9:   48 ff 60 20 cc cc cc 49 8b 00 0f 28 cb 49 8b c8
0x00007ffd5b6d37d9:   48 ff 60 10 cc cc cc 49 8b 00 0f 28 cb 49 8b c8
0x00007ffd5b6d37e9:   48 ff 60 30 cc cc cc 48 8d 05 31 48 01 00 48 c7
0x00007ffd5b6d37f9:   41 08 00 00 00 00 48 89 01 48 8b c1 c3 cc cc cc
0x00007ffd5b6d3809:   cc cc cc cc cc cc cc 40 53 48 83 ec 20 48 8d 05
0x00007ffd5b6d3819:   ab 47 01 00 48 8b d9 48 89 01 f6 c2 01 74 0a ba
0x00007ffd5b6d3829:   18 00 00 00 e8 26 16 01 00 48 8b c3 48 83 c4 20
0x00007ffd5b6d3839:   5b c3 cc cc cc cc cc 40 53 48 83 ec 20 48 8d 05
0x00007ffd5b6d3849:   7b 47 01 00 48 8b d9 48 89 01 f6 c2 01 74 0a ba
0x00007ffd5b6d3859:   08 00 00 00 e8 f6 15 01 00 48 8b c3 48 83 c4 20
0x00007ffd5b6d3869:   5b c3 cc cc cc cc cc 4c 89 44 24 18 4c 89 4c 24
0x00007ffd5b6d3879:   20 48 83 ec 28 48 8b 01 4c 8d 4c 24 48 ff 90 30
0x00007ffd5b6d3889:   01 00 00 48 83 c4 28 c3 cc cc cc cc cc cc cc cc
0x00007ffd5b6d3899:   cc cc cc cc cc cc cc 4c 89 44 24 18 4c 89 4c 24
0x00007ffd5b6d38a9:   20 48 83 ec 28 48 8b 01 4c 8d 4c 24 48 ff 90 90
0x00007ffd5b6d38b9:   01 00 00 48 83 c4 28 c3 cc cc cc cc cc cc cc cc
0x00007ffd5b6d38c9:   cc cc cc cc cc cc cc 4c 89 44 24 18 4c 89 4c 24
0x00007ffd5b6d38d9:   20 48 83 ec 28 48 8b 01 4c 8d 4c 24 48 ff 90 a8 


Stack slot to memory mapping:
stack at sp + 0 slots: 0x0000019991cd3c9d is at entry_point+253 in (nmethod*)0x0000019991cd3a10
stack at sp + 1 slots: 0x0 is NULL
stack at sp + 2 slots: 0x00007ffd387999f7 points into unknown readable memory: 85
stack at sp + 3 slots: 0x0000000400000001 is an unknown value
stack at sp + 4 slots: 0x0000006deb1fe3a0 is pointing into the stack for thread: 0x00000199a18cc800
stack at sp + 5 slots: 0x00000000827cea50 is an oop: com.sun.media.jfxmediaimpl.NativeEqualizerBand 
{0x00000000827cea50} - klass: 'com/sun/media/jfxmediaimpl/NativeEqualizerBand'
stack at sp + 6 slots: 0xfffffffffffffffe is an unknown value
stack at sp + 7 slots: 0x00000199a248b2f8 points into unknown readable memory: 5c 00 6e 00 74 00 64 00


---------------  P R O C E S S  ---------------

Threads class SMR info:
_java_thread_list=0x00000199b4293f70, length=23, elements={
0x00000199ffe50800, 0x00000199a05e7800, 0x00000199a05e9000, 0x00000199a0601800,
0x00000199a0602800, 0x00000199a0606000, 0x00000199a060d000, 0x00000199a0611800,
0x00000199a0f9c000, 0x00000199a05ca000, 0x00000199a104e800, 0x00000199a198f800,
0x00000199a123e800, 0x00000199a156a800, 0x00000199a18cc800, 0x00000199a2662000,
0x00000199a26cd000, 0x00000199a968c800, 0x00000199a98d1000, 0x00000199ad041000,
0x00000199a11fc000, 0x00000199a11fd000, 0x00000199a11fe000
}

Java Threads: ( => current thread )
  0x00000199ffe50800 JavaThread "main" [_thread_blocked, id=2752, stack(0x0000006de9a00000,0x0000006de9b00000)]
  0x00000199a05e7800 JavaThread "Reference Handler" daemon [_thread_blocked, id=25300, stack(0x0000006dea100000,0x0000006dea200000)]
  0x00000199a05e9000 JavaThread "Finalizer" daemon [_thread_blocked, id=3924, stack(0x0000006dea200000,0x0000006dea300000)]
  0x00000199a0601800 JavaThread "Signal Dispatcher" daemon [_thread_blocked, id=16436, stack(0x0000006dea300000,0x0000006dea400000)]
  0x00000199a0602800 JavaThread "Attach Listener" daemon [_thread_blocked, id=21440, stack(0x0000006dea400000,0x0000006dea500000)]
  0x00000199a0606000 JavaThread "Service Thread" daemon [_thread_blocked, id=4700, stack(0x0000006dea500000,0x0000006dea600000)]
  0x00000199a060d000 JavaThread "C2 CompilerThread0" daemon [_thread_blocked, id=21412, stack(0x0000006dea600000,0x0000006dea700000)]
  0x00000199a0611800 JavaThread "C1 CompilerThread0" daemon [_thread_blocked, id=17136, stack(0x0000006dea700000,0x0000006dea800000)]
  0x00000199a0f9c000 JavaThread "Sweeper thread" daemon [_thread_blocked, id=19340, stack(0x0000006dea800000,0x0000006dea900000)]
  0x00000199a05ca000 JavaThread "Common-Cleaner" daemon [_thread_blocked, id=9132, stack(0x0000006dea900000,0x0000006deaa00000)]
  0x00000199a104e800 JavaThread "Monitor Ctrl-Break" daemon [_thread_in_native, id=6212, stack(0x0000006deab00000,0x0000006deac00000)]
  0x00000199a198f800 JavaThread "Notification Thread" daemon [_thread_blocked, id=21464, stack(0x0000006deac00000,0x0000006dead00000)]
  0x00000199a123e800 JavaThread "QuantumRenderer-0" daemon [_thread_blocked, id=3500, stack(0x0000006deae00000,0x0000006deaf00000)]
  0x00000199a156a800 JavaThread "InvokeLaterDispatcher" daemon [_thread_blocked, id=21756, stack(0x0000006deb000000,0x0000006deb100000)]
=>0x00000199a18cc800 JavaThread "JavaFX Application Thread" [_thread_in_native, id=19536, stack(0x0000006deb100000,0x0000006deb200000)]
  0x00000199a2662000 JavaThread "JavaFX-Launcher" [_thread_blocked, id=3988, stack(0x0000006deb700000,0x0000006deb800000)]
  0x00000199a26cd000 JavaThread "Thread-2" daemon [_thread_in_native, id=21952, stack(0x0000006deaa00000,0x0000006deab00000)]
  0x00000199a968c800 JavaThread "Prism Font Disposer" daemon [_thread_blocked, id=7008, stack(0x0000006debb00000,0x0000006debc00000)]
  0x00000199a98d1000 JavaThread "Cleaner-0" daemon [_thread_blocked, id=12568, stack(0x0000006debc30000,0x0000006debd30000)]
  0x00000199ad041000 JavaThread "Media Resource Disposer" daemon [_thread_blocked, id=16980, stack(0x0000006dece40000,0x0000006decf40000)]
  0x00000199a11fc000 JavaThread "JFXMedia Player EventQueueThread" daemon [_thread_blocked, id=20016, stack(0x0000006ded140000,0x0000006ded240000)]
  0x00000199a11fd000 JavaThread "JFXMedia Player EventQueueThread" daemon [_thread_blocked, id=15652, stack(0x0000006dec740000,0x0000006dec840000)]
  0x00000199a11fe000 JavaThread "Timer-2" daemon [_thread_blocked, id=23052, stack(0x0000006ded480000,0x0000006ded580000)]

Other Threads:
  0x00000199a05e2000 VMThread "VM Thread" [stack: 0x0000006dea000000,0x0000006dea100000] [id=13304]
  0x00000199a1c67800 WatcherThread [stack: 0x0000006dead00000,0x0000006deae00000] [id=9028]
  0x00000199ffe91800 GCTaskThread "GC Thread#0" [stack: 0x0000006de9b00000,0x0000006de9c00000] [id=23992]
  0x00000199a195c800 GCTaskThread "GC Thread#1" [stack: 0x0000006deb200000,0x0000006deb300000] [id=23560]
  0x00000199a195d800 GCTaskThread "GC Thread#2" [stack: 0x0000006deb300000,0x0000006deb400000] [id=23976]
  0x00000199a195e000 GCTaskThread "GC Thread#3" [stack: 0x0000006deb400000,0x0000006deb500000] [id=2100]
  0x00000199ffea3000 ConcurrentGCThread "G1 Main Marker" [stack: 0x0000006de9c00000,0x0000006de9d00000] [id=14988]
  0x00000199ffea6000 ConcurrentGCThread "G1 Conc#0" [stack: 0x0000006de9d00000,0x0000006de9e00000] [id=17288]
  0x00000199a0460800 ConcurrentGCThread "G1 Refine#0" [stack: 0x0000006de9e00000,0x0000006de9f00000] [id=19856]
  0x00000199a9ca6800 ConcurrentGCThread "G1 Refine#1" [stack: 0x0000006deb600000,0x0000006deb700000] [id=5668]
  0x00000199a9ca7800 ConcurrentGCThread "G1 Refine#2" [stack: 0x0000006decb40000,0x0000006decc40000] [id=4136]
  0x00000199fff25000 ConcurrentGCThread "G1 Young RemSet Sampling" [stack: 0x0000006de9f00000,0x0000006dea000000] [id=5452]

Threads with active compile tasks:

VM state:not at safepoint (normal execution)

VM Mutex/Monitor currently owned by a thread: None

Heap address: 0x0000000080a00000, size: 2038 MB, Compressed Oops mode: 32-bit
Narrow klass base: 0x0000000800000000, Narrow klass shift: 3
Compressed class space size: 1073741824 Address: 0x0000000800b30000

Heap:
 garbage-first heap   total 68608K, used 47119K [0x0000000080a00000, 0x0000000100000000)
  region size 1024K, 24 young (24576K), 3 survivors (3072K)
 Metaspace       used 22043K, capacity 22985K, committed 23040K, reserved 1069056K
  class space    used 2972K, capacity 3315K, committed 3328K, reserved 1048576K
Heap Regions: E=young(eden), S=young(survivor), O=old, HS=humongous(starts), HC=humongous(continues), CS=collection set, F=free, OA=open archive, CA=closed archive, TAMS=top-at-mark-start (previous, next)
|   0|0x0000000080a00000, 0x0000000080b00000, 0x0000000080b00000|100%| O|  |TAMS 0x0000000080b00000, 0x0000000080a00000| Untracked 
|   1|0x0000000080b00000, 0x0000000080c00000, 0x0000000080c00000|100%| O|  |TAMS 0x0000000080c00000, 0x0000000080b00000| Untracked 
|   2|0x0000000080c00000, 0x0000000080d00000, 0x0000000080d00000|100%| O|  |TAMS 0x0000000080d00000, 0x0000000080c00000| Untracked 
|   3|0x0000000080d00000, 0x0000000080e00000, 0x0000000080e00000|100%|HS|  |TAMS 0x0000000080e00000, 0x0000000080d00000| Complete 
|   4|0x0000000080e00000, 0x0000000080f00000, 0x0000000080f00000|100%|HC|  |TAMS 0x0000000080f00000, 0x0000000080e00000| Complete 
|   5|0x0000000080f00000, 0x0000000081000000, 0x0000000081000000|100%| O|  |TAMS 0x0000000080f00000, 0x0000000080f00000| Untracked 
|   6|0x0000000081000000, 0x0000000081100000, 0x0000000081100000|100%| O|  |TAMS 0x0000000081100000, 0x0000000081000000| Untracked 
|   7|0x0000000081100000, 0x0000000081200000, 0x0000000081200000|100%| O|  |TAMS 0x0000000081200000, 0x0000000081100000| Untracked 
|   8|0x0000000081200000, 0x0000000081300000, 0x0000000081300000|100%| O|  |TAMS 0x0000000081300000, 0x0000000081200000| Untracked 
|   9|0x0000000081300000, 0x0000000081400000, 0x0000000081400000|100%| O|  |TAMS 0x0000000081400000, 0x0000000081300000| Untracked 
|  10|0x0000000081400000, 0x0000000081500000, 0x0000000081500000|100%| O|  |TAMS 0x0000000081500000, 0x0000000081400000| Untracked 
|  11|0x0000000081500000, 0x0000000081600000, 0x0000000081600000|100%| O|  |TAMS 0x0000000081600000, 0x0000000081500000| Untracked 
|  12|0x0000000081600000, 0x0000000081700000, 0x0000000081700000|100%| O|  |TAMS 0x0000000081700000, 0x0000000081600000| Untracked 
|  13|0x0000000081700000, 0x00000000817ffff8, 0x0000000081800000| 99%| O|  |TAMS 0x0000000081700000, 0x0000000081700000| Untracked 
|  14|0x0000000081800000, 0x0000000081900000, 0x0000000081900000|100%| O|  |TAMS 0x0000000081900000, 0x0000000081800000| Untracked 
|  15|0x0000000081900000, 0x0000000081a00000, 0x0000000081a00000|100%| O|  |TAMS 0x0000000081a00000, 0x0000000081900000| Untracked 
|  16|0x0000000081a00000, 0x0000000081a9a000, 0x0000000081b00000| 60%| O|  |TAMS 0x0000000081a00000, 0x0000000081a00000| Untracked 
|  17|0x0000000081b00000, 0x0000000081c00000, 0x0000000081c00000|100%|HS|  |TAMS 0x0000000081b00000, 0x0000000081b00000| Complete 
|  18|0x0000000081c00000, 0x0000000081c00000, 0x0000000081d00000|  0%| F|  |TAMS 0x0000000081c00000, 0x0000000081c00000| Untracked 
|  19|0x0000000081d00000, 0x0000000081d00000, 0x0000000081e00000|  0%| F|  |TAMS 0x0000000081d00000, 0x0000000081d00000| Untracked 
|  20|0x0000000081e00000, 0x0000000081e00000, 0x0000000081f00000|  0%| F|  |TAMS 0x0000000081e00000, 0x0000000081e00000| Untracked 
|  21|0x0000000081f00000, 0x0000000081f00000, 0x0000000082000000|  0%| F|  |TAMS 0x0000000081f00000, 0x0000000081f00000| Untracked 
|  22|0x0000000082000000, 0x0000000082000000, 0x0000000082100000|  0%| F|  |TAMS 0x0000000082000000, 0x0000000082000000| Untracked 
|  23|0x0000000082100000, 0x0000000082100000, 0x0000000082200000|  0%| F|  |TAMS 0x0000000082100000, 0x0000000082100000| Untracked 
|  24|0x0000000082200000, 0x0000000082200000, 0x0000000082300000|  0%| F|  |TAMS 0x0000000082200000, 0x0000000082200000| Untracked 
|  25|0x0000000082300000, 0x0000000082300000, 0x0000000082400000|  0%| F|  |TAMS 0x0000000082300000, 0x0000000082300000| Untracked 
|  26|0x0000000082400000, 0x0000000082400000, 0x0000000082500000|  0%| F|  |TAMS 0x0000000082400000, 0x0000000082400000| Untracked 
|  27|0x0000000082500000, 0x0000000082569fa0, 0x0000000082600000| 41%| S|CS|TAMS 0x0000000082500000, 0x0000000082500000| Complete 
|  28|0x0000000082600000, 0x0000000082700000, 0x0000000082700000|100%| S|CS|TAMS 0x0000000082600000, 0x0000000082600000| Complete 
|  29|0x0000000082700000, 0x0000000082800000, 0x0000000082800000|100%| O|  |TAMS 0x0000000082800000, 0x0000000082700000| Untracked 
|  30|0x0000000082800000, 0x0000000082900000, 0x0000000082900000|100%| O|  |TAMS 0x0000000082900000, 0x0000000082800000| Untracked 
|  31|0x0000000082900000, 0x0000000082a00000, 0x0000000082a00000|100%| O|  |TAMS 0x0000000082a00000, 0x0000000082900000| Untracked 
|  32|0x0000000082a00000, 0x0000000082b00000, 0x0000000082b00000|100%| O|  |TAMS 0x0000000082aba600, 0x0000000082a00000| Untracked 
|  33|0x0000000082b00000, 0x0000000082c00000, 0x0000000082c00000|100%| O|  |TAMS 0x0000000082b00000, 0x0000000082b00000| Untracked 
|  34|0x0000000082c00000, 0x0000000082d00000, 0x0000000082d00000|100%| O|  |TAMS 0x0000000082c00000, 0x0000000082c00000| Untracked 
|  35|0x0000000082d00000, 0x0000000082e00000, 0x0000000082e00000|100%| S|CS|TAMS 0x0000000082d00000, 0x0000000082d00000| Complete 
|  36|0x0000000082e00000, 0x0000000082e00000, 0x0000000082f00000|  0%| F|  |TAMS 0x0000000082e00000, 0x0000000082e00000| Untracked 
|  37|0x0000000082f00000, 0x0000000082f00000, 0x0000000083000000|  0%| F|  |TAMS 0x0000000082f00000, 0x0000000082f00000| Untracked 
|  38|0x0000000083000000, 0x0000000083000000, 0x0000000083100000|  0%| F|  |TAMS 0x0000000083000000, 0x0000000083000000| Untracked 
|  39|0x0000000083100000, 0x0000000083100000, 0x0000000083200000|  0%| F|  |TAMS 0x0000000083100000, 0x0000000083100000| Untracked 
|  40|0x0000000083200000, 0x0000000083200000, 0x0000000083300000|  0%| F|  |TAMS 0x0000000083200000, 0x0000000083200000| Untracked 
|  41|0x0000000083300000, 0x0000000083300000, 0x0000000083400000|  0%| F|  |TAMS 0x0000000083300000, 0x0000000083300000| Untracked 
|  42|0x0000000083400000, 0x0000000083400000, 0x0000000083500000|  0%| F|  |TAMS 0x0000000083400000, 0x0000000083400000| Untracked 
|  43|0x0000000083500000, 0x0000000083500000, 0x0000000083600000|  0%| F|  |TAMS 0x0000000083500000, 0x0000000083500000| Untracked 
|  44|0x0000000083600000, 0x0000000083600000, 0x0000000083700000|  0%| F|  |TAMS 0x0000000083600000, 0x0000000083600000| Untracked 
|  45|0x0000000083700000, 0x0000000083700000, 0x0000000083800000|  0%| F|  |TAMS 0x0000000083700000, 0x0000000083700000| Untracked 
|  46|0x0000000083800000, 0x0000000083816880, 0x0000000083900000|  8%| E|  |TAMS 0x0000000083800000, 0x0000000083800000| Complete 
|  47|0x0000000083900000, 0x0000000083a00000, 0x0000000083a00000|100%| E|CS|TAMS 0x0000000083900000, 0x0000000083900000| Complete 
|  48|0x0000000083a00000, 0x0000000083b00000, 0x0000000083b00000|100%| E|CS|TAMS 0x0000000083a00000, 0x0000000083a00000| Complete 
|  49|0x0000000083b00000, 0x0000000083c00000, 0x0000000083c00000|100%| E|CS|TAMS 0x0000000083b00000, 0x0000000083b00000| Complete 
|  50|0x0000000083c00000, 0x0000000083d00000, 0x0000000083d00000|100%| E|CS|TAMS 0x0000000083c00000, 0x0000000083c00000| Complete 
|  51|0x0000000083d00000, 0x0000000083e00000, 0x0000000083e00000|100%| E|CS|TAMS 0x0000000083d00000, 0x0000000083d00000| Complete 
|  52|0x0000000083e00000, 0x0000000083f00000, 0x0000000083f00000|100%| E|CS|TAMS 0x0000000083e00000, 0x0000000083e00000| Complete 
|  53|0x0000000083f00000, 0x0000000084000000, 0x0000000084000000|100%| E|CS|TAMS 0x0000000083f00000, 0x0000000083f00000| Complete 
|  54|0x0000000084000000, 0x0000000084100000, 0x0000000084100000|100%| E|CS|TAMS 0x0000000084000000, 0x0000000084000000| Complete 
|  55|0x0000000084100000, 0x0000000084200000, 0x0000000084200000|100%| E|CS|TAMS 0x0000000084100000, 0x0000000084100000| Complete 
|  56|0x0000000084200000, 0x0000000084300000, 0x0000000084300000|100%| E|CS|TAMS 0x0000000084200000, 0x0000000084200000| Complete 
|  57|0x0000000084300000, 0x0000000084400000, 0x0000000084400000|100%| E|CS|TAMS 0x0000000084300000, 0x0000000084300000| Complete 
|  58|0x0000000084400000, 0x0000000084500000, 0x0000000084500000|100%| E|CS|TAMS 0x0000000084400000, 0x0000000084400000| Complete 
|  59|0x0000000084500000, 0x0000000084600000, 0x0000000084600000|100%| E|CS|TAMS 0x0000000084500000, 0x0000000084500000| Complete 
|  60|0x0000000084600000, 0x0000000084700000, 0x0000000084700000|100%| E|CS|TAMS 0x0000000084600000, 0x0000000084600000| Complete 
| 101|0x0000000086f00000, 0x0000000087000000, 0x0000000087000000|100%| E|CS|TAMS 0x0000000086f00000, 0x0000000086f00000| Complete 
| 102|0x0000000087000000, 0x0000000087100000, 0x0000000087100000|100%| E|CS|TAMS 0x0000000087000000, 0x0000000087000000| Complete 
| 103|0x0000000087100000, 0x0000000087200000, 0x0000000087200000|100%| E|CS|TAMS 0x0000000087100000, 0x0000000087100000| Complete 
| 104|0x0000000087200000, 0x0000000087300000, 0x0000000087300000|100%| E|CS|TAMS 0x0000000087200000, 0x0000000087200000| Complete 
| 126|0x0000000088800000, 0x0000000088900000, 0x0000000088900000|100%| E|CS|TAMS 0x0000000088800000, 0x0000000088800000| Complete 
| 127|0x0000000088900000, 0x0000000088a00000, 0x0000000088a00000|100%| E|CS|TAMS 0x0000000088900000, 0x0000000088900000| Complete 

Card table byte_map: [0x0000019999800000,0x0000019999c00000] _byte_map_base: 0x00000199993fb000

Marking Bits (Prev, Next): (CMBitMap*) 0x00000199ffe92708, (CMBitMap*) 0x00000199ffe92748
 Prev Bits: [0x000001999a000000, 0x000001999bfd8000)
 Next Bits: [0x000001999bfe0000, 0x000001999dfb8000)

Polling page: 0x0000019981410000

Metaspace:

Usage:
  Non-class:     19.21 MB capacity,    18.62 MB ( 97%) used,   496.34 KB (  3%) free+waste,   103.06 KB ( <1%) overhead. 
      Class:      3.24 MB capacity,     2.90 MB ( 90%) used,   291.74 KB (  9%) free+waste,    50.81 KB (  2%) overhead. 
       Both:     22.45 MB capacity,    21.53 MB ( 96%) used,   788.09 KB (  3%) free+waste,   153.88 KB ( <1%) overhead. 

Virtual space:
  Non-class space:       20.00 MB reserved,      19.25 MB ( 96%) committed 
      Class space:        1.00 GB reserved,       3.25 MB ( <1%) committed 
             Both:        1.02 GB reserved,      22.50 MB (  2%) committed 

Chunk freelists:
   Non-Class:  42.00 KB
       Class:  0 bytes
        Both:  42.00 KB

MaxMetaspaceSize: 17179869184.00 GB
CompressedClassSpaceSize: 1.00 GB

CodeHeap 'non-profiled nmethods': size=120000Kb used=5650Kb max_used=5650Kb free=114349Kb
 bounds [0x00000199918a0000, 0x0000019991e30000, 0x0000019998dd0000]
CodeHeap 'profiled nmethods': size=120000Kb used=11266Kb max_used=12452Kb free=108733Kb
 bounds [0x000001998a370000, 0x000001998afe0000, 0x00000199918a0000]
CodeHeap 'non-nmethods': size=5760Kb used=1494Kb max_used=1569Kb free=4265Kb
 bounds [0x0000019989dd0000, 0x000001998a040000, 0x000001998a370000]
 total_blobs=6352 nmethods=5523 adapters=741
 compilation: enabled
              stopped_count=0, restarted_count=0
 full_count=0

Compilation events (20 events):
Event: 929.547 Thread 0x00000199a0611800 6828       3       com.sun.javafx.tk.quantum.GlassWindowEventHandler::handleWindowEvent (22 bytes)
Event: 929.548 Thread 0x00000199a0611800 nmethod 6828 0x000001998addd210 code [0x000001998addd400, 0x000001998addd9c8]
Event: 929.548 Thread 0x00000199a0611800 6829       3       com.sun.javafx.tk.quantum.GlassWindowEventHandler$$Lambda$216/0x0000000800d0ec40::get$Lambda (9 bytes)
Event: 929.549 Thread 0x00000199a0611800 nmethod 6829 0x000001998a879890 code [0x000001998a879a40, 0x000001998a879c98]
Event: 929.549 Thread 0x00000199a0611800 6830       3       com.sun.javafx.tk.quantum.GlassWindowEventHandler$$Lambda$216/0x0000000800d0ec40::get (8 bytes)
Event: 929.550 Thread 0x00000199a0611800 nmethod 6830 0x000001998ac32d10 code [0x000001998ac32f40, 0x000001998ac33568]
Event: 929.684 Thread 0x00000199a0611800 6831       1       com.sun.glass.ui.Screen::getPlatformScaleX (5 bytes)
Event: 929.684 Thread 0x00000199a0611800 nmethod 6831 0x0000019991e24510 code [0x0000019991e246a0, 0x0000019991e24778]
Event: 929.684 Thread 0x00000199a0611800 6832       1       com.sun.glass.ui.Screen::getPlatformScaleY (5 bytes)
Event: 929.684 Thread 0x00000199a0611800 nmethod 6832 0x0000019991e24810 code [0x0000019991e249a0, 0x0000019991e24a78]
Event: 931.098 Thread 0x00000199a0611800 6833       3       com.sun.glass.ui.win.WinWindow::notifyMoving (427 bytes)
Event: 931.102 Thread 0x00000199a0611800 nmethod 6833 0x000001998aba7310 code [0x000001998aba7700, 0x000001998aba94f8]
Event: 931.102 Thread 0x00000199a0611800 6834       3       com.sun.glass.ui.Screen::containsPlatformRect (59 bytes)
Event: 931.102 Thread 0x00000199a0611800 nmethod 6834 0x000001998a8aaa10 code [0x000001998a8aabc0, 0x000001998a8aaec8]
Event: 931.135 Thread 0x00000199a0611800 6835       3       com.sun.javafx.sg.prism.NGText::renderText (523 bytes)
Event: 931.140 Thread 0x00000199a0611800 nmethod 6835 0x000001998a386e10 code [0x000001998a387300, 0x000001998a38a5c8]
Event: 931.883 Thread 0x00000199a0611800 6836       3       com.sun.javafx.tk.quantum.GlassWindowEventHandler::run (671 bytes)
Event: 931.889 Thread 0x00000199a0611800 nmethod 6836 0x000001998a3b1810 code [0x000001998a3b1e60, 0x000001998a3b6188]
Event: 933.998 Thread 0x00000199a0611800 6837       3       com.sun.javafx.geom.transform.Translate2D::isIdentity (24 bytes)
Event: 933.999 Thread 0x00000199a0611800 nmethod 6837 0x000001998ac21a10 code [0x000001998ac21ba0, 0x000001998ac21db8]

GC Heap History (20 events):
Event: 895.468 GC heap before
{Heap before GC invocations=130 (full 0):
 garbage-first heap   total 68608K, used 57093K [0x0000000080a00000, 0x0000000100000000)
  region size 1024K, 34 young (34816K), 3 survivors (3072K)
 Metaspace       used 21858K, capacity 22767K, committed 23040K, reserved 1069056K
  class space    used 2950K, capacity 3307K, committed 3328K, reserved 1048576K
}
Event: 895.472 GC heap after
{Heap after GC invocations=131 (full 0):
 garbage-first heap   total 68608K, used 25353K [0x0000000080a00000, 0x0000000100000000)
  region size 1024K, 3 young (3072K), 3 survivors (3072K)
 Metaspace       used 21858K, capacity 22767K, committed 23040K, reserved 1069056K
  class space    used 2950K, capacity 3307K, committed 3328K, reserved 1048576K
}
Event: 898.709 GC heap before
{Heap before GC invocations=131 (full 0):
 garbage-first heap   total 68608K, used 57097K [0x0000000080a00000, 0x0000000100000000)
  region size 1024K, 34 young (34816K), 3 survivors (3072K)
 Metaspace       used 21858K, capacity 22767K, committed 23040K, reserved 1069056K
  class space    used 2950K, capacity 3307K, committed 3328K, reserved 1048576K
}
Event: 898.713 GC heap after
{Heap after GC invocations=132 (full 0):
 garbage-first heap   total 68608K, used 25458K [0x0000000080a00000, 0x0000000100000000)
  region size 1024K, 3 young (3072K), 3 survivors (3072K)
 Metaspace       used 21858K, capacity 22767K, committed 23040K, reserved 1069056K
  class space    used 2950K, capacity 3307K, committed 3328K, reserved 1048576K
}
Event: 902.138 GC heap before
{Heap before GC invocations=132 (full 0):
 garbage-first heap   total 68608K, used 57202K [0x0000000080a00000, 0x0000000100000000)
  region size 1024K, 34 young (34816K), 3 survivors (3072K)
 Metaspace       used 21860K, capacity 22767K, committed 23040K, reserved 1069056K
  class space    used 2950K, capacity 3307K, committed 3328K, reserved 1048576K
}
Event: 902.141 GC heap after
{Heap after GC invocations=133 (full 0):
 garbage-first heap   total 68608K, used 25363K [0x0000000080a00000, 0x0000000100000000)
  region size 1024K, 3 young (3072K), 3 survivors (3072K)
 Metaspace       used 21860K, capacity 22767K, committed 23040K, reserved 1069056K
  class space    used 2950K, capacity 3307K, committed 3328K, reserved 1048576K
}
Event: 905.461 GC heap before
{Heap before GC invocations=133 (full 0):
 garbage-first heap   total 68608K, used 57107K [0x0000000080a00000, 0x0000000100000000)
  region size 1024K, 34 young (34816K), 3 survivors (3072K)
 Metaspace       used 21860K, capacity 22767K, committed 23040K, reserved 1069056K
  class space    used 2950K, capacity 3307K, committed 3328K, reserved 1048576K
}
Event: 905.465 GC heap after
{Heap after GC invocations=134 (full 0):
 garbage-first heap   total 68608K, used 25370K [0x0000000080a00000, 0x0000000100000000)
  region size 1024K, 3 young (3072K), 3 survivors (3072K)
 Metaspace       used 21860K, capacity 22767K, committed 23040K, reserved 1069056K
  class space    used 2950K, capacity 3307K, committed 3328K, reserved 1048576K
}
Event: 908.967 GC heap before
{Heap before GC invocations=134 (full 0):
 garbage-first heap   total 68608K, used 57114K [0x0000000080a00000, 0x0000000100000000)
  region size 1024K, 34 young (34816K), 3 survivors (3072K)
 Metaspace       used 21860K, capacity 22767K, committed 23040K, reserved 1069056K
  class space    used 2950K, capacity 3307K, committed 3328K, reserved 1048576K
}
Event: 908.970 GC heap after
{Heap after GC invocations=135 (full 0):
 garbage-first heap   total 68608K, used 25374K [0x0000000080a00000, 0x0000000100000000)
  region size 1024K, 3 young (3072K), 3 survivors (3072K)
 Metaspace       used 21860K, capacity 22767K, committed 23040K, reserved 1069056K
  class space    used 2950K, capacity 3307K, committed 3328K, reserved 1048576K
}
Event: 912.336 GC heap before
{Heap before GC invocations=135 (full 0):
 garbage-first heap   total 68608K, used 57118K [0x0000000080a00000, 0x0000000100000000)
  region size 1024K, 34 young (34816K), 3 survivors (3072K)
 Metaspace       used 21860K, capacity 22767K, committed 23040K, reserved 1069056K
  class space    used 2950K, capacity 3307K, committed 3328K, reserved 1048576K
}
Event: 912.338 GC heap after
{Heap after GC invocations=136 (full 0):
 garbage-first heap   total 68608K, used 25274K [0x0000000080a00000, 0x0000000100000000)
  region size 1024K, 3 young (3072K), 3 survivors (3072K)
 Metaspace       used 21860K, capacity 22767K, committed 23040K, reserved 1069056K
  class space    used 2950K, capacity 3307K, committed 3328K, reserved 1048576K
}
Event: 915.749 GC heap before
{Heap before GC invocations=136 (full 0):
 garbage-first heap   total 68608K, used 57018K [0x0000000080a00000, 0x0000000100000000)
  region size 1024K, 34 young (34816K), 3 survivors (3072K)
 Metaspace       used 21861K, capacity 22767K, committed 23040K, reserved 1069056K
  class space    used 2950K, capacity 3307K, committed 3328K, reserved 1048576K
}
Event: 915.751 GC heap after
{Heap after GC invocations=137 (full 0):
 garbage-first heap   total 68608K, used 25279K [0x0000000080a00000, 0x0000000100000000)
  region size 1024K, 3 young (3072K), 3 survivors (3072K)
 Metaspace       used 21861K, capacity 22767K, committed 23040K, reserved 1069056K
  class space    used 2950K, capacity 3307K, committed 3328K, reserved 1048576K
}
Event: 924.801 GC heap before
{Heap before GC invocations=137 (full 0):
 garbage-first heap   total 68608K, used 57023K [0x0000000080a00000, 0x0000000100000000)
  region size 1024K, 34 young (34816K), 3 survivors (3072K)
 Metaspace       used 22006K, capacity 22971K, committed 23040K, reserved 1069056K
  class space    used 2970K, capacity 3311K, committed 3328K, reserved 1048576K
}
Event: 924.805 GC heap after
{Heap after GC invocations=138 (full 0):
 garbage-first heap   total 68608K, used 26615K [0x0000000080a00000, 0x0000000100000000)
  region size 1024K, 3 young (3072K), 3 survivors (3072K)
 Metaspace       used 22006K, capacity 22971K, committed 23040K, reserved 1069056K
  class space    used 2970K, capacity 3311K, committed 3328K, reserved 1048576K
}
Event: 928.205 GC heap before
{Heap before GC invocations=138 (full 0):
 garbage-first heap   total 68608K, used 57335K [0x0000000080a00000, 0x0000000100000000)
  region size 1024K, 33 young (33792K), 3 survivors (3072K)
 Metaspace       used 22007K, capacity 22971K, committed 23040K, reserved 1069056K
  class space    used 2970K, capacity 3311K, committed 3328K, reserved 1048576K
}
Event: 928.209 GC heap after
{Heap after GC invocations=139 (full 0):
 garbage-first heap   total 68608K, used 26632K [0x0000000080a00000, 0x0000000100000000)
  region size 1024K, 3 young (3072K), 3 survivors (3072K)
 Metaspace       used 22007K, capacity 22971K, committed 23040K, reserved 1069056K
  class space    used 2970K, capacity 3311K, committed 3328K, reserved 1048576K
}
Event: 931.589 GC heap before
{Heap before GC invocations=139 (full 0):
 garbage-first heap   total 68608K, used 57352K [0x0000000080a00000, 0x0000000100000000)
  region size 1024K, 33 young (33792K), 3 survivors (3072K)
 Metaspace       used 22032K, capacity 22984K, committed 23040K, reserved 1069056K
  class space    used 2972K, capacity 3315K, committed 3328K, reserved 1048576K
}
Event: 931.593 GC heap after
{Heap after GC invocations=140 (full 0):
 garbage-first heap   total 68608K, used 26639K [0x0000000080a00000, 0x0000000100000000)
  region size 1024K, 3 young (3072K), 3 survivors (3072K)
 Metaspace       used 22032K, capacity 22984K, committed 23040K, reserved 1069056K
  class space    used 2972K, capacity 3315K, committed 3328K, reserved 1048576K
}

Deoptimization events (20 events):
Event: 922.086 Thread 0x00000199a18cc800 DEOPT PACKING pc=0x0000019991c94c8c sp=0x0000006deb1fe230
Event: 922.086 Thread 0x00000199a18cc800 DEOPT UNPACKING pc=0x0000019989e1912f sp=0x0000006deb1fe190 mode 2
Event: 922.089 Thread 0x00000199a123e800 Uncommon trap: trap_request=0xffffff45 fr.pc=0x0000019991adc34c relative=0x000000000000010c
Event: 922.089 Thread 0x00000199a123e800 Uncommon trap: reason=unstable_if action=reinterpret pc=0x0000019991adc34c method=com.sun.javafx.geom.BoxBounds.isEmpty()Z @ 9 c2
Event: 922.089 Thread 0x00000199a123e800 DEOPT PACKING pc=0x0000019991adc34c sp=0x0000006deaefe560
Event: 922.089 Thread 0x00000199a123e800 DEOPT UNPACKING pc=0x0000019989e1912f sp=0x0000006deaefe4b0 mode 2
Event: 922.666 Thread 0x00000199a18cc800 Uncommon trap: trap_request=0xfffffff4 fr.pc=0x0000019991b209e4 relative=0x0000000000000ca4
Event: 922.666 Thread 0x00000199a18cc800 Uncommon trap: reason=null_check action=make_not_entrant pc=0x0000019991b209e4 method=javafx.scene.Node$MiscProperties.getClip()Ljavafx/scene/Node; @ 20 c2
Event: 922.666 Thread 0x00000199a18cc800 DEOPT PACKING pc=0x0000019991b209e4 sp=0x0000006deb1fdc50
Event: 922.666 Thread 0x00000199a18cc800 DEOPT UNPACKING pc=0x0000019989e1912f sp=0x0000006deb1fda68 mode 2
Event: 922.854 Thread 0x00000199a18cc800 Uncommon trap: trap_request=0xffffffde fr.pc=0x0000019991d79068 relative=0x0000000000000888
Event: 922.854 Thread 0x00000199a18cc800 Uncommon trap: reason=class_check action=maybe_recompile pc=0x0000019991d79068 method=java.util.ArrayList.equals(Ljava/lang/Object;)Z @ 8 c2
Event: 922.854 Thread 0x00000199a18cc800 DEOPT PACKING pc=0x0000019991d79068 sp=0x0000006deb1fdbf0
Event: 922.854 Thread 0x00000199a18cc800 DEOPT UNPACKING pc=0x0000019989e1912f sp=0x0000006deb1fdbb0 mode 2
Event: 922.867 Thread 0x00000199a18cc800 Uncommon trap: trap_request=0xffffff45 fr.pc=0x0000019991d46c5c relative=0x000000000000009c
Event: 922.867 Thread 0x00000199a18cc800 Uncommon trap: reason=unstable_if action=reinterpret pc=0x0000019991d46c5c method=com.sun.javafx.geom.transform.Translate2D.isIdentity()Z @ 15 c2
Event: 922.867 Thread 0x00000199a18cc800 DEOPT PACKING pc=0x0000019991d46c5c sp=0x0000006deb1fe210
Event: 922.867 Thread 0x00000199a18cc800 DEOPT UNPACKING pc=0x0000019989e1912f sp=0x0000006deb1fe198 mode 2
Event: 922.961 Thread 0x00000199b50fa000 DEOPT PACKING pc=0x000001998a973ece sp=0x0000006deb8ff0e0
Event: 922.961 Thread 0x00000199b50fa000 DEOPT UNPACKING pc=0x0000019989e1964e sp=0x0000006deb8fe5b8 mode 0

Classes unloaded (0 events):
No events

Classes redefined (0 events):
No events

Internal exceptions (20 events):
Event: 2.062 Thread 0x00000199a123e800 Exception <a 'java/lang/NoSuchMethodError'{0x00000000863e4f88}: 'java.lang.Object java.lang.invoke.DirectMethodHandle$Holder.invokeStaticInit(java.lang.Object, int)'> (0x00000000863e4f88) 
thrown [./src/hotspot/share/interpreter/linkResolver.cpp, line 766]
Event: 8.350 Thread 0x00000199a18cc800 Implicit null exception at 0x0000019991914267 to 0x0000019991914850
Event: 8.350 Thread 0x00000199a18cc800 Implicit null exception at 0x00000199918f86e4 to 0x00000199918f8cfc
Event: 10.683 Thread 0x00000199a18cc800 Exception <a 'java/lang/NoSuchMethodError'{0x000000008894a390}: 'java.lang.Object java.lang.invoke.DirectMethodHandle$Holder.invokeStatic(java.lang.Object, java.lang.Object, int, int, int, int, int, java.lang.Object)'> (0x000000008894a390) 
thrown [./src/hotspot/share/interpreter/linkResolver.cpp, line 766]
Event: 10.684 Thread 0x00000199a18cc800 Exception <a 'java/lang/NoSuchMethodError'{0x00000000889598a0}: 'java.lang.Object java.lang.invoke.DirectMethodHandle$Holder.invokeStatic(java.lang.Object, java.lang.Object, java.lang.Object, int, int, int, int, int)'> (0x00000000889598a0) 
thrown [./src/hotspot/share/interpreter/linkResolver.cpp, line 766]
Event: 10.684 Thread 0x00000199a18cc800 Exception <a 'java/lang/NoSuchMethodError'{0x000000008895f718}: 'java.lang.Object java.lang.invoke.Invokers$Holder.linkToTargetMethod(java.lang.Object, java.lang.Object, int, int, int, int, int, java.lang.Object)'> (0x000000008895f718) 
thrown [./src/hotspot/share/interpreter/linkResolver.cpp, line 766]
Event: 669.199 Thread 0x00000199a123e800 Implicit null exception at 0x0000019991c209a7 to 0x0000019991c23948
Event: 675.274 Thread 0x00000199a18cc800 Implicit null exception at 0x0000019991ba865c to 0x0000019991ba86c5
Event: 675.301 Thread 0x00000199a123e800 Implicit null exception at 0x0000019991a7eb8f to 0x0000019991a7f738
Event: 675.301 Thread 0x00000199a123e800 Implicit null exception at 0x0000019991c2a93e to 0x0000019991c2d02c
Event: 676.658 Thread 0x00000199a18cc800 Implicit null exception at 0x0000019991cc87f3 to 0x0000019991cc8ad4
Event: 676.784 Thread 0x00000199a18cc800 Implicit null exception at 0x0000019991c0e0c6 to 0x0000019991c0e714
Event: 676.786 Thread 0x00000199a123e800 Implicit null exception at 0x0000019991a43cc7 to 0x0000019991a4473d
Event: 676.792 Thread 0x00000199a18cc800 Implicit null exception at 0x0000019991c0f056 to 0x0000019991c0f5f8
Event: 680.940 Thread 0x00000199a18cc800 Implicit null exception at 0x0000019991d57fe5 to 0x0000019991d59698
Event: 922.084 Thread 0x00000199a18cc800 Implicit null exception at 0x0000019991a5a0bc to 0x0000019991a5e1f8
Event: 922.084 Thread 0x00000199a18cc800 Implicit null exception at 0x0000019991b15bf6 to 0x0000019991b16150
Event: 922.084 Thread 0x00000199a18cc800 Implicit null exception at 0x0000019991b5c3b4 to 0x0000019991b5c440
Event: 922.085 Thread 0x00000199a18cc800 Implicit null exception at 0x0000019991d89a72 to 0x0000019991d8e638
Event: 922.666 Thread 0x00000199a18cc800 Implicit null exception at 0x0000019991b1ff73 to 0x0000019991b209a4

Events (20 events):
Event: 933.959 Thread 0x00000199ad054800 Thread added: 0x00000199ad054800
Event: 933.959 Thread 0x00000199ad054800 Thread exited: 0x00000199ad054800
Event: 933.959 Thread 0x00000199ad056000 Thread added: 0x00000199ad056000
Event: 933.959 Thread 0x00000199ad056000 Thread exited: 0x00000199ad056000
Event: 933.999 Thread 0x00000199a220e000 Thread added: 0x00000199a220e000
Event: 934.001 Thread 0x00000199ad042000 Thread added: 0x00000199ad042000
Event: 934.001 Thread 0x00000199ad042000 Thread exited: 0x00000199ad042000
Event: 934.001 Thread 0x00000199a220e000 Thread exited: 0x00000199a220e000
Event: 934.001 Thread 0x00000199ad055000 Thread added: 0x00000199ad055000
Event: 934.001 Thread 0x00000199ad055000 Thread exited: 0x00000199ad055000
Event: 934.001 Thread 0x00000199ad040800 Thread added: 0x00000199ad040800
Event: 934.001 Thread 0x00000199ad055000 Thread added: 0x00000199ad055000
Event: 934.002 Thread 0x00000199ad055000 Thread exited: 0x00000199ad055000
Event: 934.002 Thread 0x00000199ad040800 Thread exited: 0x00000199ad040800
Event: 934.002 Thread 0x00000199ad056000 Thread added: 0x00000199ad056000
Event: 934.002 Thread 0x00000199ad056000 Thread exited: 0x00000199ad056000
Event: 934.037 Thread 0x00000199a11fe800 Thread added: 0x00000199a11fe800
Event: 934.037 Thread 0x00000199a11fe800 Thread exited: 0x00000199a11fe800
Event: 934.037 Thread 0x00000199a11fe800 Thread added: 0x00000199a11fe800
Event: 934.037 Thread 0x00000199a11fe800 Thread exited: 0x00000199a11fe800


Dynamic libraries:
0x00007ff6f0710000 - 0x00007ff6f071d000 	C:\Users\i-kee\.jdks\adopt-openjdk-14.0.2\bin\java.exe
0x00007ffd76eb0000 - 0x00007ffd770a5000 	C:\Windows\SYSTEM32\ntdll.dll
0x00007ffd52500000 - 0x00007ffd52512000 	C:\Program Files\Avast Software\Avast\aswhook.dll
0x00007ffd76d50000 - 0x00007ffd76e0d000 	C:\Windows\System32\KERNEL32.DLL
0x00007ffd74ae0000 - 0x00007ffd74da7000 	C:\Windows\System32\KERNELBASE.dll
0x00007ffd746c0000 - 0x00007ffd747c0000 	C:\Windows\System32\ucrtbase.dll
0x00007ffd6e4a0000 - 0x00007ffd6e4b8000 	C:\Users\i-kee\.jdks\adopt-openjdk-14.0.2\bin\jli.dll
0x00007ffd767c0000 - 0x00007ffd76960000 	C:\Windows\System32\USER32.dll
0x00007ffd748d0000 - 0x00007ffd748f2000 	C:\Windows\System32\win32u.dll
0x00007ffd76960000 - 0x00007ffd7698a000 	C:\Windows\System32\GDI32.dll
0x00007ffd74950000 - 0x00007ffd74a59000 	C:\Windows\System32\gdi32full.dll
0x00007ffd745f0000 - 0x00007ffd7468d000 	C:\Windows\System32\msvcp_win.dll
0x00007ffd6de90000 - 0x00007ffd6dea5000 	C:\Users\i-kee\.jdks\adopt-openjdk-14.0.2\bin\VCRUNTIME140.dll
0x00007ffd68dd0000 - 0x00007ffd6906b000 	C:\Windows\WinSxS\amd64_microsoft.windows.common-controls_6595b64144ccf1df_6.0.19041.488_none_ca04af081b815d21\COMCTL32.dll
0x00007ffd755b0000 - 0x00007ffd7564e000 	C:\Windows\System32\msvcrt.dll
0x00007ffd75650000 - 0x00007ffd75680000 	C:\Windows\System32\IMM32.DLL
0x00007ffd572a0000 - 0x00007ffd5733b000 	C:\Users\i-kee\.jdks\adopt-openjdk-14.0.2\bin\msvcp140.dll
0x00007ffd21960000 - 0x00007ffd224f4000 	C:\Users\i-kee\.jdks\adopt-openjdk-14.0.2\bin\server\jvm.dll
0x00007ffd76190000 - 0x00007ffd7623a000 	C:\Windows\System32\ADVAPI32.dll
0x00007ffd760f0000 - 0x00007ffd7618b000 	C:\Windows\System32\sechost.dll
0x00007ffd74ff0000 - 0x00007ffd75114000 	C:\Windows\System32\RPCRT4.dll
0x00007ffd75e30000 - 0x00007ffd75e38000 	C:\Windows\System32\PSAPI.DLL
0x00007ffd6af30000 - 0x00007ffd6af39000 	C:\Windows\SYSTEM32\WSOCK32.dll
0x00007ffd764c0000 - 0x00007ffd7652b000 	C:\Windows\System32\WS2_32.dll
0x00007ffd6b980000 - 0x00007ffd6b9a7000 	C:\Windows\SYSTEM32\WINMM.dll
0x00007ffd6ef30000 - 0x00007ffd6ef3a000 	C:\Windows\SYSTEM32\VERSION.dll
0x00007ffd72570000 - 0x00007ffd72583000 	C:\Windows\SYSTEM32\kernel.appcore.dll
0x00007ffd70550000 - 0x00007ffd7055a000 	C:\Users\i-kee\.jdks\adopt-openjdk-14.0.2\bin\jimage.dll
0x00007ffd6d880000 - 0x00007ffd6da64000 	C:\Windows\SYSTEM32\DBGHELP.DLL
0x00007ffd6d810000 - 0x00007ffd6d83c000 	C:\Windows\SYSTEM32\dbgcore.DLL
0x00007ffd74a60000 - 0x00007ffd74adf000 	C:\Windows\System32\bcryptPrimitives.dll
0x00007ffd6fab0000 - 0x00007ffd6fabe000 	C:\Users\i-kee\.jdks\adopt-openjdk-14.0.2\bin\instrument.dll
0x00007ffd69870000 - 0x00007ffd69895000 	C:\Users\i-kee\.jdks\adopt-openjdk-14.0.2\bin\java.dll
0x00007ffd6ddc0000 - 0x00007ffd6ddd6000 	C:\Users\i-kee\.jdks\adopt-openjdk-14.0.2\bin\zip.dll
0x00007ffd756e0000 - 0x00007ffd75e21000 	C:\Windows\System32\SHELL32.dll
0x00007ffd72770000 - 0x00007ffd72f03000 	C:\Windows\SYSTEM32\windows.storage.dll
0x00007ffd76990000 - 0x00007ffd76ce5000 	C:\Windows\System32\combase.dll
0x00007ffd74060000 - 0x00007ffd7408c000 	C:\Windows\SYSTEM32\Wldp.dll
0x00007ffd76240000 - 0x00007ffd762ee000 	C:\Windows\System32\SHCORE.dll
0x00007ffd76cf0000 - 0x00007ffd76d45000 	C:\Windows\System32\shlwapi.dll
0x00007ffd74520000 - 0x00007ffd74546000 	C:\Windows\SYSTEM32\profapi.dll
0x00007ffd6d4b0000 - 0x00007ffd6d4c9000 	C:\Users\i-kee\.jdks\adopt-openjdk-14.0.2\bin\net.dll
0x00007ffd6f720000 - 0x00007ffd6f820000 	C:\Windows\SYSTEM32\WINHTTP.dll
0x00007ffd73de0000 - 0x00007ffd73e4a000 	C:\Windows\system32\mswsock.dll
0x00007ffd69850000 - 0x00007ffd69862000 	C:\Users\i-kee\.jdks\adopt-openjdk-14.0.2\bin\nio.dll
0x00007ffd60b40000 - 0x00007ffd60b5a000 	C:\Program Files\JetBrains\IntelliJ IDEA 2020.2.1\bin\breakgen64.dll
0x00000199a2b40000 - 0x00000199a2b43000 	C:\JavaJDK\javafx-sdk-15\bin\api-ms-win-core-console-l1-1-0.dll
0x00000199a2b50000 - 0x00000199a2b53000 	C:\JavaJDK\javafx-sdk-15\bin\api-ms-win-core-console-l1-2-0.dll
0x00000199a2b60000 - 0x00000199a2b63000 	C:\JavaJDK\javafx-sdk-15\bin\api-ms-win-core-datetime-l1-1-0.dll
0x00000199a2b70000 - 0x00000199a2b73000 	C:\JavaJDK\javafx-sdk-15\bin\api-ms-win-core-debug-l1-1-0.dll
0x00000199a2b80000 - 0x00000199a2b83000 	C:\JavaJDK\javafx-sdk-15\bin\api-ms-win-core-errorhandling-l1-1-0.dll
0x00000199a2b90000 - 0x00000199a2b94000 	C:\JavaJDK\javafx-sdk-15\bin\api-ms-win-core-file-l1-1-0.dll
0x00000199a2ba0000 - 0x00000199a2ba3000 	C:\JavaJDK\javafx-sdk-15\bin\api-ms-win-core-file-l1-2-0.dll
0x00000199a2bb0000 - 0x00000199a2bb3000 	C:\JavaJDK\javafx-sdk-15\bin\api-ms-win-core-file-l2-1-0.dll
0x00000199a2bc0000 - 0x00000199a2bc3000 	C:\JavaJDK\javafx-sdk-15\bin\api-ms-win-core-handle-l1-1-0.dll
0x00000199a2bd0000 - 0x00000199a2bd3000 	C:\JavaJDK\javafx-sdk-15\bin\api-ms-win-core-heap-l1-1-0.dll
0x00000199a2be0000 - 0x00000199a2be3000 	C:\JavaJDK\javafx-sdk-15\bin\api-ms-win-core-interlocked-l1-1-0.dll
0x00000199a2bf0000 - 0x00000199a2bf3000 	C:\JavaJDK\javafx-sdk-15\bin\api-ms-win-core-libraryloader-l1-1-0.dll
0x00000199a2c00000 - 0x00000199a2c03000 	C:\JavaJDK\javafx-sdk-15\bin\api-ms-win-core-localization-l1-2-0.dll
0x00000199a2c10000 - 0x00000199a2c13000 	C:\JavaJDK\javafx-sdk-15\bin\api-ms-win-core-memory-l1-1-0.dll
0x00000199a2c20000 - 0x00000199a2c23000 	C:\JavaJDK\javafx-sdk-15\bin\api-ms-win-core-namedpipe-l1-1-0.dll
0x00000199a2c30000 - 0x00000199a2c33000 	C:\JavaJDK\javafx-sdk-15\bin\api-ms-win-core-processenvironment-l1-1-0.dll
0x00000199a2e70000 - 0x00000199a2e73000 	C:\JavaJDK\javafx-sdk-15\bin\api-ms-win-core-processthreads-l1-1-0.dll
0x00000199a2e80000 - 0x00000199a2e83000 	C:\JavaJDK\javafx-sdk-15\bin\api-ms-win-core-processthreads-l1-1-1.dll
0x00000199a2e90000 - 0x00000199a2e93000 	C:\JavaJDK\javafx-sdk-15\bin\api-ms-win-core-profile-l1-1-0.dll
0x00000199a2ea0000 - 0x00000199a2ea3000 	C:\JavaJDK\javafx-sdk-15\bin\api-ms-win-core-rtlsupport-l1-1-0.dll
0x00000199a2eb0000 - 0x00000199a2eb3000 	C:\JavaJDK\javafx-sdk-15\bin\api-ms-win-core-string-l1-1-0.dll
0x00000199a2ec0000 - 0x00000199a2ec3000 	C:\JavaJDK\javafx-sdk-15\bin\api-ms-win-core-synch-l1-1-0.dll
0x00000199a2ed0000 - 0x00000199a2ed3000 	C:\JavaJDK\javafx-sdk-15\bin\api-ms-win-core-synch-l1-2-0.dll
0x00000199a2ee0000 - 0x00000199a2ee3000 	C:\JavaJDK\javafx-sdk-15\bin\api-ms-win-core-sysinfo-l1-1-0.dll
0x00000199a2ef0000 - 0x00000199a2ef3000 	C:\JavaJDK\javafx-sdk-15\bin\api-ms-win-core-timezone-l1-1-0.dll
0x00000199a2d60000 - 0x00000199a2d63000 	C:\JavaJDK\javafx-sdk-15\bin\api-ms-win-core-util-l1-1-0.dll
0x00000199a2d70000 - 0x00000199a2d73000 	C:\JavaJDK\javafx-sdk-15\bin\api-ms-win-crt-conio-l1-1-0.dll
0x00000199a2d80000 - 0x00000199a2d84000 	C:\JavaJDK\javafx-sdk-15\bin\api-ms-win-crt-convert-l1-1-0.dll
0x00000199a2d90000 - 0x00000199a2d93000 	C:\JavaJDK\javafx-sdk-15\bin\api-ms-win-crt-environment-l1-1-0.dll
0x00000199a2da0000 - 0x00000199a2da3000 	C:\JavaJDK\javafx-sdk-15\bin\api-ms-win-crt-filesystem-l1-1-0.dll
0x00000199a2db0000 - 0x00000199a2db3000 	C:\JavaJDK\javafx-sdk-15\bin\api-ms-win-crt-heap-l1-1-0.dll
0x00000199a2dc0000 - 0x00000199a2dc3000 	C:\JavaJDK\javafx-sdk-15\bin\api-ms-win-crt-locale-l1-1-0.dll
0x00000199a2dd0000 - 0x00000199a2dd5000 	C:\JavaJDK\javafx-sdk-15\bin\api-ms-win-crt-math-l1-1-0.dll
0x00000199a2de0000 - 0x00000199a2de5000 	C:\JavaJDK\javafx-sdk-15\bin\api-ms-win-crt-multibyte-l1-1-0.dll
0x00000199a2df0000 - 0x00000199a2e00000 	C:\JavaJDK\javafx-sdk-15\bin\api-ms-win-crt-private-l1-1-0.dll
0x00000199a2e00000 - 0x00000199a2e03000 	C:\JavaJDK\javafx-sdk-15\bin\api-ms-win-crt-process-l1-1-0.dll
0x00000199a2e10000 - 0x00000199a2e14000 	C:\JavaJDK\javafx-sdk-15\bin\api-ms-win-crt-runtime-l1-1-0.dll
0x00000199a2e20000 - 0x00000199a2e24000 	C:\JavaJDK\javafx-sdk-15\bin\api-ms-win-crt-stdio-l1-1-0.dll
0x00000199a2e30000 - 0x00000199a2e34000 	C:\JavaJDK\javafx-sdk-15\bin\api-ms-win-crt-string-l1-1-0.dll
0x00000199a2e40000 - 0x00000199a2e43000 	C:\JavaJDK\javafx-sdk-15\bin\api-ms-win-crt-time-l1-1-0.dll
0x00000199a2c40000 - 0x00000199a2c43000 	C:\JavaJDK\javafx-sdk-15\bin\api-ms-win-crt-utility-l1-1-0.dll
0x00007ffd49250000 - 0x00007ffd4934c000 	C:\JavaJDK\javafx-sdk-15\bin\ucrtbase.dll
0x00007ffd60b20000 - 0x00007ffd60b35000 	C:\JavaJDK\javafx-sdk-15\bin\vcruntime140.dll
0x00007ffd6c880000 - 0x00007ffd6c88c000 	C:\Windows\System32\vcruntime140_1.dll
0x00007ffd56a30000 - 0x00007ffd56acb000 	C:\JavaJDK\javafx-sdk-15\bin\msvcp140.dll
0x00007ffd60af0000 - 0x00007ffd60b13000 	C:\JavaJDK\javafx-sdk-15\bin\prism_d3d.dll
0x00007ffd6c6a0000 - 0x00007ffd6c86d000 	C:\Windows\system32\d3d9.dll
0x00007ffd72280000 - 0x00007ffd722af000 	C:\Windows\SYSTEM32\dwmapi.dll
0x00007ffd720b0000 - 0x00007ffd7214f000 	C:\Windows\system32\uxtheme.dll
0x00007ffd32610000 - 0x00007ffd32712000 	C:\Windows\System32\DriverStore\FileRepository\nv_dispi.inf_amd64_edf184f24a37bacd\nvldumdx.dll
0x00007ffd74db0000 - 0x00007ffd74f0d000 	C:\Windows\System32\crypt32.dll
0x00007ffd5a850000 - 0x00007ffd5a881000 	C:\Windows\SYSTEM32\cryptnet.dll
0x00007ffd73fb0000 - 0x00007ffd73fbc000 	C:\Windows\SYSTEM32\cryptbase.dll
0x00007ffd74870000 - 0x00007ffd748d0000 	C:\Windows\System32\WINTRUST.DLL
0x00007ffd741e0000 - 0x00007ffd741f2000 	C:\Windows\SYSTEM32\MSASN1.dll
0x00007ffd75120000 - 0x00007ffd7513d000 	C:\Windows\System32\imagehlp.dll
0x00007ffd73fc0000 - 0x00007ffd73fd8000 	C:\Windows\SYSTEM32\CRYPTSP.dll
0x00007ffd73700000 - 0x00007ffd73734000 	C:\Windows\system32\rsaenh.dll
0x00007ffd74690000 - 0x00007ffd746b7000 	C:\Windows\System32\bcrypt.dll
0x00007ffd13a60000 - 0x00007ffd1547a000 	C:\Windows\System32\DriverStore\FileRepository\nv_dispi.inf_amd64_edf184f24a37bacd\nvd3dumx.dll
0x00007ffd5faf0000 - 0x00007ffd5fb35000 	C:\JavaJDK\javafx-sdk-15\bin\glass.dll
0x00007ffd74f10000 - 0x00007ffd74fea000 	C:\Windows\System32\COMDLG32.dll
0x00007ffd76390000 - 0x00007ffd764b9000 	C:\Windows\System32\ole32.dll
0x00007ffd76020000 - 0x00007ffd760ed000 	C:\Windows\System32\OLEAUT32.dll
0x00007ffd75ef0000 - 0x00007ffd76005000 	C:\Windows\System32\MSCTF.dll
0x00007ffd72f20000 - 0x00007ffd72f43000 	C:\Windows\SYSTEM32\gpapi.dll
0x00007ffd658e0000 - 0x00007ffd6591b000 	C:\Windows\SYSTEM32\dxcore.dll
0x00007ffd74900000 - 0x00007ffd7494d000 	C:\Windows\System32\cfgmgr32.dll
0x00007ffd60ad0000 - 0x00007ffd60ae4000 	C:\JavaJDK\javafx-sdk-15\bin\javafx_font.dll
0x00007ffd5ba40000 - 0x00007ffd5bcbe000 	C:\Windows\SYSTEM32\dwrite.dll
0x00007ffd75e40000 - 0x00007ffd75ee8000 	C:\Windows\System32\clbcatq.dll
0x00007ffd68a00000 - 0x00007ffd68bb4000 	C:\Windows\SYSTEM32\WindowsCodecs.dll
0x00007ffd5f260000 - 0x00007ffd5f29e000 	C:\Windows\system32\dataexchange.dll
0x00007ffd70630000 - 0x00007ffd70893000 	C:\Windows\system32\d3d11.dll
0x00007ffd714b0000 - 0x00007ffd71695000 	C:\Windows\system32\dcomp.dll
0x00007ffd72f50000 - 0x00007ffd73043000 	C:\Windows\system32\dxgi.dll
0x00007ffd6e610000 - 0x00007ffd6e817000 	C:\Windows\system32\twinapi.appcore.dll
0x00007ffd5ee90000 - 0x00007ffd5eec4000 	C:\Program Files\Common Files\Microsoft Shared\Ink\rtscom.dll
0x00007ffd58200000 - 0x00007ffd582fd000 	C:\Windows\SYSTEM32\textinputframework.dll
0x00007ffd71a20000 - 0x00007ffd71d7a000 	C:\Windows\System32\CoreUIComponents.dll
0x00007ffd71d80000 - 0x00007ffd71e72000 	C:\Windows\System32\CoreMessaging.dll
0x00007ffd73340000 - 0x00007ffd73373000 	C:\Windows\SYSTEM32\ntmarta.dll

dbghelp: loaded successfully - version: 4.0.5 - missing functions: none
symbol engine: initialized successfully - sym options: 0x614 - pdb path: .;C:\Users\i-kee\.jdks\adopt-openjdk-14.0.2\bin;C:\Windows\SYSTEM32;C:\Program Files\Avast Software\Avast;C:\Windows\WinSxS\amd64_microsoft.windows.common-controls_6595b64144ccf1df_6.0.19041.488_none_ca04af081b815d21;C:\Users\i-kee\.jdks\adopt-openjdk-14.0.2\bin\server;C:\Program Files\JetBrains\IntelliJ IDEA 2020.2.1\bin;C:\JavaJDK\javafx-sdk-15\bin;C:\Windows\System32\DriverStore\FileRepository\nv_dispi.inf_amd64_edf184f24a37bacd;C:\Program Files\Common Files\Microsoft Shared\Ink;C:\Users\i-kee\AppData\Local\Microsoft\OneDrive\20.143.0716.0003\amd64;C:\Windows\WinSxS\amd64_microsoft.windows.gdiplus_6595b64144ccf1df_1.1.19041.508_none_faefa4f37613d18e

VM Arguments:
jvm_args: --module-path=C:\JavaJDK\javafx-sdk-15\lib --add-modules=javafx.controls,javafx.fxml,javafx.media --add-exports=javafx.graphics/com.sun.javafx.sg.prism=ALL-UNNAMED --add-modules=javafx.base,javafx.graphics --add-reads=javafx.base=ALL-UNNAMED --add-reads=javafx.graphics=ALL-UNNAMED -javaagent:C:\Program Files\JetBrains\IntelliJ IDEA 2020.2.1\lib\idea_rt.jar=65282:C:\Program Files\JetBrains\IntelliJ IDEA 2020.2.1\bin -Dfile.encoding=UTF-8 
java_command: sample.Main
java_class_path (initial): C:\GitHub\JFXAmp\out\production\JFXAmp;C:\JavaJDK\javafx-sdk-15\lib\src.zip;C:\JavaJDK\javafx-sdk-15\lib\javafx-swt.jar;C:\JavaJDK\javafx-sdk-15\lib\javafx.web.jar;C:\JavaJDK\javafx-sdk-15\lib\javafx.base.jar;C:\JavaJDK\javafx-sdk-15\lib\javafx.fxml.jar;C:\JavaJDK\javafx-sdk-15\lib\javafx.media.jar;C:\JavaJDK\javafx-sdk-15\lib\javafx.swing.jar;C:\JavaJDK\javafx-sdk-15\lib\javafx.controls.jar;C:\JavaJDK\javafx-sdk-15\lib\javafx.graphics.jar
Launcher Type: SUN_STANDARD

[Global flags]
     intx CICompilerCount                          = 3                                         {product} {ergonomic}
     uint ConcGCThreads                            = 1                                         {product} {ergonomic}
     uint G1ConcRefinementThreads                  = 4                                         {product} {ergonomic}
   size_t G1HeapRegionSize                         = 1048576                                   {product} {ergonomic}
    uintx GCDrainStackTargetSize                   = 64                                        {product} {ergonomic}
   size_t InitialHeapSize                          = 134217728                                 {product} {ergonomic}
   size_t MarkStackSize                            = 4194304                                   {product} {ergonomic}
   size_t MaxHeapSize                              = 2136997888                                {product} {ergonomic}
   size_t MaxNewSize                               = 1281359872                                {product} {ergonomic}
   size_t MinHeapDeltaBytes                        = 1048576                                   {product} {ergonomic}
   size_t MinHeapSize                              = 8388608                                   {product} {ergonomic}
    uintx NonNMethodCodeHeapSize                   = 5832780                                {pd product} {ergonomic}
    uintx NonProfiledCodeHeapSize                  = 122912730                              {pd product} {ergonomic}
    uintx ProfiledCodeHeapSize                     = 122912730                              {pd product} {ergonomic}
    uintx ReservedCodeCacheSize                    = 251658240                              {pd product} {ergonomic}
     bool SegmentedCodeCache                       = true                                      {product} {ergonomic}
   size_t SoftMaxHeapSize                          = 2136997888                             {manageable} {ergonomic}
     bool UseCompressedClassPointers               = true                                 {lp64_product} {ergonomic}
     bool UseCompressedOops                        = true                                 {lp64_product} {ergonomic}
     bool UseG1GC                                  = true                                      {product} {ergonomic}
     bool UseLargePagesIndividualAllocation        = false                                  {pd product} {ergonomic}

Logging:
Log output configuration:
 #0: stdout all=warning uptime,level,tags
 #1: stderr all=off uptime,level,tags

Environment Variables:
PATH=C:\Program Files (x86)\Common Files\Oracle\Java\javapath;C:\Windows\system32;C:\Windows;C:\Windows\System32\Wbem;C:\Windows\System32\WindowsPowerShell\v1.0\;C:\Windows\System32\OpenSSH\;C:\Program Files\Git\cmd;C:\Program Files\PuTTY\;C:\Program Files (x86)\NVIDIA Corporation\PhysX\Common;C:\Users\i-kee\AppData\Local\Microsoft\WindowsApps;C:\Program Files\JetBrains\IntelliJ IDEA 2020.2.1\bin;;C:\Users\i-kee\AppData\Local\GitHubDesktop\bin
USERNAME=i-kee
OS=Windows_NT
PROCESSOR_IDENTIFIER=Intel64 Family 6 Model 58 Stepping 9, GenuineIntel



---------------  S Y S T E M  ---------------

OS: Windows 10 , 64 bit Build 19041 (10.0.19041.292)
OS uptime: 10 days 14:48 hours

CPU:total 4 (initial active 4) (4 cores per cpu, 1 threads per core) family 6 model 58 stepping 9, cmov, cx8, fxsr, mmx, sse, sse2, sse3, ssse3, sse4.1, sse4.2, popcnt, avx, aes, clmul, erms, tsc, tscinvbit, tscinv

Memory: 4k page, system-wide physical 8146M (1584M free)
TotalPageFile size 17894M (AvailPageFile size 6507M)
current process WorkingSet (physical memory assigned to process): 246M, peak: 248M
current process commit charge ("private bytes"): 320M, peak: 334M

vm_info: OpenJDK 64-Bit Server VM (14.0.2+12) for windows-amd64 JRE (14.0.2+12), built on Jul 15 2020 11:30:16 by "" with MS VC++ 15.9 (VS2017)

END.
